[2022-07-14 22:43:17,310] {taskinstance.py:1179} INFO - Dependencies all met for <TaskInstance: process_files.is_postgres_file_available manual__2022-07-14T22:43:15.940855+00:00 [queued]>
[2022-07-14 22:43:17,325] {taskinstance.py:1179} INFO - Dependencies all met for <TaskInstance: process_files.is_postgres_file_available manual__2022-07-14T22:43:15.940855+00:00 [queued]>
[2022-07-14 22:43:17,325] {taskinstance.py:1376} INFO - 
--------------------------------------------------------------------------------
[2022-07-14 22:43:17,325] {taskinstance.py:1377} INFO - Starting attempt 1 of 1
[2022-07-14 22:43:17,325] {taskinstance.py:1378} INFO - 
--------------------------------------------------------------------------------
[2022-07-14 22:43:17,345] {taskinstance.py:1397} INFO - Executing <Task(HttpSensor): is_postgres_file_available> on 2022-07-14 22:43:15.940855+00:00
[2022-07-14 22:43:17,354] {standard_task_runner.py:52} INFO - Started process 1316 to run task
[2022-07-14 22:43:17,357] {standard_task_runner.py:79} INFO - Running: ['***', 'tasks', 'run', 'process_files', 'is_postgres_file_available', 'manual__2022-07-14T22:43:15.940855+00:00', '--job-id', '9', '--raw', '--subdir', 'DAGS_FOLDER/process_files.py', '--cfg-path', '/tmp/tmpg0iklxkp', '--error-file', '/tmp/tmp9zemmt7z']
[2022-07-14 22:43:17,357] {standard_task_runner.py:80} INFO - Job 9: Subtask is_postgres_file_available
[2022-07-14 22:43:17,470] {task_command.py:371} INFO - Running <TaskInstance: process_files.is_postgres_file_available manual__2022-07-14T22:43:15.940855+00:00 [running]> on host 4bf3acff5795
[2022-07-14 22:43:17,555] {taskinstance.py:1591} INFO - Exporting the following env vars:
AIRFLOW_CTX_DAG_OWNER=***
AIRFLOW_CTX_DAG_ID=process_files
AIRFLOW_CTX_TASK_ID=is_postgres_file_available
AIRFLOW_CTX_EXECUTION_DATE=2022-07-14T22:43:15.940855+00:00
AIRFLOW_CTX_TRY_NUMBER=1
AIRFLOW_CTX_DAG_RUN_ID=manual__2022-07-14T22:43:15.940855+00:00
[2022-07-14 22:43:17,555] {http.py:97} INFO - Poking: world.sql
[2022-07-14 22:43:17,567] {base.py:68} INFO - Using connection ID 'http_api' for task execution.
[2022-07-14 22:43:17,569] {http.py:129} INFO - Sending 'GET' to url: http://github.com/tadinve/EKG-Foundations/blob/master/04A-postgress/world.sql
[2022-07-14 22:43:18,258] {base.py:301} INFO - Success criteria met. Exiting.
[2022-07-14 22:43:18,275] {taskinstance.py:1420} INFO - Marking task as SUCCESS. dag_id=process_files, task_id=is_postgres_file_available, execution_date=20220714T224315, start_date=20220714T224317, end_date=20220714T224318
[2022-07-14 22:43:18,331] {local_task_job.py:156} INFO - Task exited with return code 0
[2022-07-14 22:43:18,382] {local_task_job.py:273} INFO - 1 downstream tasks scheduled from follow-on schedule check
