[2022-07-16 19:41:35,651] {taskinstance.py:1179} INFO - Dependencies all met for <TaskInstance: process_files.setup_http_conn manual__2022-07-16T19:41:34.076708+00:00 [queued]>
[2022-07-16 19:41:35,659] {taskinstance.py:1179} INFO - Dependencies all met for <TaskInstance: process_files.setup_http_conn manual__2022-07-16T19:41:34.076708+00:00 [queued]>
[2022-07-16 19:41:35,659] {taskinstance.py:1376} INFO - 
--------------------------------------------------------------------------------
[2022-07-16 19:41:35,659] {taskinstance.py:1377} INFO - Starting attempt 1 of 1
[2022-07-16 19:41:35,659] {taskinstance.py:1378} INFO - 
--------------------------------------------------------------------------------
[2022-07-16 19:41:35,671] {taskinstance.py:1397} INFO - Executing <Task(BashOperator): setup_http_conn> on 2022-07-16 19:41:34.076708+00:00
[2022-07-16 19:41:35,677] {standard_task_runner.py:52} INFO - Started process 3358 to run task
[2022-07-16 19:41:35,679] {standard_task_runner.py:79} INFO - Running: ['***', 'tasks', 'run', 'process_files', 'setup_http_conn', 'manual__2022-07-16T19:41:34.076708+00:00', '--job-id', '29', '--raw', '--subdir', 'DAGS_FOLDER/process_files.py', '--cfg-path', '/tmp/tmptnt82vyb', '--error-file', '/tmp/tmp22rfqpaf']
[2022-07-16 19:41:35,679] {standard_task_runner.py:80} INFO - Job 29: Subtask setup_http_conn
[2022-07-16 19:41:35,726] {task_command.py:371} INFO - Running <TaskInstance: process_files.setup_http_conn manual__2022-07-16T19:41:34.076708+00:00 [running]> on host 98d7be6daedb
[2022-07-16 19:41:35,784] {taskinstance.py:1591} INFO - Exporting the following env vars:
AIRFLOW_CTX_DAG_OWNER=***
AIRFLOW_CTX_DAG_ID=process_files
AIRFLOW_CTX_TASK_ID=setup_http_conn
AIRFLOW_CTX_EXECUTION_DATE=2022-07-16T19:41:34.076708+00:00
AIRFLOW_CTX_TRY_NUMBER=1
AIRFLOW_CTX_DAG_RUN_ID=manual__2022-07-16T19:41:34.076708+00:00
[2022-07-16 19:41:35,785] {subprocess.py:62} INFO - Tmp dir root location: 
 /tmp
[2022-07-16 19:41:35,785] {subprocess.py:74} INFO - Running command: ['bash', '-c', "*** connections delete 'conn_api'\n*** connections delete 'pg_conn'\n\n\n*** connections add 'conn_api' --conn-type 'http' --conn-host 'raw.githubusercontent.com/tadinve/EKG-Foundations/master/04A-postgress/'\n\n\n*** connections add pg_conn \\\n  --conn-type 'postgres' \\\n  --conn-host '***' \\\n  --conn-login '***' \\\n  --conn-password '***' "]
[2022-07-16 19:41:35,796] {subprocess.py:85} INFO - Output:
[2022-07-16 19:41:38,019] {subprocess.py:92} INFO - Successfully deleted connection with `conn_id`=conn_api
[2022-07-16 19:41:40,474] {subprocess.py:92} INFO - Successfully deleted connection with `conn_id`=pg_conn
[2022-07-16 19:41:43,799] {subprocess.py:92} INFO - [[34m2022-07-16 19:41:43,799[0m] {[34mproviders_manager.py:[0m218} INFO[0m - Optional provider feature disabled when importing '***.providers.google.leveldb.hooks.leveldb.LevelDBHook' from 'apache-***-providers-google' package[0m
[2022-07-16 19:41:44,012] {subprocess.py:92} INFO - Successfully added `conn_id`=conn_api : http://:@raw.githubusercontent.com/tadinve/EKG-Foundations/master/04A-postgress/:
[2022-07-16 19:41:47,531] {subprocess.py:92} INFO - [[34m2022-07-16 19:41:47,530[0m] {[34mproviders_manager.py:[0m218} INFO[0m - Optional provider feature disabled when importing '***.providers.google.leveldb.hooks.leveldb.LevelDBHook' from 'apache-***-providers-google' package[0m
[2022-07-16 19:41:47,755] {subprocess.py:92} INFO - [[34m2022-07-16 19:41:47,755[0m] {[34mcrypto.py:[0m82} WARNING[0m - empty cryptography key - values will not be stored encrypted.[0m
[2022-07-16 19:41:47,763] {subprocess.py:92} INFO - Successfully added `conn_id`=pg_conn : postgres://***:******@***:
[2022-07-16 19:41:48,320] {subprocess.py:96} INFO - Command exited with return code 0
[2022-07-16 19:41:48,349] {taskinstance.py:1420} INFO - Marking task as SUCCESS. dag_id=process_files, task_id=setup_http_conn, execution_date=20220716T194134, start_date=20220716T194135, end_date=20220716T194148
[2022-07-16 19:41:48,400] {local_task_job.py:156} INFO - Task exited with return code 0
[2022-07-16 19:41:48,437] {local_task_job.py:273} INFO - 1 downstream tasks scheduled from follow-on schedule check
