[2022-07-16 20:39:08,560] {taskinstance.py:1179} INFO - Dependencies all met for <TaskInstance: process_files.download manual__2022-07-16T20:38:47.362090+00:00 [queued]>
[2022-07-16 20:39:08,569] {taskinstance.py:1179} INFO - Dependencies all met for <TaskInstance: process_files.download manual__2022-07-16T20:38:47.362090+00:00 [queued]>
[2022-07-16 20:39:08,570] {taskinstance.py:1376} INFO - 
--------------------------------------------------------------------------------
[2022-07-16 20:39:08,570] {taskinstance.py:1377} INFO - Starting attempt 1 of 1
[2022-07-16 20:39:08,570] {taskinstance.py:1378} INFO - 
--------------------------------------------------------------------------------
[2022-07-16 20:39:08,582] {taskinstance.py:1397} INFO - Executing <Task(PythonOperator): download> on 2022-07-16 20:38:47.362090+00:00
[2022-07-16 20:39:08,589] {standard_task_runner.py:52} INFO - Started process 232 to run task
[2022-07-16 20:39:08,591] {standard_task_runner.py:79} INFO - Running: ['***', 'tasks', 'run', 'process_files', 'download', 'manual__2022-07-16T20:38:47.362090+00:00', '--job-id', '42', '--raw', '--subdir', 'DAGS_FOLDER/process_files.py', '--cfg-path', '/tmp/tmpd44l_d84', '--error-file', '/tmp/tmp7y0g1dwn']
[2022-07-16 20:39:08,591] {standard_task_runner.py:80} INFO - Job 42: Subtask download
[2022-07-16 20:39:08,641] {task_command.py:371} INFO - Running <TaskInstance: process_files.download manual__2022-07-16T20:38:47.362090+00:00 [running]> on host 804a055c0652
[2022-07-16 20:39:08,702] {taskinstance.py:1591} INFO - Exporting the following env vars:
AIRFLOW_CTX_DAG_OWNER=***
AIRFLOW_CTX_DAG_ID=process_files
AIRFLOW_CTX_TASK_ID=download
AIRFLOW_CTX_EXECUTION_DATE=2022-07-16T20:38:47.362090+00:00
AIRFLOW_CTX_TRY_NUMBER=1
AIRFLOW_CTX_DAG_RUN_ID=manual__2022-07-16T20:38:47.362090+00:00
[2022-07-16 20:39:08,752] {python.py:173} INFO - Done. Returned value was: None
[2022-07-16 20:39:08,764] {taskinstance.py:1420} INFO - Marking task as SUCCESS. dag_id=process_files, task_id=download, execution_date=20220716T203847, start_date=20220716T203908, end_date=20220716T203908
[2022-07-16 20:39:08,802] {local_task_job.py:156} INFO - Task exited with return code 0
[2022-07-16 20:39:08,838] {local_task_job.py:273} INFO - 1 downstream tasks scheduled from follow-on schedule check
