[2022-07-16 20:39:07,421] {taskinstance.py:1179} INFO - Dependencies all met for <TaskInstance: process_files.is_postgres_file_available manual__2022-07-16T20:38:47.362090+00:00 [queued]>
[2022-07-16 20:39:07,431] {taskinstance.py:1179} INFO - Dependencies all met for <TaskInstance: process_files.is_postgres_file_available manual__2022-07-16T20:38:47.362090+00:00 [queued]>
[2022-07-16 20:39:07,432] {taskinstance.py:1376} INFO - 
--------------------------------------------------------------------------------
[2022-07-16 20:39:07,432] {taskinstance.py:1377} INFO - Starting attempt 1 of 1
[2022-07-16 20:39:07,432] {taskinstance.py:1378} INFO - 
--------------------------------------------------------------------------------
[2022-07-16 20:39:07,444] {taskinstance.py:1397} INFO - Executing <Task(HttpSensor): is_postgres_file_available> on 2022-07-16 20:38:47.362090+00:00
[2022-07-16 20:39:07,450] {standard_task_runner.py:52} INFO - Started process 230 to run task
[2022-07-16 20:39:07,452] {standard_task_runner.py:79} INFO - Running: ['***', 'tasks', 'run', 'process_files', 'is_postgres_file_available', 'manual__2022-07-16T20:38:47.362090+00:00', '--job-id', '41', '--raw', '--subdir', 'DAGS_FOLDER/process_files.py', '--cfg-path', '/tmp/tmpxcvfz49p', '--error-file', '/tmp/tmpeg3y3equ']
[2022-07-16 20:39:07,453] {standard_task_runner.py:80} INFO - Job 41: Subtask is_postgres_file_available
[2022-07-16 20:39:07,505] {task_command.py:371} INFO - Running <TaskInstance: process_files.is_postgres_file_available manual__2022-07-16T20:38:47.362090+00:00 [running]> on host 804a055c0652
[2022-07-16 20:39:07,565] {taskinstance.py:1591} INFO - Exporting the following env vars:
AIRFLOW_CTX_DAG_OWNER=***
AIRFLOW_CTX_DAG_ID=process_files
AIRFLOW_CTX_TASK_ID=is_postgres_file_available
AIRFLOW_CTX_EXECUTION_DATE=2022-07-16T20:38:47.362090+00:00
AIRFLOW_CTX_TRY_NUMBER=1
AIRFLOW_CTX_DAG_RUN_ID=manual__2022-07-16T20:38:47.362090+00:00
[2022-07-16 20:39:07,565] {http.py:97} INFO - Poking: create_world.sql
[2022-07-16 20:39:07,575] {base.py:68} INFO - Using connection ID 'http_api' for task execution.
[2022-07-16 20:39:07,576] {http.py:129} INFO - Sending 'GET' to url: http://raw.githubusercontent.com/tadinve/EKG-Foundations/master/04A-postgress/create_world.sql
[2022-07-16 20:39:07,785] {base.py:301} INFO - Success criteria met. Exiting.
[2022-07-16 20:39:07,798] {taskinstance.py:1420} INFO - Marking task as SUCCESS. dag_id=process_files, task_id=is_postgres_file_available, execution_date=20220716T203847, start_date=20220716T203907, end_date=20220716T203907
[2022-07-16 20:39:07,824] {local_task_job.py:156} INFO - Task exited with return code 0
[2022-07-16 20:39:07,868] {local_task_job.py:273} INFO - 1 downstream tasks scheduled from follow-on schedule check
