[2022-07-16 19:37:38,579] {taskinstance.py:1179} INFO - Dependencies all met for <TaskInstance: process_files.download manual__2022-07-16T19:37:23.025403+00:00 [queued]>
[2022-07-16 19:37:38,589] {taskinstance.py:1179} INFO - Dependencies all met for <TaskInstance: process_files.download manual__2022-07-16T19:37:23.025403+00:00 [queued]>
[2022-07-16 19:37:38,589] {taskinstance.py:1376} INFO - 
--------------------------------------------------------------------------------
[2022-07-16 19:37:38,589] {taskinstance.py:1377} INFO - Starting attempt 1 of 1
[2022-07-16 19:37:38,590] {taskinstance.py:1378} INFO - 
--------------------------------------------------------------------------------
[2022-07-16 19:37:38,602] {taskinstance.py:1397} INFO - Executing <Task(PythonOperator): download> on 2022-07-16 19:37:23.025403+00:00
[2022-07-16 19:37:38,608] {standard_task_runner.py:52} INFO - Started process 3091 to run task
[2022-07-16 19:37:38,610] {standard_task_runner.py:79} INFO - Running: ['***', 'tasks', 'run', 'process_files', 'download', 'manual__2022-07-16T19:37:23.025403+00:00', '--job-id', '23', '--raw', '--subdir', 'DAGS_FOLDER/process_files.py', '--cfg-path', '/tmp/tmpo4xm10sm', '--error-file', '/tmp/tmpc9fxe85t']
[2022-07-16 19:37:38,610] {standard_task_runner.py:80} INFO - Job 23: Subtask download
[2022-07-16 19:37:38,661] {task_command.py:371} INFO - Running <TaskInstance: process_files.download manual__2022-07-16T19:37:23.025403+00:00 [running]> on host 98d7be6daedb
[2022-07-16 19:37:38,726] {taskinstance.py:1591} INFO - Exporting the following env vars:
AIRFLOW_CTX_DAG_OWNER=***
AIRFLOW_CTX_DAG_ID=process_files
AIRFLOW_CTX_TASK_ID=download
AIRFLOW_CTX_EXECUTION_DATE=2022-07-16T19:37:23.025403+00:00
AIRFLOW_CTX_TRY_NUMBER=1
AIRFLOW_CTX_DAG_RUN_ID=manual__2022-07-16T19:37:23.025403+00:00
[2022-07-16 19:37:38,794] {python.py:173} INFO - Done. Returned value was: None
[2022-07-16 19:37:38,807] {taskinstance.py:1420} INFO - Marking task as SUCCESS. dag_id=process_files, task_id=download, execution_date=20220716T193723, start_date=20220716T193738, end_date=20220716T193738
[2022-07-16 19:37:38,862] {local_task_job.py:156} INFO - Task exited with return code 0
[2022-07-16 19:37:38,899] {local_task_job.py:273} INFO - 1 downstream tasks scheduled from follow-on schedule check
