[2022-07-14 23:08:11,350] {taskinstance.py:1179} INFO - Dependencies all met for <TaskInstance: process_files.download manual__2022-07-14T23:08:07.559479+00:00 [queued]>
[2022-07-14 23:08:11,362] {taskinstance.py:1179} INFO - Dependencies all met for <TaskInstance: process_files.download manual__2022-07-14T23:08:07.559479+00:00 [queued]>
[2022-07-14 23:08:11,362] {taskinstance.py:1376} INFO - 
--------------------------------------------------------------------------------
[2022-07-14 23:08:11,362] {taskinstance.py:1377} INFO - Starting attempt 1 of 1
[2022-07-14 23:08:11,362] {taskinstance.py:1378} INFO - 
--------------------------------------------------------------------------------
[2022-07-14 23:08:11,377] {taskinstance.py:1397} INFO - Executing <Task(PythonOperator): download> on 2022-07-14 23:08:07.559479+00:00
[2022-07-14 23:08:11,385] {standard_task_runner.py:52} INFO - Started process 2467 to run task
[2022-07-14 23:08:11,388] {standard_task_runner.py:79} INFO - Running: ['***', 'tasks', 'run', 'process_files', 'download', 'manual__2022-07-14T23:08:07.559479+00:00', '--job-id', '16', '--raw', '--subdir', 'DAGS_FOLDER/process_files.py', '--cfg-path', '/tmp/tmp_4vr2guc', '--error-file', '/tmp/tmpzzqvyh6h']
[2022-07-14 23:08:11,388] {standard_task_runner.py:80} INFO - Job 16: Subtask download
[2022-07-14 23:08:11,478] {task_command.py:371} INFO - Running <TaskInstance: process_files.download manual__2022-07-14T23:08:07.559479+00:00 [running]> on host 4bf3acff5795
[2022-07-14 23:08:11,551] {taskinstance.py:1591} INFO - Exporting the following env vars:
AIRFLOW_CTX_DAG_OWNER=***
AIRFLOW_CTX_DAG_ID=process_files
AIRFLOW_CTX_TASK_ID=download
AIRFLOW_CTX_EXECUTION_DATE=2022-07-14T23:08:07.559479+00:00
AIRFLOW_CTX_TRY_NUMBER=1
AIRFLOW_CTX_DAG_RUN_ID=manual__2022-07-14T23:08:07.559479+00:00
[2022-07-14 23:08:11,774] {python.py:173} INFO - Done. Returned value was: None
[2022-07-14 23:08:11,790] {taskinstance.py:1420} INFO - Marking task as SUCCESS. dag_id=process_files, task_id=download, execution_date=20220714T230807, start_date=20220714T230811, end_date=20220714T230811
[2022-07-14 23:08:11,840] {local_task_job.py:156} INFO - Task exited with return code 0
[2022-07-14 23:08:11,889] {local_task_job.py:273} INFO - 1 downstream tasks scheduled from follow-on schedule check
