[2022-07-16 19:37:37,852] {taskinstance.py:1179} INFO - Dependencies all met for <TaskInstance: process_files.is_postgres_file_available manual__2022-07-16T19:37:23.025403+00:00 [queued]>
[2022-07-16 19:37:37,860] {taskinstance.py:1179} INFO - Dependencies all met for <TaskInstance: process_files.is_postgres_file_available manual__2022-07-16T19:37:23.025403+00:00 [queued]>
[2022-07-16 19:37:37,860] {taskinstance.py:1376} INFO - 
--------------------------------------------------------------------------------
[2022-07-16 19:37:37,860] {taskinstance.py:1377} INFO - Starting attempt 1 of 1
[2022-07-16 19:37:37,861] {taskinstance.py:1378} INFO - 
--------------------------------------------------------------------------------
[2022-07-16 19:37:37,872] {taskinstance.py:1397} INFO - Executing <Task(HttpSensor): is_postgres_file_available> on 2022-07-16 19:37:23.025403+00:00
[2022-07-16 19:37:37,878] {standard_task_runner.py:52} INFO - Started process 3089 to run task
[2022-07-16 19:37:37,880] {standard_task_runner.py:79} INFO - Running: ['***', 'tasks', 'run', 'process_files', 'is_postgres_file_available', 'manual__2022-07-16T19:37:23.025403+00:00', '--job-id', '22', '--raw', '--subdir', 'DAGS_FOLDER/process_files.py', '--cfg-path', '/tmp/tmpl1xgp6s0', '--error-file', '/tmp/tmp09f_08im']
[2022-07-16 19:37:37,881] {standard_task_runner.py:80} INFO - Job 22: Subtask is_postgres_file_available
[2022-07-16 19:37:37,932] {task_command.py:371} INFO - Running <TaskInstance: process_files.is_postgres_file_available manual__2022-07-16T19:37:23.025403+00:00 [running]> on host 98d7be6daedb
[2022-07-16 19:37:38,001] {taskinstance.py:1591} INFO - Exporting the following env vars:
AIRFLOW_CTX_DAG_OWNER=***
AIRFLOW_CTX_DAG_ID=process_files
AIRFLOW_CTX_TASK_ID=is_postgres_file_available
AIRFLOW_CTX_EXECUTION_DATE=2022-07-16T19:37:23.025403+00:00
AIRFLOW_CTX_TRY_NUMBER=1
AIRFLOW_CTX_DAG_RUN_ID=manual__2022-07-16T19:37:23.025403+00:00
[2022-07-16 19:37:38,001] {http.py:97} INFO - Poking: create_world.sql
[2022-07-16 19:37:38,009] {base.py:68} INFO - Using connection ID 'http_api' for task execution.
[2022-07-16 19:37:38,010] {http.py:129} INFO - Sending 'GET' to url: http://raw.githubusercontent.com/tadinve/EKG-Foundations/master/04A-postgress/create_world.sql
[2022-07-16 19:37:38,212] {base.py:301} INFO - Success criteria met. Exiting.
[2022-07-16 19:37:38,225] {taskinstance.py:1420} INFO - Marking task as SUCCESS. dag_id=process_files, task_id=is_postgres_file_available, execution_date=20220716T193723, start_date=20220716T193737, end_date=20220716T193738
[2022-07-16 19:37:38,252] {local_task_job.py:156} INFO - Task exited with return code 0
[2022-07-16 19:37:38,296] {local_task_job.py:273} INFO - 1 downstream tasks scheduled from follow-on schedule check
