[2022-07-14 22:43:19,556] {taskinstance.py:1179} INFO - Dependencies all met for <TaskInstance: process_files.download manual__2022-07-14T22:43:15.940855+00:00 [queued]>
[2022-07-14 22:43:19,570] {taskinstance.py:1179} INFO - Dependencies all met for <TaskInstance: process_files.download manual__2022-07-14T22:43:15.940855+00:00 [queued]>
[2022-07-14 22:43:19,570] {taskinstance.py:1376} INFO - 
--------------------------------------------------------------------------------
[2022-07-14 22:43:19,571] {taskinstance.py:1377} INFO - Starting attempt 1 of 1
[2022-07-14 22:43:19,571] {taskinstance.py:1378} INFO - 
--------------------------------------------------------------------------------
[2022-07-14 22:43:19,585] {taskinstance.py:1397} INFO - Executing <Task(PythonOperator): download> on 2022-07-14 22:43:15.940855+00:00
[2022-07-14 22:43:19,593] {standard_task_runner.py:52} INFO - Started process 1318 to run task
[2022-07-14 22:43:19,596] {standard_task_runner.py:79} INFO - Running: ['***', 'tasks', 'run', 'process_files', 'download', 'manual__2022-07-14T22:43:15.940855+00:00', '--job-id', '10', '--raw', '--subdir', 'DAGS_FOLDER/process_files.py', '--cfg-path', '/tmp/tmprdgbwdw_', '--error-file', '/tmp/tmpvb7c0iec']
[2022-07-14 22:43:19,597] {standard_task_runner.py:80} INFO - Job 10: Subtask download
[2022-07-14 22:43:19,667] {task_command.py:371} INFO - Running <TaskInstance: process_files.download manual__2022-07-14T22:43:15.940855+00:00 [running]> on host 4bf3acff5795
[2022-07-14 22:43:19,749] {taskinstance.py:1591} INFO - Exporting the following env vars:
AIRFLOW_CTX_DAG_OWNER=***
AIRFLOW_CTX_DAG_ID=process_files
AIRFLOW_CTX_TASK_ID=download
AIRFLOW_CTX_EXECUTION_DATE=2022-07-14T22:43:15.940855+00:00
AIRFLOW_CTX_TRY_NUMBER=1
AIRFLOW_CTX_DAG_RUN_ID=manual__2022-07-14T22:43:15.940855+00:00
[2022-07-14 22:43:19,820] {logging_mixin.py:115} INFO - <Response [200]>
[2022-07-14 22:43:19,821] {python.py:173} INFO - Done. Returned value was: None
[2022-07-14 22:43:19,835] {taskinstance.py:1420} INFO - Marking task as SUCCESS. dag_id=process_files, task_id=download, execution_date=20220714T224315, start_date=20220714T224319, end_date=20220714T224319
[2022-07-14 22:43:19,888] {local_task_job.py:156} INFO - Task exited with return code 0
[2022-07-14 22:43:19,925] {local_task_job.py:273} INFO - 1 downstream tasks scheduled from follow-on schedule check
