[2022-07-14 22:12:04,693] {processor.py:153} INFO - Started process (PID=73) to work on /home/airflow/.local/lib/python3.7/site-packages/airflow/example_dags/example_bash_operator.py
[2022-07-14 22:12:04,694] {processor.py:641} INFO - Processing file /home/airflow/.local/lib/python3.7/site-packages/airflow/example_dags/example_bash_operator.py for tasks to queue
[2022-07-14 22:12:04,694] {logging_mixin.py:115} INFO - [2022-07-14 22:12:04,694] {dagbag.py:508} INFO - Filling up the DagBag from /home/airflow/.local/lib/python3.7/site-packages/airflow/example_dags/example_bash_operator.py
[2022-07-14 22:12:04,717] {processor.py:651} INFO - DAG(s) dict_keys(['example_bash_operator']) retrieved from /home/airflow/.local/lib/python3.7/site-packages/airflow/example_dags/example_bash_operator.py
[2022-07-14 22:12:05,118] {logging_mixin.py:115} INFO - [2022-07-14 22:12:05,118] {manager.py:508} INFO - Created Permission View: can edit on DAG:example_bash_operator
[2022-07-14 22:12:05,134] {logging_mixin.py:115} INFO - [2022-07-14 22:12:05,134] {manager.py:508} INFO - Created Permission View: can read on DAG:example_bash_operator
[2022-07-14 22:12:05,146] {logging_mixin.py:115} INFO - [2022-07-14 22:12:05,146] {manager.py:508} INFO - Created Permission View: can delete on DAG:example_bash_operator
[2022-07-14 22:12:05,146] {logging_mixin.py:115} INFO - [2022-07-14 22:12:05,146] {dag.py:2420} INFO - Sync 1 DAGs
[2022-07-14 22:12:05,159] {logging_mixin.py:115} INFO - [2022-07-14 22:12:05,159] {dag.py:2439} INFO - Creating ORM DAG for example_bash_operator
[2022-07-14 22:12:05,181] {logging_mixin.py:115} INFO - [2022-07-14 22:12:05,181] {dag.py:2972} INFO - Setting next_dagrun for example_bash_operator to 2022-07-13T00:00:00+00:00, run_after=2022-07-14T00:00:00+00:00
[2022-07-14 22:12:05,214] {processor.py:161} INFO - Processing /home/airflow/.local/lib/python3.7/site-packages/airflow/example_dags/example_bash_operator.py took 0.525 seconds
[2022-07-14 22:12:35,388] {processor.py:153} INFO - Started process (PID=126) to work on /home/airflow/.local/lib/python3.7/site-packages/airflow/example_dags/example_bash_operator.py
[2022-07-14 22:12:35,389] {processor.py:641} INFO - Processing file /home/airflow/.local/lib/python3.7/site-packages/airflow/example_dags/example_bash_operator.py for tasks to queue
[2022-07-14 22:12:35,390] {logging_mixin.py:115} INFO - [2022-07-14 22:12:35,390] {dagbag.py:508} INFO - Filling up the DagBag from /home/airflow/.local/lib/python3.7/site-packages/airflow/example_dags/example_bash_operator.py
[2022-07-14 22:12:35,404] {processor.py:651} INFO - DAG(s) dict_keys(['example_bash_operator']) retrieved from /home/airflow/.local/lib/python3.7/site-packages/airflow/example_dags/example_bash_operator.py
[2022-07-14 22:12:35,457] {logging_mixin.py:115} INFO - [2022-07-14 22:12:35,457] {dag.py:2420} INFO - Sync 1 DAGs
[2022-07-14 22:12:35,499] {logging_mixin.py:115} INFO - [2022-07-14 22:12:35,499] {dag.py:2972} INFO - Setting next_dagrun for example_bash_operator to 2022-07-13T00:00:00+00:00, run_after=2022-07-14T00:00:00+00:00
[2022-07-14 22:12:35,527] {processor.py:161} INFO - Processing /home/airflow/.local/lib/python3.7/site-packages/airflow/example_dags/example_bash_operator.py took 0.142 seconds
[2022-07-14 22:13:05,577] {processor.py:153} INFO - Started process (PID=188) to work on /home/airflow/.local/lib/python3.7/site-packages/airflow/example_dags/example_bash_operator.py
[2022-07-14 22:13:05,577] {processor.py:641} INFO - Processing file /home/airflow/.local/lib/python3.7/site-packages/airflow/example_dags/example_bash_operator.py for tasks to queue
[2022-07-14 22:13:05,578] {logging_mixin.py:115} INFO - [2022-07-14 22:13:05,577] {dagbag.py:508} INFO - Filling up the DagBag from /home/airflow/.local/lib/python3.7/site-packages/airflow/example_dags/example_bash_operator.py
[2022-07-14 22:13:05,592] {processor.py:651} INFO - DAG(s) dict_keys(['example_bash_operator']) retrieved from /home/airflow/.local/lib/python3.7/site-packages/airflow/example_dags/example_bash_operator.py
[2022-07-14 22:13:05,627] {logging_mixin.py:115} INFO - [2022-07-14 22:13:05,627] {dag.py:2420} INFO - Sync 1 DAGs
[2022-07-14 22:13:05,660] {logging_mixin.py:115} INFO - [2022-07-14 22:13:05,660] {dag.py:2972} INFO - Setting next_dagrun for example_bash_operator to 2022-07-13T00:00:00+00:00, run_after=2022-07-14T00:00:00+00:00
[2022-07-14 22:13:05,676] {processor.py:161} INFO - Processing /home/airflow/.local/lib/python3.7/site-packages/airflow/example_dags/example_bash_operator.py took 0.102 seconds
[2022-07-14 22:13:36,285] {processor.py:153} INFO - Started process (PID=240) to work on /home/airflow/.local/lib/python3.7/site-packages/airflow/example_dags/example_bash_operator.py
[2022-07-14 22:13:36,286] {processor.py:641} INFO - Processing file /home/airflow/.local/lib/python3.7/site-packages/airflow/example_dags/example_bash_operator.py for tasks to queue
[2022-07-14 22:13:36,287] {logging_mixin.py:115} INFO - [2022-07-14 22:13:36,287] {dagbag.py:508} INFO - Filling up the DagBag from /home/airflow/.local/lib/python3.7/site-packages/airflow/example_dags/example_bash_operator.py
[2022-07-14 22:13:36,301] {processor.py:651} INFO - DAG(s) dict_keys(['example_bash_operator']) retrieved from /home/airflow/.local/lib/python3.7/site-packages/airflow/example_dags/example_bash_operator.py
[2022-07-14 22:13:36,330] {logging_mixin.py:115} INFO - [2022-07-14 22:13:36,330] {dag.py:2420} INFO - Sync 1 DAGs
[2022-07-14 22:13:36,354] {logging_mixin.py:115} INFO - [2022-07-14 22:13:36,354] {dag.py:2972} INFO - Setting next_dagrun for example_bash_operator to 2022-07-13T00:00:00+00:00, run_after=2022-07-14T00:00:00+00:00
[2022-07-14 22:13:36,366] {processor.py:161} INFO - Processing /home/airflow/.local/lib/python3.7/site-packages/airflow/example_dags/example_bash_operator.py took 0.084 seconds
[2022-07-14 22:14:06,785] {processor.py:153} INFO - Started process (PID=301) to work on /home/airflow/.local/lib/python3.7/site-packages/airflow/example_dags/example_bash_operator.py
[2022-07-14 22:14:06,786] {processor.py:641} INFO - Processing file /home/airflow/.local/lib/python3.7/site-packages/airflow/example_dags/example_bash_operator.py for tasks to queue
[2022-07-14 22:14:06,787] {logging_mixin.py:115} INFO - [2022-07-14 22:14:06,787] {dagbag.py:508} INFO - Filling up the DagBag from /home/airflow/.local/lib/python3.7/site-packages/airflow/example_dags/example_bash_operator.py
[2022-07-14 22:14:06,800] {processor.py:651} INFO - DAG(s) dict_keys(['example_bash_operator']) retrieved from /home/airflow/.local/lib/python3.7/site-packages/airflow/example_dags/example_bash_operator.py
[2022-07-14 22:14:06,827] {logging_mixin.py:115} INFO - [2022-07-14 22:14:06,827] {dag.py:2420} INFO - Sync 1 DAGs
[2022-07-14 22:14:06,852] {logging_mixin.py:115} INFO - [2022-07-14 22:14:06,852] {dag.py:2972} INFO - Setting next_dagrun for example_bash_operator to 2022-07-13T00:00:00+00:00, run_after=2022-07-14T00:00:00+00:00
[2022-07-14 22:14:06,863] {processor.py:161} INFO - Processing /home/airflow/.local/lib/python3.7/site-packages/airflow/example_dags/example_bash_operator.py took 0.081 seconds
[2022-07-14 22:14:37,203] {processor.py:153} INFO - Started process (PID=362) to work on /home/airflow/.local/lib/python3.7/site-packages/airflow/example_dags/example_bash_operator.py
[2022-07-14 22:14:37,204] {processor.py:641} INFO - Processing file /home/airflow/.local/lib/python3.7/site-packages/airflow/example_dags/example_bash_operator.py for tasks to queue
[2022-07-14 22:14:37,205] {logging_mixin.py:115} INFO - [2022-07-14 22:14:37,205] {dagbag.py:508} INFO - Filling up the DagBag from /home/airflow/.local/lib/python3.7/site-packages/airflow/example_dags/example_bash_operator.py
[2022-07-14 22:14:37,216] {processor.py:651} INFO - DAG(s) dict_keys(['example_bash_operator']) retrieved from /home/airflow/.local/lib/python3.7/site-packages/airflow/example_dags/example_bash_operator.py
[2022-07-14 22:14:37,241] {logging_mixin.py:115} INFO - [2022-07-14 22:14:37,241] {dag.py:2420} INFO - Sync 1 DAGs
[2022-07-14 22:14:37,266] {logging_mixin.py:115} INFO - [2022-07-14 22:14:37,266] {dag.py:2972} INFO - Setting next_dagrun for example_bash_operator to 2022-07-13T00:00:00+00:00, run_after=2022-07-14T00:00:00+00:00
[2022-07-14 22:14:37,278] {processor.py:161} INFO - Processing /home/airflow/.local/lib/python3.7/site-packages/airflow/example_dags/example_bash_operator.py took 0.077 seconds
