[2022-07-14 22:12:07,999] {processor.py:153} INFO - Started process (PID=86) to work on /home/airflow/.local/lib/python3.7/site-packages/airflow/example_dags/example_local_kubernetes_executor.py
[2022-07-14 22:12:08,000] {processor.py:641} INFO - Processing file /home/airflow/.local/lib/python3.7/site-packages/airflow/example_dags/example_local_kubernetes_executor.py for tasks to queue
[2022-07-14 22:12:08,001] {logging_mixin.py:115} INFO - [2022-07-14 22:12:08,000] {dagbag.py:508} INFO - Filling up the DagBag from /home/airflow/.local/lib/python3.7/site-packages/airflow/example_dags/example_local_kubernetes_executor.py
[2022-07-14 22:12:08,024] {processor.py:651} INFO - DAG(s) dict_keys(['example_local_kubernetes_executor']) retrieved from /home/airflow/.local/lib/python3.7/site-packages/airflow/example_dags/example_local_kubernetes_executor.py
[2022-07-14 22:12:08,361] {logging_mixin.py:115} INFO - [2022-07-14 22:12:08,361] {manager.py:508} INFO - Created Permission View: can edit on DAG:example_local_kubernetes_executor
[2022-07-14 22:12:08,380] {logging_mixin.py:115} INFO - [2022-07-14 22:12:08,380] {manager.py:508} INFO - Created Permission View: can read on DAG:example_local_kubernetes_executor
[2022-07-14 22:12:08,394] {logging_mixin.py:115} INFO - [2022-07-14 22:12:08,394] {manager.py:508} INFO - Created Permission View: can delete on DAG:example_local_kubernetes_executor
[2022-07-14 22:12:08,395] {logging_mixin.py:115} INFO - [2022-07-14 22:12:08,395] {dag.py:2420} INFO - Sync 1 DAGs
[2022-07-14 22:12:08,407] {logging_mixin.py:115} INFO - [2022-07-14 22:12:08,407] {dag.py:2439} INFO - Creating ORM DAG for example_local_kubernetes_executor
[2022-07-14 22:12:08,426] {logging_mixin.py:115} INFO - [2022-07-14 22:12:08,426] {dag.py:2972} INFO - Setting next_dagrun for example_local_kubernetes_executor to None, run_after=None
[2022-07-14 22:12:08,451] {processor.py:161} INFO - Processing /home/airflow/.local/lib/python3.7/site-packages/airflow/example_dags/example_local_kubernetes_executor.py took 0.456 seconds
[2022-07-14 22:12:38,627] {processor.py:153} INFO - Started process (PID=148) to work on /home/airflow/.local/lib/python3.7/site-packages/airflow/example_dags/example_local_kubernetes_executor.py
[2022-07-14 22:12:38,629] {processor.py:641} INFO - Processing file /home/airflow/.local/lib/python3.7/site-packages/airflow/example_dags/example_local_kubernetes_executor.py for tasks to queue
[2022-07-14 22:12:38,630] {logging_mixin.py:115} INFO - [2022-07-14 22:12:38,630] {dagbag.py:508} INFO - Filling up the DagBag from /home/airflow/.local/lib/python3.7/site-packages/airflow/example_dags/example_local_kubernetes_executor.py
[2022-07-14 22:12:38,660] {processor.py:651} INFO - DAG(s) dict_keys(['example_local_kubernetes_executor']) retrieved from /home/airflow/.local/lib/python3.7/site-packages/airflow/example_dags/example_local_kubernetes_executor.py
[2022-07-14 22:12:38,700] {logging_mixin.py:115} INFO - [2022-07-14 22:12:38,700] {dag.py:2420} INFO - Sync 1 DAGs
[2022-07-14 22:12:38,744] {logging_mixin.py:115} INFO - [2022-07-14 22:12:38,744] {dag.py:2972} INFO - Setting next_dagrun for example_local_kubernetes_executor to None, run_after=None
[2022-07-14 22:12:38,769] {processor.py:161} INFO - Processing /home/airflow/.local/lib/python3.7/site-packages/airflow/example_dags/example_local_kubernetes_executor.py took 0.146 seconds
[2022-07-14 22:13:09,662] {processor.py:153} INFO - Started process (PID=201) to work on /home/airflow/.local/lib/python3.7/site-packages/airflow/example_dags/example_local_kubernetes_executor.py
[2022-07-14 22:13:09,663] {processor.py:641} INFO - Processing file /home/airflow/.local/lib/python3.7/site-packages/airflow/example_dags/example_local_kubernetes_executor.py for tasks to queue
[2022-07-14 22:13:09,663] {logging_mixin.py:115} INFO - [2022-07-14 22:13:09,663] {dagbag.py:508} INFO - Filling up the DagBag from /home/airflow/.local/lib/python3.7/site-packages/airflow/example_dags/example_local_kubernetes_executor.py
[2022-07-14 22:13:09,682] {processor.py:651} INFO - DAG(s) dict_keys(['example_local_kubernetes_executor']) retrieved from /home/airflow/.local/lib/python3.7/site-packages/airflow/example_dags/example_local_kubernetes_executor.py
[2022-07-14 22:13:09,713] {logging_mixin.py:115} INFO - [2022-07-14 22:13:09,713] {dag.py:2420} INFO - Sync 1 DAGs
[2022-07-14 22:13:09,741] {logging_mixin.py:115} INFO - [2022-07-14 22:13:09,741] {dag.py:2972} INFO - Setting next_dagrun for example_local_kubernetes_executor to None, run_after=None
[2022-07-14 22:13:09,755] {processor.py:161} INFO - Processing /home/airflow/.local/lib/python3.7/site-packages/airflow/example_dags/example_local_kubernetes_executor.py took 0.096 seconds
[2022-07-14 22:13:40,098] {processor.py:153} INFO - Started process (PID=262) to work on /home/airflow/.local/lib/python3.7/site-packages/airflow/example_dags/example_local_kubernetes_executor.py
[2022-07-14 22:13:40,098] {processor.py:641} INFO - Processing file /home/airflow/.local/lib/python3.7/site-packages/airflow/example_dags/example_local_kubernetes_executor.py for tasks to queue
[2022-07-14 22:13:40,098] {logging_mixin.py:115} INFO - [2022-07-14 22:13:40,098] {dagbag.py:508} INFO - Filling up the DagBag from /home/airflow/.local/lib/python3.7/site-packages/airflow/example_dags/example_local_kubernetes_executor.py
[2022-07-14 22:13:40,114] {processor.py:651} INFO - DAG(s) dict_keys(['example_local_kubernetes_executor']) retrieved from /home/airflow/.local/lib/python3.7/site-packages/airflow/example_dags/example_local_kubernetes_executor.py
[2022-07-14 22:13:40,138] {logging_mixin.py:115} INFO - [2022-07-14 22:13:40,138] {dag.py:2420} INFO - Sync 1 DAGs
[2022-07-14 22:13:40,163] {logging_mixin.py:115} INFO - [2022-07-14 22:13:40,163] {dag.py:2972} INFO - Setting next_dagrun for example_local_kubernetes_executor to None, run_after=None
[2022-07-14 22:13:40,175] {processor.py:161} INFO - Processing /home/airflow/.local/lib/python3.7/site-packages/airflow/example_dags/example_local_kubernetes_executor.py took 0.080 seconds
[2022-07-14 22:14:10,568] {processor.py:153} INFO - Started process (PID=314) to work on /home/airflow/.local/lib/python3.7/site-packages/airflow/example_dags/example_local_kubernetes_executor.py
[2022-07-14 22:14:10,569] {processor.py:641} INFO - Processing file /home/airflow/.local/lib/python3.7/site-packages/airflow/example_dags/example_local_kubernetes_executor.py for tasks to queue
[2022-07-14 22:14:10,569] {logging_mixin.py:115} INFO - [2022-07-14 22:14:10,569] {dagbag.py:508} INFO - Filling up the DagBag from /home/airflow/.local/lib/python3.7/site-packages/airflow/example_dags/example_local_kubernetes_executor.py
[2022-07-14 22:14:10,589] {processor.py:651} INFO - DAG(s) dict_keys(['example_local_kubernetes_executor']) retrieved from /home/airflow/.local/lib/python3.7/site-packages/airflow/example_dags/example_local_kubernetes_executor.py
[2022-07-14 22:14:10,618] {logging_mixin.py:115} INFO - [2022-07-14 22:14:10,618] {dag.py:2420} INFO - Sync 1 DAGs
[2022-07-14 22:14:10,641] {logging_mixin.py:115} INFO - [2022-07-14 22:14:10,641] {dag.py:2972} INFO - Setting next_dagrun for example_local_kubernetes_executor to None, run_after=None
[2022-07-14 22:14:10,653] {processor.py:161} INFO - Processing /home/airflow/.local/lib/python3.7/site-packages/airflow/example_dags/example_local_kubernetes_executor.py took 0.088 seconds
[2022-07-14 22:14:41,046] {processor.py:153} INFO - Started process (PID=375) to work on /home/airflow/.local/lib/python3.7/site-packages/airflow/example_dags/example_local_kubernetes_executor.py
[2022-07-14 22:14:41,047] {processor.py:641} INFO - Processing file /home/airflow/.local/lib/python3.7/site-packages/airflow/example_dags/example_local_kubernetes_executor.py for tasks to queue
[2022-07-14 22:14:41,047] {logging_mixin.py:115} INFO - [2022-07-14 22:14:41,047] {dagbag.py:508} INFO - Filling up the DagBag from /home/airflow/.local/lib/python3.7/site-packages/airflow/example_dags/example_local_kubernetes_executor.py
[2022-07-14 22:14:41,065] {processor.py:651} INFO - DAG(s) dict_keys(['example_local_kubernetes_executor']) retrieved from /home/airflow/.local/lib/python3.7/site-packages/airflow/example_dags/example_local_kubernetes_executor.py
[2022-07-14 22:14:41,089] {logging_mixin.py:115} INFO - [2022-07-14 22:14:41,089] {dag.py:2420} INFO - Sync 1 DAGs
[2022-07-14 22:14:41,109] {logging_mixin.py:115} INFO - [2022-07-14 22:14:41,109] {dag.py:2972} INFO - Setting next_dagrun for example_local_kubernetes_executor to None, run_after=None
[2022-07-14 22:14:41,121] {processor.py:161} INFO - Processing /home/airflow/.local/lib/python3.7/site-packages/airflow/example_dags/example_local_kubernetes_executor.py took 0.079 seconds
