[2022-07-14 22:12:05,719] {processor.py:153} INFO - Started process (PID=77) to work on /home/airflow/.local/lib/python3.7/site-packages/airflow/example_dags/example_branch_operator.py
[2022-07-14 22:12:05,719] {processor.py:641} INFO - Processing file /home/airflow/.local/lib/python3.7/site-packages/airflow/example_dags/example_branch_operator.py for tasks to queue
[2022-07-14 22:12:05,720] {logging_mixin.py:115} INFO - [2022-07-14 22:12:05,720] {dagbag.py:508} INFO - Filling up the DagBag from /home/airflow/.local/lib/python3.7/site-packages/airflow/example_dags/example_branch_operator.py
[2022-07-14 22:12:05,741] {processor.py:651} INFO - DAG(s) dict_keys(['example_branch_operator']) retrieved from /home/airflow/.local/lib/python3.7/site-packages/airflow/example_dags/example_branch_operator.py
[2022-07-14 22:12:06,078] {logging_mixin.py:115} INFO - [2022-07-14 22:12:06,078] {manager.py:508} INFO - Created Permission View: can edit on DAG:example_branch_operator
[2022-07-14 22:12:06,098] {logging_mixin.py:115} INFO - [2022-07-14 22:12:06,098] {manager.py:508} INFO - Created Permission View: can read on DAG:example_branch_operator
[2022-07-14 22:12:06,113] {logging_mixin.py:115} INFO - [2022-07-14 22:12:06,113] {manager.py:508} INFO - Created Permission View: can delete on DAG:example_branch_operator
[2022-07-14 22:12:06,113] {logging_mixin.py:115} INFO - [2022-07-14 22:12:06,113] {dag.py:2420} INFO - Sync 1 DAGs
[2022-07-14 22:12:06,126] {logging_mixin.py:115} INFO - [2022-07-14 22:12:06,126] {dag.py:2439} INFO - Creating ORM DAG for example_branch_operator
[2022-07-14 22:12:06,147] {logging_mixin.py:115} INFO - [2022-07-14 22:12:06,147] {dag.py:2972} INFO - Setting next_dagrun for example_branch_operator to 2022-07-13T00:00:00+00:00, run_after=2022-07-14T00:00:00+00:00
[2022-07-14 22:12:06,173] {processor.py:161} INFO - Processing /home/airflow/.local/lib/python3.7/site-packages/airflow/example_dags/example_branch_operator.py took 0.459 seconds
[2022-07-14 22:12:36,567] {processor.py:153} INFO - Started process (PID=130) to work on /home/airflow/.local/lib/python3.7/site-packages/airflow/example_dags/example_branch_operator.py
[2022-07-14 22:12:36,568] {processor.py:641} INFO - Processing file /home/airflow/.local/lib/python3.7/site-packages/airflow/example_dags/example_branch_operator.py for tasks to queue
[2022-07-14 22:12:36,570] {logging_mixin.py:115} INFO - [2022-07-14 22:12:36,569] {dagbag.py:508} INFO - Filling up the DagBag from /home/airflow/.local/lib/python3.7/site-packages/airflow/example_dags/example_branch_operator.py
[2022-07-14 22:12:36,586] {processor.py:651} INFO - DAG(s) dict_keys(['example_branch_operator']) retrieved from /home/airflow/.local/lib/python3.7/site-packages/airflow/example_dags/example_branch_operator.py
[2022-07-14 22:12:36,627] {logging_mixin.py:115} INFO - [2022-07-14 22:12:36,627] {dag.py:2420} INFO - Sync 1 DAGs
[2022-07-14 22:12:36,673] {logging_mixin.py:115} INFO - [2022-07-14 22:12:36,673] {dag.py:2972} INFO - Setting next_dagrun for example_branch_operator to 2022-07-13T00:00:00+00:00, run_after=2022-07-14T00:00:00+00:00
[2022-07-14 22:12:36,694] {processor.py:161} INFO - Processing /home/airflow/.local/lib/python3.7/site-packages/airflow/example_dags/example_branch_operator.py took 0.131 seconds
[2022-07-14 22:13:06,817] {processor.py:153} INFO - Started process (PID=192) to work on /home/airflow/.local/lib/python3.7/site-packages/airflow/example_dags/example_branch_operator.py
[2022-07-14 22:13:06,818] {processor.py:641} INFO - Processing file /home/airflow/.local/lib/python3.7/site-packages/airflow/example_dags/example_branch_operator.py for tasks to queue
[2022-07-14 22:13:06,818] {logging_mixin.py:115} INFO - [2022-07-14 22:13:06,818] {dagbag.py:508} INFO - Filling up the DagBag from /home/airflow/.local/lib/python3.7/site-packages/airflow/example_dags/example_branch_operator.py
[2022-07-14 22:13:06,831] {processor.py:651} INFO - DAG(s) dict_keys(['example_branch_operator']) retrieved from /home/airflow/.local/lib/python3.7/site-packages/airflow/example_dags/example_branch_operator.py
[2022-07-14 22:13:06,863] {logging_mixin.py:115} INFO - [2022-07-14 22:13:06,863] {dag.py:2420} INFO - Sync 1 DAGs
[2022-07-14 22:13:06,896] {logging_mixin.py:115} INFO - [2022-07-14 22:13:06,896] {dag.py:2972} INFO - Setting next_dagrun for example_branch_operator to 2022-07-13T00:00:00+00:00, run_after=2022-07-14T00:00:00+00:00
[2022-07-14 22:13:06,912] {processor.py:161} INFO - Processing /home/airflow/.local/lib/python3.7/site-packages/airflow/example_dags/example_branch_operator.py took 0.098 seconds
[2022-07-14 22:13:37,498] {processor.py:153} INFO - Started process (PID=253) to work on /home/airflow/.local/lib/python3.7/site-packages/airflow/example_dags/example_branch_operator.py
[2022-07-14 22:13:37,500] {processor.py:641} INFO - Processing file /home/airflow/.local/lib/python3.7/site-packages/airflow/example_dags/example_branch_operator.py for tasks to queue
[2022-07-14 22:13:37,500] {logging_mixin.py:115} INFO - [2022-07-14 22:13:37,500] {dagbag.py:508} INFO - Filling up the DagBag from /home/airflow/.local/lib/python3.7/site-packages/airflow/example_dags/example_branch_operator.py
[2022-07-14 22:13:37,512] {processor.py:651} INFO - DAG(s) dict_keys(['example_branch_operator']) retrieved from /home/airflow/.local/lib/python3.7/site-packages/airflow/example_dags/example_branch_operator.py
[2022-07-14 22:13:37,542] {logging_mixin.py:115} INFO - [2022-07-14 22:13:37,542] {dag.py:2420} INFO - Sync 1 DAGs
[2022-07-14 22:13:37,569] {logging_mixin.py:115} INFO - [2022-07-14 22:13:37,569] {dag.py:2972} INFO - Setting next_dagrun for example_branch_operator to 2022-07-13T00:00:00+00:00, run_after=2022-07-14T00:00:00+00:00
[2022-07-14 22:13:37,580] {processor.py:161} INFO - Processing /home/airflow/.local/lib/python3.7/site-packages/airflow/example_dags/example_branch_operator.py took 0.085 seconds
[2022-07-14 22:14:07,989] {processor.py:153} INFO - Started process (PID=305) to work on /home/airflow/.local/lib/python3.7/site-packages/airflow/example_dags/example_branch_operator.py
[2022-07-14 22:14:07,990] {processor.py:641} INFO - Processing file /home/airflow/.local/lib/python3.7/site-packages/airflow/example_dags/example_branch_operator.py for tasks to queue
[2022-07-14 22:14:07,990] {logging_mixin.py:115} INFO - [2022-07-14 22:14:07,990] {dagbag.py:508} INFO - Filling up the DagBag from /home/airflow/.local/lib/python3.7/site-packages/airflow/example_dags/example_branch_operator.py
[2022-07-14 22:14:08,002] {processor.py:651} INFO - DAG(s) dict_keys(['example_branch_operator']) retrieved from /home/airflow/.local/lib/python3.7/site-packages/airflow/example_dags/example_branch_operator.py
[2022-07-14 22:14:08,031] {logging_mixin.py:115} INFO - [2022-07-14 22:14:08,031] {dag.py:2420} INFO - Sync 1 DAGs
[2022-07-14 22:14:08,058] {logging_mixin.py:115} INFO - [2022-07-14 22:14:08,058] {dag.py:2972} INFO - Setting next_dagrun for example_branch_operator to 2022-07-13T00:00:00+00:00, run_after=2022-07-14T00:00:00+00:00
[2022-07-14 22:14:08,071] {processor.py:161} INFO - Processing /home/airflow/.local/lib/python3.7/site-packages/airflow/example_dags/example_branch_operator.py took 0.085 seconds
[2022-07-14 22:14:38,403] {processor.py:153} INFO - Started process (PID=366) to work on /home/airflow/.local/lib/python3.7/site-packages/airflow/example_dags/example_branch_operator.py
[2022-07-14 22:14:38,404] {processor.py:641} INFO - Processing file /home/airflow/.local/lib/python3.7/site-packages/airflow/example_dags/example_branch_operator.py for tasks to queue
[2022-07-14 22:14:38,404] {logging_mixin.py:115} INFO - [2022-07-14 22:14:38,404] {dagbag.py:508} INFO - Filling up the DagBag from /home/airflow/.local/lib/python3.7/site-packages/airflow/example_dags/example_branch_operator.py
[2022-07-14 22:14:38,414] {processor.py:651} INFO - DAG(s) dict_keys(['example_branch_operator']) retrieved from /home/airflow/.local/lib/python3.7/site-packages/airflow/example_dags/example_branch_operator.py
[2022-07-14 22:14:38,442] {logging_mixin.py:115} INFO - [2022-07-14 22:14:38,442] {dag.py:2420} INFO - Sync 1 DAGs
[2022-07-14 22:14:38,468] {logging_mixin.py:115} INFO - [2022-07-14 22:14:38,467] {dag.py:2972} INFO - Setting next_dagrun for example_branch_operator to 2022-07-13T00:00:00+00:00, run_after=2022-07-14T00:00:00+00:00
[2022-07-14 22:14:38,481] {processor.py:161} INFO - Processing /home/airflow/.local/lib/python3.7/site-packages/airflow/example_dags/example_branch_operator.py took 0.081 seconds
