[2022-07-14 22:12:05,783] {processor.py:153} INFO - Started process (PID=78) to work on /home/airflow/.local/lib/python3.7/site-packages/airflow/example_dags/example_branch_operator_decorator.py
[2022-07-14 22:12:05,784] {processor.py:641} INFO - Processing file /home/airflow/.local/lib/python3.7/site-packages/airflow/example_dags/example_branch_operator_decorator.py for tasks to queue
[2022-07-14 22:12:05,784] {logging_mixin.py:115} INFO - [2022-07-14 22:12:05,784] {dagbag.py:508} INFO - Filling up the DagBag from /home/airflow/.local/lib/python3.7/site-packages/airflow/example_dags/example_branch_operator_decorator.py
[2022-07-14 22:12:05,825] {processor.py:651} INFO - DAG(s) dict_keys(['example_branch_python_operator_decorator']) retrieved from /home/airflow/.local/lib/python3.7/site-packages/airflow/example_dags/example_branch_operator_decorator.py
[2022-07-14 22:12:06,164] {logging_mixin.py:115} INFO - [2022-07-14 22:12:06,163] {manager.py:508} INFO - Created Permission View: can edit on DAG:example_branch_python_operator_decorator
[2022-07-14 22:12:06,179] {logging_mixin.py:115} INFO - [2022-07-14 22:12:06,179] {manager.py:508} INFO - Created Permission View: can read on DAG:example_branch_python_operator_decorator
[2022-07-14 22:12:06,192] {logging_mixin.py:115} INFO - [2022-07-14 22:12:06,192] {manager.py:508} INFO - Created Permission View: can delete on DAG:example_branch_python_operator_decorator
[2022-07-14 22:12:06,192] {logging_mixin.py:115} INFO - [2022-07-14 22:12:06,192] {dag.py:2420} INFO - Sync 1 DAGs
[2022-07-14 22:12:06,209] {logging_mixin.py:115} INFO - [2022-07-14 22:12:06,208] {dag.py:2439} INFO - Creating ORM DAG for example_branch_python_operator_decorator
[2022-07-14 22:12:06,232] {logging_mixin.py:115} INFO - [2022-07-14 22:12:06,232] {dag.py:2972} INFO - Setting next_dagrun for example_branch_python_operator_decorator to 2022-07-13T00:00:00+00:00, run_after=2022-07-14T00:00:00+00:00
[2022-07-14 22:12:06,267] {processor.py:161} INFO - Processing /home/airflow/.local/lib/python3.7/site-packages/airflow/example_dags/example_branch_operator_decorator.py took 0.487 seconds
[2022-07-14 22:12:36,581] {processor.py:153} INFO - Started process (PID=131) to work on /home/airflow/.local/lib/python3.7/site-packages/airflow/example_dags/example_branch_operator_decorator.py
[2022-07-14 22:12:36,582] {processor.py:641} INFO - Processing file /home/airflow/.local/lib/python3.7/site-packages/airflow/example_dags/example_branch_operator_decorator.py for tasks to queue
[2022-07-14 22:12:36,583] {logging_mixin.py:115} INFO - [2022-07-14 22:12:36,583] {dagbag.py:508} INFO - Filling up the DagBag from /home/airflow/.local/lib/python3.7/site-packages/airflow/example_dags/example_branch_operator_decorator.py
[2022-07-14 22:12:36,608] {processor.py:651} INFO - DAG(s) dict_keys(['example_branch_python_operator_decorator']) retrieved from /home/airflow/.local/lib/python3.7/site-packages/airflow/example_dags/example_branch_operator_decorator.py
[2022-07-14 22:12:36,650] {logging_mixin.py:115} INFO - [2022-07-14 22:12:36,649] {dag.py:2420} INFO - Sync 1 DAGs
[2022-07-14 22:12:36,689] {logging_mixin.py:115} INFO - [2022-07-14 22:12:36,689] {dag.py:2972} INFO - Setting next_dagrun for example_branch_python_operator_decorator to 2022-07-13T00:00:00+00:00, run_after=2022-07-14T00:00:00+00:00
[2022-07-14 22:12:36,709] {processor.py:161} INFO - Processing /home/airflow/.local/lib/python3.7/site-packages/airflow/example_dags/example_branch_operator_decorator.py took 0.132 seconds
[2022-07-14 22:13:06,933] {processor.py:153} INFO - Started process (PID=193) to work on /home/airflow/.local/lib/python3.7/site-packages/airflow/example_dags/example_branch_operator_decorator.py
[2022-07-14 22:13:06,933] {processor.py:641} INFO - Processing file /home/airflow/.local/lib/python3.7/site-packages/airflow/example_dags/example_branch_operator_decorator.py for tasks to queue
[2022-07-14 22:13:06,934] {logging_mixin.py:115} INFO - [2022-07-14 22:13:06,934] {dagbag.py:508} INFO - Filling up the DagBag from /home/airflow/.local/lib/python3.7/site-packages/airflow/example_dags/example_branch_operator_decorator.py
[2022-07-14 22:13:06,954] {processor.py:651} INFO - DAG(s) dict_keys(['example_branch_python_operator_decorator']) retrieved from /home/airflow/.local/lib/python3.7/site-packages/airflow/example_dags/example_branch_operator_decorator.py
[2022-07-14 22:13:06,986] {logging_mixin.py:115} INFO - [2022-07-14 22:13:06,986] {dag.py:2420} INFO - Sync 1 DAGs
[2022-07-14 22:13:07,017] {logging_mixin.py:115} INFO - [2022-07-14 22:13:07,017] {dag.py:2972} INFO - Setting next_dagrun for example_branch_python_operator_decorator to 2022-07-13T00:00:00+00:00, run_after=2022-07-14T00:00:00+00:00
[2022-07-14 22:13:07,032] {processor.py:161} INFO - Processing /home/airflow/.local/lib/python3.7/site-packages/airflow/example_dags/example_branch_operator_decorator.py took 0.102 seconds
[2022-07-14 22:13:37,601] {processor.py:153} INFO - Started process (PID=254) to work on /home/airflow/.local/lib/python3.7/site-packages/airflow/example_dags/example_branch_operator_decorator.py
[2022-07-14 22:13:37,601] {processor.py:641} INFO - Processing file /home/airflow/.local/lib/python3.7/site-packages/airflow/example_dags/example_branch_operator_decorator.py for tasks to queue
[2022-07-14 22:13:37,602] {logging_mixin.py:115} INFO - [2022-07-14 22:13:37,602] {dagbag.py:508} INFO - Filling up the DagBag from /home/airflow/.local/lib/python3.7/site-packages/airflow/example_dags/example_branch_operator_decorator.py
[2022-07-14 22:13:37,623] {processor.py:651} INFO - DAG(s) dict_keys(['example_branch_python_operator_decorator']) retrieved from /home/airflow/.local/lib/python3.7/site-packages/airflow/example_dags/example_branch_operator_decorator.py
[2022-07-14 22:13:37,656] {logging_mixin.py:115} INFO - [2022-07-14 22:13:37,656] {dag.py:2420} INFO - Sync 1 DAGs
[2022-07-14 22:13:37,689] {logging_mixin.py:115} INFO - [2022-07-14 22:13:37,689] {dag.py:2972} INFO - Setting next_dagrun for example_branch_python_operator_decorator to 2022-07-13T00:00:00+00:00, run_after=2022-07-14T00:00:00+00:00
[2022-07-14 22:13:37,705] {processor.py:161} INFO - Processing /home/airflow/.local/lib/python3.7/site-packages/airflow/example_dags/example_branch_operator_decorator.py took 0.107 seconds
[2022-07-14 22:14:08,004] {processor.py:153} INFO - Started process (PID=306) to work on /home/airflow/.local/lib/python3.7/site-packages/airflow/example_dags/example_branch_operator_decorator.py
[2022-07-14 22:14:08,005] {processor.py:641} INFO - Processing file /home/airflow/.local/lib/python3.7/site-packages/airflow/example_dags/example_branch_operator_decorator.py for tasks to queue
[2022-07-14 22:14:08,006] {logging_mixin.py:115} INFO - [2022-07-14 22:14:08,006] {dagbag.py:508} INFO - Filling up the DagBag from /home/airflow/.local/lib/python3.7/site-packages/airflow/example_dags/example_branch_operator_decorator.py
[2022-07-14 22:14:08,026] {processor.py:651} INFO - DAG(s) dict_keys(['example_branch_python_operator_decorator']) retrieved from /home/airflow/.local/lib/python3.7/site-packages/airflow/example_dags/example_branch_operator_decorator.py
[2022-07-14 22:14:08,054] {logging_mixin.py:115} INFO - [2022-07-14 22:14:08,054] {dag.py:2420} INFO - Sync 1 DAGs
[2022-07-14 22:14:08,081] {logging_mixin.py:115} INFO - [2022-07-14 22:14:08,081] {dag.py:2972} INFO - Setting next_dagrun for example_branch_python_operator_decorator to 2022-07-13T00:00:00+00:00, run_after=2022-07-14T00:00:00+00:00
[2022-07-14 22:14:08,093] {processor.py:161} INFO - Processing /home/airflow/.local/lib/python3.7/site-packages/airflow/example_dags/example_branch_operator_decorator.py took 0.092 seconds
[2022-07-14 22:14:38,501] {processor.py:153} INFO - Started process (PID=367) to work on /home/airflow/.local/lib/python3.7/site-packages/airflow/example_dags/example_branch_operator_decorator.py
[2022-07-14 22:14:38,502] {processor.py:641} INFO - Processing file /home/airflow/.local/lib/python3.7/site-packages/airflow/example_dags/example_branch_operator_decorator.py for tasks to queue
[2022-07-14 22:14:38,503] {logging_mixin.py:115} INFO - [2022-07-14 22:14:38,502] {dagbag.py:508} INFO - Filling up the DagBag from /home/airflow/.local/lib/python3.7/site-packages/airflow/example_dags/example_branch_operator_decorator.py
[2022-07-14 22:14:38,520] {processor.py:651} INFO - DAG(s) dict_keys(['example_branch_python_operator_decorator']) retrieved from /home/airflow/.local/lib/python3.7/site-packages/airflow/example_dags/example_branch_operator_decorator.py
[2022-07-14 22:14:38,547] {logging_mixin.py:115} INFO - [2022-07-14 22:14:38,547] {dag.py:2420} INFO - Sync 1 DAGs
[2022-07-14 22:14:38,576] {logging_mixin.py:115} INFO - [2022-07-14 22:14:38,575] {dag.py:2972} INFO - Setting next_dagrun for example_branch_python_operator_decorator to 2022-07-13T00:00:00+00:00, run_after=2022-07-14T00:00:00+00:00
[2022-07-14 22:14:38,588] {processor.py:161} INFO - Processing /home/airflow/.local/lib/python3.7/site-packages/airflow/example_dags/example_branch_operator_decorator.py took 0.089 seconds
