[2022-07-14 22:12:08,450] {processor.py:153} INFO - Started process (PID=87) to work on /home/airflow/.local/lib/python3.7/site-packages/airflow/example_dags/example_nested_branch_dag.py
[2022-07-14 22:12:08,450] {processor.py:641} INFO - Processing file /home/airflow/.local/lib/python3.7/site-packages/airflow/example_dags/example_nested_branch_dag.py for tasks to queue
[2022-07-14 22:12:08,451] {logging_mixin.py:115} INFO - [2022-07-14 22:12:08,451] {dagbag.py:508} INFO - Filling up the DagBag from /home/airflow/.local/lib/python3.7/site-packages/airflow/example_dags/example_nested_branch_dag.py
[2022-07-14 22:12:08,468] {processor.py:651} INFO - DAG(s) dict_keys(['example_nested_branch_dag']) retrieved from /home/airflow/.local/lib/python3.7/site-packages/airflow/example_dags/example_nested_branch_dag.py
[2022-07-14 22:12:08,793] {logging_mixin.py:115} INFO - [2022-07-14 22:12:08,793] {manager.py:508} INFO - Created Permission View: can edit on DAG:example_nested_branch_dag
[2022-07-14 22:12:08,812] {logging_mixin.py:115} INFO - [2022-07-14 22:12:08,811] {manager.py:508} INFO - Created Permission View: can read on DAG:example_nested_branch_dag
[2022-07-14 22:12:08,825] {logging_mixin.py:115} INFO - [2022-07-14 22:12:08,825] {manager.py:508} INFO - Created Permission View: can delete on DAG:example_nested_branch_dag
[2022-07-14 22:12:08,825] {logging_mixin.py:115} INFO - [2022-07-14 22:12:08,825] {dag.py:2420} INFO - Sync 1 DAGs
[2022-07-14 22:12:08,839] {logging_mixin.py:115} INFO - [2022-07-14 22:12:08,838] {dag.py:2439} INFO - Creating ORM DAG for example_nested_branch_dag
[2022-07-14 22:12:08,858] {logging_mixin.py:115} INFO - [2022-07-14 22:12:08,858] {dag.py:2972} INFO - Setting next_dagrun for example_nested_branch_dag to 2022-07-13T00:00:00+00:00, run_after=2022-07-14T00:00:00+00:00
[2022-07-14 22:12:08,879] {processor.py:161} INFO - Processing /home/airflow/.local/lib/python3.7/site-packages/airflow/example_dags/example_nested_branch_dag.py took 0.434 seconds
[2022-07-14 22:12:39,641] {processor.py:153} INFO - Started process (PID=149) to work on /home/airflow/.local/lib/python3.7/site-packages/airflow/example_dags/example_nested_branch_dag.py
[2022-07-14 22:12:39,642] {processor.py:641} INFO - Processing file /home/airflow/.local/lib/python3.7/site-packages/airflow/example_dags/example_nested_branch_dag.py for tasks to queue
[2022-07-14 22:12:39,643] {logging_mixin.py:115} INFO - [2022-07-14 22:12:39,642] {dagbag.py:508} INFO - Filling up the DagBag from /home/airflow/.local/lib/python3.7/site-packages/airflow/example_dags/example_nested_branch_dag.py
[2022-07-14 22:12:39,660] {processor.py:651} INFO - DAG(s) dict_keys(['example_nested_branch_dag']) retrieved from /home/airflow/.local/lib/python3.7/site-packages/airflow/example_dags/example_nested_branch_dag.py
[2022-07-14 22:12:39,699] {logging_mixin.py:115} INFO - [2022-07-14 22:12:39,698] {dag.py:2420} INFO - Sync 1 DAGs
[2022-07-14 22:12:39,741] {logging_mixin.py:115} INFO - [2022-07-14 22:12:39,741] {dag.py:2972} INFO - Setting next_dagrun for example_nested_branch_dag to 2022-07-13T00:00:00+00:00, run_after=2022-07-14T00:00:00+00:00
[2022-07-14 22:12:39,764] {processor.py:161} INFO - Processing /home/airflow/.local/lib/python3.7/site-packages/airflow/example_dags/example_nested_branch_dag.py took 0.127 seconds
[2022-07-14 22:13:10,693] {processor.py:153} INFO - Started process (PID=202) to work on /home/airflow/.local/lib/python3.7/site-packages/airflow/example_dags/example_nested_branch_dag.py
[2022-07-14 22:13:10,694] {processor.py:641} INFO - Processing file /home/airflow/.local/lib/python3.7/site-packages/airflow/example_dags/example_nested_branch_dag.py for tasks to queue
[2022-07-14 22:13:10,694] {logging_mixin.py:115} INFO - [2022-07-14 22:13:10,694] {dagbag.py:508} INFO - Filling up the DagBag from /home/airflow/.local/lib/python3.7/site-packages/airflow/example_dags/example_nested_branch_dag.py
[2022-07-14 22:13:10,706] {processor.py:651} INFO - DAG(s) dict_keys(['example_nested_branch_dag']) retrieved from /home/airflow/.local/lib/python3.7/site-packages/airflow/example_dags/example_nested_branch_dag.py
[2022-07-14 22:13:10,739] {logging_mixin.py:115} INFO - [2022-07-14 22:13:10,739] {dag.py:2420} INFO - Sync 1 DAGs
[2022-07-14 22:13:10,770] {logging_mixin.py:115} INFO - [2022-07-14 22:13:10,770] {dag.py:2972} INFO - Setting next_dagrun for example_nested_branch_dag to 2022-07-13T00:00:00+00:00, run_after=2022-07-14T00:00:00+00:00
[2022-07-14 22:13:10,785] {processor.py:161} INFO - Processing /home/airflow/.local/lib/python3.7/site-packages/airflow/example_dags/example_nested_branch_dag.py took 0.095 seconds
[2022-07-14 22:13:41,108] {processor.py:153} INFO - Started process (PID=263) to work on /home/airflow/.local/lib/python3.7/site-packages/airflow/example_dags/example_nested_branch_dag.py
[2022-07-14 22:13:41,109] {processor.py:641} INFO - Processing file /home/airflow/.local/lib/python3.7/site-packages/airflow/example_dags/example_nested_branch_dag.py for tasks to queue
[2022-07-14 22:13:41,109] {logging_mixin.py:115} INFO - [2022-07-14 22:13:41,109] {dagbag.py:508} INFO - Filling up the DagBag from /home/airflow/.local/lib/python3.7/site-packages/airflow/example_dags/example_nested_branch_dag.py
[2022-07-14 22:13:41,119] {processor.py:651} INFO - DAG(s) dict_keys(['example_nested_branch_dag']) retrieved from /home/airflow/.local/lib/python3.7/site-packages/airflow/example_dags/example_nested_branch_dag.py
[2022-07-14 22:13:41,168] {logging_mixin.py:115} INFO - [2022-07-14 22:13:41,167] {dag.py:2420} INFO - Sync 1 DAGs
[2022-07-14 22:13:41,193] {logging_mixin.py:115} INFO - [2022-07-14 22:13:41,193] {dag.py:2972} INFO - Setting next_dagrun for example_nested_branch_dag to 2022-07-13T00:00:00+00:00, run_after=2022-07-14T00:00:00+00:00
[2022-07-14 22:13:41,204] {processor.py:161} INFO - Processing /home/airflow/.local/lib/python3.7/site-packages/airflow/example_dags/example_nested_branch_dag.py took 0.099 seconds
[2022-07-14 22:14:11,585] {processor.py:153} INFO - Started process (PID=315) to work on /home/airflow/.local/lib/python3.7/site-packages/airflow/example_dags/example_nested_branch_dag.py
[2022-07-14 22:14:11,585] {processor.py:641} INFO - Processing file /home/airflow/.local/lib/python3.7/site-packages/airflow/example_dags/example_nested_branch_dag.py for tasks to queue
[2022-07-14 22:14:11,586] {logging_mixin.py:115} INFO - [2022-07-14 22:14:11,586] {dagbag.py:508} INFO - Filling up the DagBag from /home/airflow/.local/lib/python3.7/site-packages/airflow/example_dags/example_nested_branch_dag.py
[2022-07-14 22:14:11,598] {processor.py:651} INFO - DAG(s) dict_keys(['example_nested_branch_dag']) retrieved from /home/airflow/.local/lib/python3.7/site-packages/airflow/example_dags/example_nested_branch_dag.py
[2022-07-14 22:14:11,628] {logging_mixin.py:115} INFO - [2022-07-14 22:14:11,628] {dag.py:2420} INFO - Sync 1 DAGs
[2022-07-14 22:14:11,656] {logging_mixin.py:115} INFO - [2022-07-14 22:14:11,656] {dag.py:2972} INFO - Setting next_dagrun for example_nested_branch_dag to 2022-07-13T00:00:00+00:00, run_after=2022-07-14T00:00:00+00:00
[2022-07-14 22:14:11,670] {processor.py:161} INFO - Processing /home/airflow/.local/lib/python3.7/site-packages/airflow/example_dags/example_nested_branch_dag.py took 0.089 seconds
[2022-07-14 22:14:42,063] {processor.py:153} INFO - Started process (PID=376) to work on /home/airflow/.local/lib/python3.7/site-packages/airflow/example_dags/example_nested_branch_dag.py
[2022-07-14 22:14:42,064] {processor.py:641} INFO - Processing file /home/airflow/.local/lib/python3.7/site-packages/airflow/example_dags/example_nested_branch_dag.py for tasks to queue
[2022-07-14 22:14:42,065] {logging_mixin.py:115} INFO - [2022-07-14 22:14:42,065] {dagbag.py:508} INFO - Filling up the DagBag from /home/airflow/.local/lib/python3.7/site-packages/airflow/example_dags/example_nested_branch_dag.py
[2022-07-14 22:14:42,076] {processor.py:651} INFO - DAG(s) dict_keys(['example_nested_branch_dag']) retrieved from /home/airflow/.local/lib/python3.7/site-packages/airflow/example_dags/example_nested_branch_dag.py
[2022-07-14 22:14:42,104] {logging_mixin.py:115} INFO - [2022-07-14 22:14:42,104] {dag.py:2420} INFO - Sync 1 DAGs
[2022-07-14 22:14:42,133] {logging_mixin.py:115} INFO - [2022-07-14 22:14:42,133] {dag.py:2972} INFO - Setting next_dagrun for example_nested_branch_dag to 2022-07-13T00:00:00+00:00, run_after=2022-07-14T00:00:00+00:00
[2022-07-14 22:14:42,146] {processor.py:161} INFO - Processing /home/airflow/.local/lib/python3.7/site-packages/airflow/example_dags/example_nested_branch_dag.py took 0.086 seconds
