[2022-07-14 22:12:08,962] {processor.py:153} INFO - Started process (PID=90) to work on /home/airflow/.local/lib/python3.7/site-packages/airflow/example_dags/example_short_circuit_operator.py
[2022-07-14 22:12:08,963] {processor.py:641} INFO - Processing file /home/airflow/.local/lib/python3.7/site-packages/airflow/example_dags/example_short_circuit_operator.py for tasks to queue
[2022-07-14 22:12:08,963] {logging_mixin.py:115} INFO - [2022-07-14 22:12:08,963] {dagbag.py:508} INFO - Filling up the DagBag from /home/airflow/.local/lib/python3.7/site-packages/airflow/example_dags/example_short_circuit_operator.py
[2022-07-14 22:12:08,976] {processor.py:651} INFO - DAG(s) dict_keys(['example_short_circuit_operator']) retrieved from /home/airflow/.local/lib/python3.7/site-packages/airflow/example_dags/example_short_circuit_operator.py
[2022-07-14 22:12:09,276] {logging_mixin.py:115} INFO - [2022-07-14 22:12:09,276] {manager.py:508} INFO - Created Permission View: can edit on DAG:example_short_circuit_operator
[2022-07-14 22:12:09,292] {logging_mixin.py:115} INFO - [2022-07-14 22:12:09,291] {manager.py:508} INFO - Created Permission View: can read on DAG:example_short_circuit_operator
[2022-07-14 22:12:09,305] {logging_mixin.py:115} INFO - [2022-07-14 22:12:09,304] {manager.py:508} INFO - Created Permission View: can delete on DAG:example_short_circuit_operator
[2022-07-14 22:12:09,305] {logging_mixin.py:115} INFO - [2022-07-14 22:12:09,305] {dag.py:2420} INFO - Sync 1 DAGs
[2022-07-14 22:12:09,321] {logging_mixin.py:115} INFO - [2022-07-14 22:12:09,320] {dag.py:2439} INFO - Creating ORM DAG for example_short_circuit_operator
[2022-07-14 22:12:09,345] {logging_mixin.py:115} INFO - [2022-07-14 22:12:09,345] {dag.py:2972} INFO - Setting next_dagrun for example_short_circuit_operator to 2022-07-13T22:12:09.344941+00:00, run_after=2022-07-14T22:12:09.344941+00:00
[2022-07-14 22:12:09,370] {processor.py:161} INFO - Processing /home/airflow/.local/lib/python3.7/site-packages/airflow/example_dags/example_short_circuit_operator.py took 0.411 seconds
[2022-07-14 22:12:39,808] {processor.py:153} INFO - Started process (PID=152) to work on /home/airflow/.local/lib/python3.7/site-packages/airflow/example_dags/example_short_circuit_operator.py
[2022-07-14 22:12:39,808] {processor.py:641} INFO - Processing file /home/airflow/.local/lib/python3.7/site-packages/airflow/example_dags/example_short_circuit_operator.py for tasks to queue
[2022-07-14 22:12:39,809] {logging_mixin.py:115} INFO - [2022-07-14 22:12:39,809] {dagbag.py:508} INFO - Filling up the DagBag from /home/airflow/.local/lib/python3.7/site-packages/airflow/example_dags/example_short_circuit_operator.py
[2022-07-14 22:12:39,821] {processor.py:651} INFO - DAG(s) dict_keys(['example_short_circuit_operator']) retrieved from /home/airflow/.local/lib/python3.7/site-packages/airflow/example_dags/example_short_circuit_operator.py
[2022-07-14 22:12:39,878] {logging_mixin.py:115} INFO - [2022-07-14 22:12:39,878] {dag.py:2420} INFO - Sync 1 DAGs
[2022-07-14 22:12:39,914] {logging_mixin.py:115} INFO - [2022-07-14 22:12:39,914] {dag.py:2972} INFO - Setting next_dagrun for example_short_circuit_operator to 2022-07-13T22:12:39.914102+00:00, run_after=2022-07-14T22:12:39.914102+00:00
[2022-07-14 22:12:39,940] {processor.py:161} INFO - Processing /home/airflow/.local/lib/python3.7/site-packages/airflow/example_dags/example_short_circuit_operator.py took 0.136 seconds
[2022-07-14 22:13:10,832] {processor.py:153} INFO - Started process (PID=205) to work on /home/airflow/.local/lib/python3.7/site-packages/airflow/example_dags/example_short_circuit_operator.py
[2022-07-14 22:13:10,833] {processor.py:641} INFO - Processing file /home/airflow/.local/lib/python3.7/site-packages/airflow/example_dags/example_short_circuit_operator.py for tasks to queue
[2022-07-14 22:13:10,833] {logging_mixin.py:115} INFO - [2022-07-14 22:13:10,833] {dagbag.py:508} INFO - Filling up the DagBag from /home/airflow/.local/lib/python3.7/site-packages/airflow/example_dags/example_short_circuit_operator.py
[2022-07-14 22:13:10,844] {processor.py:651} INFO - DAG(s) dict_keys(['example_short_circuit_operator']) retrieved from /home/airflow/.local/lib/python3.7/site-packages/airflow/example_dags/example_short_circuit_operator.py
[2022-07-14 22:13:10,877] {logging_mixin.py:115} INFO - [2022-07-14 22:13:10,877] {dag.py:2420} INFO - Sync 1 DAGs
[2022-07-14 22:13:10,908] {logging_mixin.py:115} INFO - [2022-07-14 22:13:10,908] {dag.py:2972} INFO - Setting next_dagrun for example_short_circuit_operator to 2022-07-13T22:13:10.907980+00:00, run_after=2022-07-14T22:13:10.907980+00:00
[2022-07-14 22:13:10,924] {processor.py:161} INFO - Processing /home/airflow/.local/lib/python3.7/site-packages/airflow/example_dags/example_short_circuit_operator.py took 0.096 seconds
[2022-07-14 22:13:41,232] {processor.py:153} INFO - Started process (PID=266) to work on /home/airflow/.local/lib/python3.7/site-packages/airflow/example_dags/example_short_circuit_operator.py
[2022-07-14 22:13:41,233] {processor.py:641} INFO - Processing file /home/airflow/.local/lib/python3.7/site-packages/airflow/example_dags/example_short_circuit_operator.py for tasks to queue
[2022-07-14 22:13:41,233] {logging_mixin.py:115} INFO - [2022-07-14 22:13:41,233] {dagbag.py:508} INFO - Filling up the DagBag from /home/airflow/.local/lib/python3.7/site-packages/airflow/example_dags/example_short_circuit_operator.py
[2022-07-14 22:13:41,241] {processor.py:651} INFO - DAG(s) dict_keys(['example_short_circuit_operator']) retrieved from /home/airflow/.local/lib/python3.7/site-packages/airflow/example_dags/example_short_circuit_operator.py
[2022-07-14 22:13:41,269] {logging_mixin.py:115} INFO - [2022-07-14 22:13:41,269] {dag.py:2420} INFO - Sync 1 DAGs
[2022-07-14 22:13:41,296] {logging_mixin.py:115} INFO - [2022-07-14 22:13:41,296] {dag.py:2972} INFO - Setting next_dagrun for example_short_circuit_operator to 2022-07-13T22:13:41.295695+00:00, run_after=2022-07-14T22:13:41.295695+00:00
[2022-07-14 22:13:41,314] {processor.py:161} INFO - Processing /home/airflow/.local/lib/python3.7/site-packages/airflow/example_dags/example_short_circuit_operator.py took 0.084 seconds
[2022-07-14 22:14:11,732] {processor.py:153} INFO - Started process (PID=318) to work on /home/airflow/.local/lib/python3.7/site-packages/airflow/example_dags/example_short_circuit_operator.py
[2022-07-14 22:14:11,733] {processor.py:641} INFO - Processing file /home/airflow/.local/lib/python3.7/site-packages/airflow/example_dags/example_short_circuit_operator.py for tasks to queue
[2022-07-14 22:14:11,734] {logging_mixin.py:115} INFO - [2022-07-14 22:14:11,734] {dagbag.py:508} INFO - Filling up the DagBag from /home/airflow/.local/lib/python3.7/site-packages/airflow/example_dags/example_short_circuit_operator.py
[2022-07-14 22:14:11,743] {processor.py:651} INFO - DAG(s) dict_keys(['example_short_circuit_operator']) retrieved from /home/airflow/.local/lib/python3.7/site-packages/airflow/example_dags/example_short_circuit_operator.py
[2022-07-14 22:14:11,772] {logging_mixin.py:115} INFO - [2022-07-14 22:14:11,772] {dag.py:2420} INFO - Sync 1 DAGs
[2022-07-14 22:14:11,796] {logging_mixin.py:115} INFO - [2022-07-14 22:14:11,796] {dag.py:2972} INFO - Setting next_dagrun for example_short_circuit_operator to 2022-07-13T22:14:11.795965+00:00, run_after=2022-07-14T22:14:11.795965+00:00
[2022-07-14 22:14:11,808] {processor.py:161} INFO - Processing /home/airflow/.local/lib/python3.7/site-packages/airflow/example_dags/example_short_circuit_operator.py took 0.080 seconds
[2022-07-14 22:14:42,184] {processor.py:153} INFO - Started process (PID=379) to work on /home/airflow/.local/lib/python3.7/site-packages/airflow/example_dags/example_short_circuit_operator.py
[2022-07-14 22:14:42,185] {processor.py:641} INFO - Processing file /home/airflow/.local/lib/python3.7/site-packages/airflow/example_dags/example_short_circuit_operator.py for tasks to queue
[2022-07-14 22:14:42,186] {logging_mixin.py:115} INFO - [2022-07-14 22:14:42,186] {dagbag.py:508} INFO - Filling up the DagBag from /home/airflow/.local/lib/python3.7/site-packages/airflow/example_dags/example_short_circuit_operator.py
[2022-07-14 22:14:42,195] {processor.py:651} INFO - DAG(s) dict_keys(['example_short_circuit_operator']) retrieved from /home/airflow/.local/lib/python3.7/site-packages/airflow/example_dags/example_short_circuit_operator.py
[2022-07-14 22:14:42,222] {logging_mixin.py:115} INFO - [2022-07-14 22:14:42,222] {dag.py:2420} INFO - Sync 1 DAGs
[2022-07-14 22:14:42,245] {logging_mixin.py:115} INFO - [2022-07-14 22:14:42,244] {dag.py:2972} INFO - Setting next_dagrun for example_short_circuit_operator to 2022-07-13T22:14:42.244507+00:00, run_after=2022-07-14T22:14:42.244507+00:00
[2022-07-14 22:14:42,257] {processor.py:161} INFO - Processing /home/airflow/.local/lib/python3.7/site-packages/airflow/example_dags/example_short_circuit_operator.py took 0.075 seconds
