[2022-07-14 22:12:05,244] {processor.py:153} INFO - Started process (PID=75) to work on /home/airflow/.local/lib/python3.7/site-packages/airflow/example_dags/example_branch_day_of_week_operator.py
[2022-07-14 22:12:05,245] {processor.py:641} INFO - Processing file /home/airflow/.local/lib/python3.7/site-packages/airflow/example_dags/example_branch_day_of_week_operator.py for tasks to queue
[2022-07-14 22:12:05,245] {logging_mixin.py:115} INFO - [2022-07-14 22:12:05,245] {dagbag.py:508} INFO - Filling up the DagBag from /home/airflow/.local/lib/python3.7/site-packages/airflow/example_dags/example_branch_day_of_week_operator.py
[2022-07-14 22:12:05,262] {processor.py:651} INFO - DAG(s) dict_keys(['example_weekday_branch_operator']) retrieved from /home/airflow/.local/lib/python3.7/site-packages/airflow/example_dags/example_branch_day_of_week_operator.py
[2022-07-14 22:12:05,584] {logging_mixin.py:115} INFO - [2022-07-14 22:12:05,584] {manager.py:508} INFO - Created Permission View: can edit on DAG:example_weekday_branch_operator
[2022-07-14 22:12:05,604] {logging_mixin.py:115} INFO - [2022-07-14 22:12:05,603] {manager.py:508} INFO - Created Permission View: can read on DAG:example_weekday_branch_operator
[2022-07-14 22:12:05,617] {logging_mixin.py:115} INFO - [2022-07-14 22:12:05,617] {manager.py:508} INFO - Created Permission View: can delete on DAG:example_weekday_branch_operator
[2022-07-14 22:12:05,617] {logging_mixin.py:115} INFO - [2022-07-14 22:12:05,617] {dag.py:2420} INFO - Sync 1 DAGs
[2022-07-14 22:12:05,633] {logging_mixin.py:115} INFO - [2022-07-14 22:12:05,633] {dag.py:2439} INFO - Creating ORM DAG for example_weekday_branch_operator
[2022-07-14 22:12:05,657] {logging_mixin.py:115} INFO - [2022-07-14 22:12:05,657] {dag.py:2972} INFO - Setting next_dagrun for example_weekday_branch_operator to 2022-07-13T00:00:00+00:00, run_after=2022-07-14T00:00:00+00:00
[2022-07-14 22:12:05,680] {processor.py:161} INFO - Processing /home/airflow/.local/lib/python3.7/site-packages/airflow/example_dags/example_branch_day_of_week_operator.py took 0.439 seconds
[2022-07-14 22:12:36,405] {processor.py:153} INFO - Started process (PID=128) to work on /home/airflow/.local/lib/python3.7/site-packages/airflow/example_dags/example_branch_day_of_week_operator.py
[2022-07-14 22:12:36,406] {processor.py:641} INFO - Processing file /home/airflow/.local/lib/python3.7/site-packages/airflow/example_dags/example_branch_day_of_week_operator.py for tasks to queue
[2022-07-14 22:12:36,407] {logging_mixin.py:115} INFO - [2022-07-14 22:12:36,407] {dagbag.py:508} INFO - Filling up the DagBag from /home/airflow/.local/lib/python3.7/site-packages/airflow/example_dags/example_branch_day_of_week_operator.py
[2022-07-14 22:12:36,425] {processor.py:651} INFO - DAG(s) dict_keys(['example_weekday_branch_operator']) retrieved from /home/airflow/.local/lib/python3.7/site-packages/airflow/example_dags/example_branch_day_of_week_operator.py
[2022-07-14 22:12:36,467] {logging_mixin.py:115} INFO - [2022-07-14 22:12:36,467] {dag.py:2420} INFO - Sync 1 DAGs
[2022-07-14 22:12:36,505] {logging_mixin.py:115} INFO - [2022-07-14 22:12:36,505] {dag.py:2972} INFO - Setting next_dagrun for example_weekday_branch_operator to 2022-07-13T00:00:00+00:00, run_after=2022-07-14T00:00:00+00:00
[2022-07-14 22:12:36,531] {processor.py:161} INFO - Processing /home/airflow/.local/lib/python3.7/site-packages/airflow/example_dags/example_branch_day_of_week_operator.py took 0.130 seconds
[2022-07-14 22:13:06,702] {processor.py:153} INFO - Started process (PID=190) to work on /home/airflow/.local/lib/python3.7/site-packages/airflow/example_dags/example_branch_day_of_week_operator.py
[2022-07-14 22:13:06,702] {processor.py:641} INFO - Processing file /home/airflow/.local/lib/python3.7/site-packages/airflow/example_dags/example_branch_day_of_week_operator.py for tasks to queue
[2022-07-14 22:13:06,703] {logging_mixin.py:115} INFO - [2022-07-14 22:13:06,703] {dagbag.py:508} INFO - Filling up the DagBag from /home/airflow/.local/lib/python3.7/site-packages/airflow/example_dags/example_branch_day_of_week_operator.py
[2022-07-14 22:13:06,713] {processor.py:651} INFO - DAG(s) dict_keys(['example_weekday_branch_operator']) retrieved from /home/airflow/.local/lib/python3.7/site-packages/airflow/example_dags/example_branch_day_of_week_operator.py
[2022-07-14 22:13:06,746] {logging_mixin.py:115} INFO - [2022-07-14 22:13:06,746] {dag.py:2420} INFO - Sync 1 DAGs
[2022-07-14 22:13:06,781] {logging_mixin.py:115} INFO - [2022-07-14 22:13:06,780] {dag.py:2972} INFO - Setting next_dagrun for example_weekday_branch_operator to 2022-07-13T00:00:00+00:00, run_after=2022-07-14T00:00:00+00:00
[2022-07-14 22:13:06,797] {processor.py:161} INFO - Processing /home/airflow/.local/lib/python3.7/site-packages/airflow/example_dags/example_branch_day_of_week_operator.py took 0.098 seconds
[2022-07-14 22:13:37,390] {processor.py:153} INFO - Started process (PID=249) to work on /home/airflow/.local/lib/python3.7/site-packages/airflow/example_dags/example_branch_day_of_week_operator.py
[2022-07-14 22:13:37,390] {processor.py:641} INFO - Processing file /home/airflow/.local/lib/python3.7/site-packages/airflow/example_dags/example_branch_day_of_week_operator.py for tasks to queue
[2022-07-14 22:13:37,391] {logging_mixin.py:115} INFO - [2022-07-14 22:13:37,391] {dagbag.py:508} INFO - Filling up the DagBag from /home/airflow/.local/lib/python3.7/site-packages/airflow/example_dags/example_branch_day_of_week_operator.py
[2022-07-14 22:13:37,398] {processor.py:651} INFO - DAG(s) dict_keys(['example_weekday_branch_operator']) retrieved from /home/airflow/.local/lib/python3.7/site-packages/airflow/example_dags/example_branch_day_of_week_operator.py
[2022-07-14 22:13:37,427] {logging_mixin.py:115} INFO - [2022-07-14 22:13:37,427] {dag.py:2420} INFO - Sync 1 DAGs
[2022-07-14 22:13:37,458] {logging_mixin.py:115} INFO - [2022-07-14 22:13:37,457] {dag.py:2972} INFO - Setting next_dagrun for example_weekday_branch_operator to 2022-07-13T00:00:00+00:00, run_after=2022-07-14T00:00:00+00:00
[2022-07-14 22:13:37,473] {processor.py:161} INFO - Processing /home/airflow/.local/lib/python3.7/site-packages/airflow/example_dags/example_branch_day_of_week_operator.py took 0.086 seconds
[2022-07-14 22:14:07,887] {processor.py:153} INFO - Started process (PID=303) to work on /home/airflow/.local/lib/python3.7/site-packages/airflow/example_dags/example_branch_day_of_week_operator.py
[2022-07-14 22:14:07,888] {processor.py:641} INFO - Processing file /home/airflow/.local/lib/python3.7/site-packages/airflow/example_dags/example_branch_day_of_week_operator.py for tasks to queue
[2022-07-14 22:14:07,888] {logging_mixin.py:115} INFO - [2022-07-14 22:14:07,888] {dagbag.py:508} INFO - Filling up the DagBag from /home/airflow/.local/lib/python3.7/site-packages/airflow/example_dags/example_branch_day_of_week_operator.py
[2022-07-14 22:14:07,896] {processor.py:651} INFO - DAG(s) dict_keys(['example_weekday_branch_operator']) retrieved from /home/airflow/.local/lib/python3.7/site-packages/airflow/example_dags/example_branch_day_of_week_operator.py
[2022-07-14 22:14:07,921] {logging_mixin.py:115} INFO - [2022-07-14 22:14:07,921] {dag.py:2420} INFO - Sync 1 DAGs
[2022-07-14 22:14:07,951] {logging_mixin.py:115} INFO - [2022-07-14 22:14:07,950] {dag.py:2972} INFO - Setting next_dagrun for example_weekday_branch_operator to 2022-07-13T00:00:00+00:00, run_after=2022-07-14T00:00:00+00:00
[2022-07-14 22:14:07,963] {processor.py:161} INFO - Processing /home/airflow/.local/lib/python3.7/site-packages/airflow/example_dags/example_branch_day_of_week_operator.py took 0.079 seconds
[2022-07-14 22:14:38,303] {processor.py:153} INFO - Started process (PID=364) to work on /home/airflow/.local/lib/python3.7/site-packages/airflow/example_dags/example_branch_day_of_week_operator.py
[2022-07-14 22:14:38,304] {processor.py:641} INFO - Processing file /home/airflow/.local/lib/python3.7/site-packages/airflow/example_dags/example_branch_day_of_week_operator.py for tasks to queue
[2022-07-14 22:14:38,305] {logging_mixin.py:115} INFO - [2022-07-14 22:14:38,304] {dagbag.py:508} INFO - Filling up the DagBag from /home/airflow/.local/lib/python3.7/site-packages/airflow/example_dags/example_branch_day_of_week_operator.py
[2022-07-14 22:14:38,314] {processor.py:651} INFO - DAG(s) dict_keys(['example_weekday_branch_operator']) retrieved from /home/airflow/.local/lib/python3.7/site-packages/airflow/example_dags/example_branch_day_of_week_operator.py
[2022-07-14 22:14:38,338] {logging_mixin.py:115} INFO - [2022-07-14 22:14:38,338] {dag.py:2420} INFO - Sync 1 DAGs
[2022-07-14 22:14:38,366] {logging_mixin.py:115} INFO - [2022-07-14 22:14:38,366] {dag.py:2972} INFO - Setting next_dagrun for example_weekday_branch_operator to 2022-07-13T00:00:00+00:00, run_after=2022-07-14T00:00:00+00:00
[2022-07-14 22:14:38,380] {processor.py:161} INFO - Processing /home/airflow/.local/lib/python3.7/site-packages/airflow/example_dags/example_branch_day_of_week_operator.py took 0.081 seconds
