[2022-07-14 22:12:10,432] {processor.py:153} INFO - Started process (PID=95) to work on /home/airflow/.local/lib/python3.7/site-packages/airflow/example_dags/example_task_group_decorator.py
[2022-07-14 22:12:10,433] {processor.py:641} INFO - Processing file /home/airflow/.local/lib/python3.7/site-packages/airflow/example_dags/example_task_group_decorator.py for tasks to queue
[2022-07-14 22:12:10,433] {logging_mixin.py:115} INFO - [2022-07-14 22:12:10,433] {dagbag.py:508} INFO - Filling up the DagBag from /home/airflow/.local/lib/python3.7/site-packages/airflow/example_dags/example_task_group_decorator.py
[2022-07-14 22:12:10,472] {processor.py:651} INFO - DAG(s) dict_keys(['example_task_group_decorator']) retrieved from /home/airflow/.local/lib/python3.7/site-packages/airflow/example_dags/example_task_group_decorator.py
[2022-07-14 22:12:10,839] {logging_mixin.py:115} INFO - [2022-07-14 22:12:10,838] {manager.py:508} INFO - Created Permission View: can edit on DAG:example_task_group_decorator
[2022-07-14 22:12:10,859] {logging_mixin.py:115} INFO - [2022-07-14 22:12:10,859] {manager.py:508} INFO - Created Permission View: can read on DAG:example_task_group_decorator
[2022-07-14 22:12:10,877] {logging_mixin.py:115} INFO - [2022-07-14 22:12:10,877] {manager.py:508} INFO - Created Permission View: can delete on DAG:example_task_group_decorator
[2022-07-14 22:12:10,877] {logging_mixin.py:115} INFO - [2022-07-14 22:12:10,877] {dag.py:2420} INFO - Sync 1 DAGs
[2022-07-14 22:12:10,891] {logging_mixin.py:115} INFO - [2022-07-14 22:12:10,891] {dag.py:2439} INFO - Creating ORM DAG for example_task_group_decorator
[2022-07-14 22:12:10,910] {logging_mixin.py:115} INFO - [2022-07-14 22:12:10,910] {dag.py:2972} INFO - Setting next_dagrun for example_task_group_decorator to 2022-07-13T22:12:10.909978+00:00, run_after=2022-07-14T22:12:10.909978+00:00
[2022-07-14 22:12:10,944] {processor.py:161} INFO - Processing /home/airflow/.local/lib/python3.7/site-packages/airflow/example_dags/example_task_group_decorator.py took 0.515 seconds
[2022-07-14 22:12:41,335] {processor.py:153} INFO - Started process (PID=157) to work on /home/airflow/.local/lib/python3.7/site-packages/airflow/example_dags/example_task_group_decorator.py
[2022-07-14 22:12:41,336] {processor.py:641} INFO - Processing file /home/airflow/.local/lib/python3.7/site-packages/airflow/example_dags/example_task_group_decorator.py for tasks to queue
[2022-07-14 22:12:41,337] {logging_mixin.py:115} INFO - [2022-07-14 22:12:41,337] {dagbag.py:508} INFO - Filling up the DagBag from /home/airflow/.local/lib/python3.7/site-packages/airflow/example_dags/example_task_group_decorator.py
[2022-07-14 22:12:41,382] {processor.py:651} INFO - DAG(s) dict_keys(['example_task_group_decorator']) retrieved from /home/airflow/.local/lib/python3.7/site-packages/airflow/example_dags/example_task_group_decorator.py
[2022-07-14 22:12:41,806] {logging_mixin.py:115} INFO - [2022-07-14 22:12:41,805] {dag.py:2420} INFO - Sync 1 DAGs
[2022-07-14 22:12:41,851] {logging_mixin.py:115} INFO - [2022-07-14 22:12:41,851] {dag.py:2972} INFO - Setting next_dagrun for example_task_group_decorator to 2022-07-13T22:12:41.850972+00:00, run_after=2022-07-14T22:12:41.850972+00:00
[2022-07-14 22:12:41,877] {processor.py:161} INFO - Processing /home/airflow/.local/lib/python3.7/site-packages/airflow/example_dags/example_task_group_decorator.py took 0.548 seconds
[2022-07-14 22:13:12,166] {processor.py:153} INFO - Started process (PID=210) to work on /home/airflow/.local/lib/python3.7/site-packages/airflow/example_dags/example_task_group_decorator.py
[2022-07-14 22:13:12,167] {processor.py:641} INFO - Processing file /home/airflow/.local/lib/python3.7/site-packages/airflow/example_dags/example_task_group_decorator.py for tasks to queue
[2022-07-14 22:13:12,168] {logging_mixin.py:115} INFO - [2022-07-14 22:13:12,167] {dagbag.py:508} INFO - Filling up the DagBag from /home/airflow/.local/lib/python3.7/site-packages/airflow/example_dags/example_task_group_decorator.py
[2022-07-14 22:13:12,198] {processor.py:651} INFO - DAG(s) dict_keys(['example_task_group_decorator']) retrieved from /home/airflow/.local/lib/python3.7/site-packages/airflow/example_dags/example_task_group_decorator.py
[2022-07-14 22:13:12,428] {logging_mixin.py:115} INFO - [2022-07-14 22:13:12,427] {dag.py:2420} INFO - Sync 1 DAGs
[2022-07-14 22:13:12,457] {logging_mixin.py:115} INFO - [2022-07-14 22:13:12,457] {dag.py:2972} INFO - Setting next_dagrun for example_task_group_decorator to 2022-07-13T22:13:12.456733+00:00, run_after=2022-07-14T22:13:12.456733+00:00
[2022-07-14 22:13:12,479] {processor.py:161} INFO - Processing /home/airflow/.local/lib/python3.7/site-packages/airflow/example_dags/example_task_group_decorator.py took 0.316 seconds
[2022-07-14 22:13:42,640] {processor.py:153} INFO - Started process (PID=273) to work on /home/airflow/.local/lib/python3.7/site-packages/airflow/example_dags/example_task_group_decorator.py
[2022-07-14 22:13:42,640] {processor.py:641} INFO - Processing file /home/airflow/.local/lib/python3.7/site-packages/airflow/example_dags/example_task_group_decorator.py for tasks to queue
[2022-07-14 22:13:42,641] {logging_mixin.py:115} INFO - [2022-07-14 22:13:42,640] {dagbag.py:508} INFO - Filling up the DagBag from /home/airflow/.local/lib/python3.7/site-packages/airflow/example_dags/example_task_group_decorator.py
[2022-07-14 22:13:42,665] {processor.py:651} INFO - DAG(s) dict_keys(['example_task_group_decorator']) retrieved from /home/airflow/.local/lib/python3.7/site-packages/airflow/example_dags/example_task_group_decorator.py
[2022-07-14 22:13:42,886] {logging_mixin.py:115} INFO - [2022-07-14 22:13:42,886] {dag.py:2420} INFO - Sync 1 DAGs
[2022-07-14 22:13:42,905] {logging_mixin.py:115} INFO - [2022-07-14 22:13:42,905] {dag.py:2972} INFO - Setting next_dagrun for example_task_group_decorator to 2022-07-13T22:13:42.904960+00:00, run_after=2022-07-14T22:13:42.904960+00:00
[2022-07-14 22:13:42,920] {processor.py:161} INFO - Processing /home/airflow/.local/lib/python3.7/site-packages/airflow/example_dags/example_task_group_decorator.py took 0.283 seconds
[2022-07-14 22:14:13,142] {processor.py:153} INFO - Started process (PID=334) to work on /home/airflow/.local/lib/python3.7/site-packages/airflow/example_dags/example_task_group_decorator.py
[2022-07-14 22:14:13,142] {processor.py:641} INFO - Processing file /home/airflow/.local/lib/python3.7/site-packages/airflow/example_dags/example_task_group_decorator.py for tasks to queue
[2022-07-14 22:14:13,143] {logging_mixin.py:115} INFO - [2022-07-14 22:14:13,143] {dagbag.py:508} INFO - Filling up the DagBag from /home/airflow/.local/lib/python3.7/site-packages/airflow/example_dags/example_task_group_decorator.py
[2022-07-14 22:14:13,169] {processor.py:651} INFO - DAG(s) dict_keys(['example_task_group_decorator']) retrieved from /home/airflow/.local/lib/python3.7/site-packages/airflow/example_dags/example_task_group_decorator.py
[2022-07-14 22:14:13,417] {logging_mixin.py:115} INFO - [2022-07-14 22:14:13,417] {dag.py:2420} INFO - Sync 1 DAGs
[2022-07-14 22:14:13,441] {logging_mixin.py:115} INFO - [2022-07-14 22:14:13,441] {dag.py:2972} INFO - Setting next_dagrun for example_task_group_decorator to 2022-07-13T22:14:13.440717+00:00, run_after=2022-07-14T22:14:13.440717+00:00
[2022-07-14 22:14:13,456] {processor.py:161} INFO - Processing /home/airflow/.local/lib/python3.7/site-packages/airflow/example_dags/example_task_group_decorator.py took 0.317 seconds
[2022-07-14 22:14:43,646] {processor.py:153} INFO - Started process (PID=386) to work on /home/airflow/.local/lib/python3.7/site-packages/airflow/example_dags/example_task_group_decorator.py
[2022-07-14 22:14:43,647] {processor.py:641} INFO - Processing file /home/airflow/.local/lib/python3.7/site-packages/airflow/example_dags/example_task_group_decorator.py for tasks to queue
[2022-07-14 22:14:43,647] {logging_mixin.py:115} INFO - [2022-07-14 22:14:43,647] {dagbag.py:508} INFO - Filling up the DagBag from /home/airflow/.local/lib/python3.7/site-packages/airflow/example_dags/example_task_group_decorator.py
[2022-07-14 22:14:43,675] {processor.py:651} INFO - DAG(s) dict_keys(['example_task_group_decorator']) retrieved from /home/airflow/.local/lib/python3.7/site-packages/airflow/example_dags/example_task_group_decorator.py
[2022-07-14 22:14:43,903] {logging_mixin.py:115} INFO - [2022-07-14 22:14:43,902] {dag.py:2420} INFO - Sync 1 DAGs
[2022-07-14 22:14:43,931] {logging_mixin.py:115} INFO - [2022-07-14 22:14:43,931] {dag.py:2972} INFO - Setting next_dagrun for example_task_group_decorator to 2022-07-13T22:14:43.931357+00:00, run_after=2022-07-14T22:14:43.931357+00:00
[2022-07-14 22:14:43,948] {processor.py:161} INFO - Processing /home/airflow/.local/lib/python3.7/site-packages/airflow/example_dags/example_task_group_decorator.py took 0.305 seconds
