[2022-07-14 22:12:09,924] {processor.py:153} INFO - Started process (PID=94) to work on /home/airflow/.local/lib/python3.7/site-packages/airflow/example_dags/example_task_group.py
[2022-07-14 22:12:09,924] {processor.py:641} INFO - Processing file /home/airflow/.local/lib/python3.7/site-packages/airflow/example_dags/example_task_group.py for tasks to queue
[2022-07-14 22:12:09,925] {logging_mixin.py:115} INFO - [2022-07-14 22:12:09,925] {dagbag.py:508} INFO - Filling up the DagBag from /home/airflow/.local/lib/python3.7/site-packages/airflow/example_dags/example_task_group.py
[2022-07-14 22:12:09,935] {processor.py:651} INFO - DAG(s) dict_keys(['example_task_group']) retrieved from /home/airflow/.local/lib/python3.7/site-packages/airflow/example_dags/example_task_group.py
[2022-07-14 22:12:10,297] {logging_mixin.py:115} INFO - [2022-07-14 22:12:10,297] {manager.py:508} INFO - Created Permission View: can edit on DAG:example_task_group
[2022-07-14 22:12:10,317] {logging_mixin.py:115} INFO - [2022-07-14 22:12:10,317] {manager.py:508} INFO - Created Permission View: can read on DAG:example_task_group
[2022-07-14 22:12:10,331] {logging_mixin.py:115} INFO - [2022-07-14 22:12:10,331] {manager.py:508} INFO - Created Permission View: can delete on DAG:example_task_group
[2022-07-14 22:12:10,332] {logging_mixin.py:115} INFO - [2022-07-14 22:12:10,332] {dag.py:2420} INFO - Sync 1 DAGs
[2022-07-14 22:12:10,351] {logging_mixin.py:115} INFO - [2022-07-14 22:12:10,351] {dag.py:2439} INFO - Creating ORM DAG for example_task_group
[2022-07-14 22:12:10,372] {logging_mixin.py:115} INFO - [2022-07-14 22:12:10,372] {dag.py:2972} INFO - Setting next_dagrun for example_task_group to 2022-07-13T22:12:10.372136+00:00, run_after=2022-07-14T22:12:10.372136+00:00
[2022-07-14 22:12:10,398] {processor.py:161} INFO - Processing /home/airflow/.local/lib/python3.7/site-packages/airflow/example_dags/example_task_group.py took 0.479 seconds
[2022-07-14 22:12:41,159] {processor.py:153} INFO - Started process (PID=156) to work on /home/airflow/.local/lib/python3.7/site-packages/airflow/example_dags/example_task_group.py
[2022-07-14 22:12:41,159] {processor.py:641} INFO - Processing file /home/airflow/.local/lib/python3.7/site-packages/airflow/example_dags/example_task_group.py for tasks to queue
[2022-07-14 22:12:41,160] {logging_mixin.py:115} INFO - [2022-07-14 22:12:41,160] {dagbag.py:508} INFO - Filling up the DagBag from /home/airflow/.local/lib/python3.7/site-packages/airflow/example_dags/example_task_group.py
[2022-07-14 22:12:41,169] {processor.py:651} INFO - DAG(s) dict_keys(['example_task_group']) retrieved from /home/airflow/.local/lib/python3.7/site-packages/airflow/example_dags/example_task_group.py
[2022-07-14 22:12:41,209] {logging_mixin.py:115} INFO - [2022-07-14 22:12:41,208] {dag.py:2420} INFO - Sync 1 DAGs
[2022-07-14 22:12:41,252] {logging_mixin.py:115} INFO - [2022-07-14 22:12:41,251] {dag.py:2972} INFO - Setting next_dagrun for example_task_group to 2022-07-13T22:12:41.251367+00:00, run_after=2022-07-14T22:12:41.251367+00:00
[2022-07-14 22:12:41,285] {processor.py:161} INFO - Processing /home/airflow/.local/lib/python3.7/site-packages/airflow/example_dags/example_task_group.py took 0.131 seconds
[2022-07-14 22:13:12,056] {processor.py:153} INFO - Started process (PID=209) to work on /home/airflow/.local/lib/python3.7/site-packages/airflow/example_dags/example_task_group.py
[2022-07-14 22:13:12,057] {processor.py:641} INFO - Processing file /home/airflow/.local/lib/python3.7/site-packages/airflow/example_dags/example_task_group.py for tasks to queue
[2022-07-14 22:13:12,058] {logging_mixin.py:115} INFO - [2022-07-14 22:13:12,058] {dagbag.py:508} INFO - Filling up the DagBag from /home/airflow/.local/lib/python3.7/site-packages/airflow/example_dags/example_task_group.py
[2022-07-14 22:13:12,066] {processor.py:651} INFO - DAG(s) dict_keys(['example_task_group']) retrieved from /home/airflow/.local/lib/python3.7/site-packages/airflow/example_dags/example_task_group.py
[2022-07-14 22:13:12,098] {logging_mixin.py:115} INFO - [2022-07-14 22:13:12,098] {dag.py:2420} INFO - Sync 1 DAGs
[2022-07-14 22:13:12,129] {logging_mixin.py:115} INFO - [2022-07-14 22:13:12,129] {dag.py:2972} INFO - Setting next_dagrun for example_task_group to 2022-07-13T22:13:12.128581+00:00, run_after=2022-07-14T22:13:12.128581+00:00
[2022-07-14 22:13:12,143] {processor.py:161} INFO - Processing /home/airflow/.local/lib/python3.7/site-packages/airflow/example_dags/example_task_group.py took 0.090 seconds
[2022-07-14 22:13:42,439] {processor.py:153} INFO - Started process (PID=270) to work on /home/airflow/.local/lib/python3.7/site-packages/airflow/example_dags/example_task_group.py
[2022-07-14 22:13:42,439] {processor.py:641} INFO - Processing file /home/airflow/.local/lib/python3.7/site-packages/airflow/example_dags/example_task_group.py for tasks to queue
[2022-07-14 22:13:42,440] {logging_mixin.py:115} INFO - [2022-07-14 22:13:42,440] {dagbag.py:508} INFO - Filling up the DagBag from /home/airflow/.local/lib/python3.7/site-packages/airflow/example_dags/example_task_group.py
[2022-07-14 22:13:42,447] {processor.py:651} INFO - DAG(s) dict_keys(['example_task_group']) retrieved from /home/airflow/.local/lib/python3.7/site-packages/airflow/example_dags/example_task_group.py
[2022-07-14 22:13:42,479] {logging_mixin.py:115} INFO - [2022-07-14 22:13:42,479] {dag.py:2420} INFO - Sync 1 DAGs
[2022-07-14 22:13:42,505] {logging_mixin.py:115} INFO - [2022-07-14 22:13:42,505] {dag.py:2972} INFO - Setting next_dagrun for example_task_group to 2022-07-13T22:13:42.505306+00:00, run_after=2022-07-14T22:13:42.505306+00:00
[2022-07-14 22:13:42,521] {processor.py:161} INFO - Processing /home/airflow/.local/lib/python3.7/site-packages/airflow/example_dags/example_task_group.py took 0.085 seconds
[2022-07-14 22:14:12,916] {processor.py:153} INFO - Started process (PID=331) to work on /home/airflow/.local/lib/python3.7/site-packages/airflow/example_dags/example_task_group.py
[2022-07-14 22:14:12,917] {processor.py:641} INFO - Processing file /home/airflow/.local/lib/python3.7/site-packages/airflow/example_dags/example_task_group.py for tasks to queue
[2022-07-14 22:14:12,918] {logging_mixin.py:115} INFO - [2022-07-14 22:14:12,918] {dagbag.py:508} INFO - Filling up the DagBag from /home/airflow/.local/lib/python3.7/site-packages/airflow/example_dags/example_task_group.py
[2022-07-14 22:14:12,925] {processor.py:651} INFO - DAG(s) dict_keys(['example_task_group']) retrieved from /home/airflow/.local/lib/python3.7/site-packages/airflow/example_dags/example_task_group.py
[2022-07-14 22:14:12,952] {logging_mixin.py:115} INFO - [2022-07-14 22:14:12,952] {dag.py:2420} INFO - Sync 1 DAGs
[2022-07-14 22:14:12,990] {logging_mixin.py:115} INFO - [2022-07-14 22:14:12,990] {dag.py:2972} INFO - Setting next_dagrun for example_task_group to 2022-07-13T22:14:12.989822+00:00, run_after=2022-07-14T22:14:12.989822+00:00
[2022-07-14 22:14:13,009] {processor.py:161} INFO - Processing /home/airflow/.local/lib/python3.7/site-packages/airflow/example_dags/example_task_group.py took 0.096 seconds
[2022-07-14 22:14:43,405] {processor.py:153} INFO - Started process (PID=383) to work on /home/airflow/.local/lib/python3.7/site-packages/airflow/example_dags/example_task_group.py
[2022-07-14 22:14:43,407] {processor.py:641} INFO - Processing file /home/airflow/.local/lib/python3.7/site-packages/airflow/example_dags/example_task_group.py for tasks to queue
[2022-07-14 22:14:43,408] {logging_mixin.py:115} INFO - [2022-07-14 22:14:43,407] {dagbag.py:508} INFO - Filling up the DagBag from /home/airflow/.local/lib/python3.7/site-packages/airflow/example_dags/example_task_group.py
[2022-07-14 22:14:43,416] {processor.py:651} INFO - DAG(s) dict_keys(['example_task_group']) retrieved from /home/airflow/.local/lib/python3.7/site-packages/airflow/example_dags/example_task_group.py
[2022-07-14 22:14:43,449] {logging_mixin.py:115} INFO - [2022-07-14 22:14:43,449] {dag.py:2420} INFO - Sync 1 DAGs
[2022-07-14 22:14:43,476] {logging_mixin.py:115} INFO - [2022-07-14 22:14:43,476] {dag.py:2972} INFO - Setting next_dagrun for example_task_group to 2022-07-13T22:14:43.476359+00:00, run_after=2022-07-14T22:14:43.476359+00:00
[2022-07-14 22:14:43,492] {processor.py:161} INFO - Processing /home/airflow/.local/lib/python3.7/site-packages/airflow/example_dags/example_task_group.py took 0.090 seconds
