[2022-07-14 22:12:06,692] {processor.py:153} INFO - Started process (PID=81) to work on /home/airflow/.local/lib/python3.7/site-packages/airflow/example_dags/example_dag_decorator.py
[2022-07-14 22:12:06,692] {processor.py:641} INFO - Processing file /home/airflow/.local/lib/python3.7/site-packages/airflow/example_dags/example_dag_decorator.py for tasks to queue
[2022-07-14 22:12:06,693] {logging_mixin.py:115} INFO - [2022-07-14 22:12:06,693] {dagbag.py:508} INFO - Filling up the DagBag from /home/airflow/.local/lib/python3.7/site-packages/airflow/example_dags/example_dag_decorator.py
[2022-07-14 22:12:06,736] {processor.py:651} INFO - DAG(s) dict_keys(['example_dag_decorator']) retrieved from /home/airflow/.local/lib/python3.7/site-packages/airflow/example_dags/example_dag_decorator.py
[2022-07-14 22:12:07,368] {logging_mixin.py:115} INFO - [2022-07-14 22:12:07,368] {manager.py:508} INFO - Created Permission View: can edit on DAG:example_dag_decorator
[2022-07-14 22:12:07,384] {logging_mixin.py:115} INFO - [2022-07-14 22:12:07,384] {manager.py:508} INFO - Created Permission View: can read on DAG:example_dag_decorator
[2022-07-14 22:12:07,398] {logging_mixin.py:115} INFO - [2022-07-14 22:12:07,398] {manager.py:508} INFO - Created Permission View: can delete on DAG:example_dag_decorator
[2022-07-14 22:12:07,399] {logging_mixin.py:115} INFO - [2022-07-14 22:12:07,399] {dag.py:2420} INFO - Sync 1 DAGs
[2022-07-14 22:12:07,414] {logging_mixin.py:115} INFO - [2022-07-14 22:12:07,414] {dag.py:2439} INFO - Creating ORM DAG for example_dag_decorator
[2022-07-14 22:12:07,434] {logging_mixin.py:115} INFO - [2022-07-14 22:12:07,433] {dag.py:2972} INFO - Setting next_dagrun for example_dag_decorator to None, run_after=None
[2022-07-14 22:12:07,458] {processor.py:161} INFO - Processing /home/airflow/.local/lib/python3.7/site-packages/airflow/example_dags/example_dag_decorator.py took 0.770 seconds
[2022-07-14 22:12:37,951] {processor.py:153} INFO - Started process (PID=143) to work on /home/airflow/.local/lib/python3.7/site-packages/airflow/example_dags/example_dag_decorator.py
[2022-07-14 22:12:37,952] {processor.py:641} INFO - Processing file /home/airflow/.local/lib/python3.7/site-packages/airflow/example_dags/example_dag_decorator.py for tasks to queue
[2022-07-14 22:12:37,953] {logging_mixin.py:115} INFO - [2022-07-14 22:12:37,953] {dagbag.py:508} INFO - Filling up the DagBag from /home/airflow/.local/lib/python3.7/site-packages/airflow/example_dags/example_dag_decorator.py
[2022-07-14 22:12:37,985] {processor.py:651} INFO - DAG(s) dict_keys(['example_dag_decorator']) retrieved from /home/airflow/.local/lib/python3.7/site-packages/airflow/example_dags/example_dag_decorator.py
[2022-07-14 22:12:38,354] {logging_mixin.py:115} INFO - [2022-07-14 22:12:38,354] {dag.py:2420} INFO - Sync 1 DAGs
[2022-07-14 22:12:38,383] {logging_mixin.py:115} INFO - [2022-07-14 22:12:38,382] {dag.py:2972} INFO - Setting next_dagrun for example_dag_decorator to None, run_after=None
[2022-07-14 22:12:38,400] {processor.py:161} INFO - Processing /home/airflow/.local/lib/python3.7/site-packages/airflow/example_dags/example_dag_decorator.py took 0.455 seconds
[2022-07-14 22:13:09,315] {processor.py:153} INFO - Started process (PID=197) to work on /home/airflow/.local/lib/python3.7/site-packages/airflow/example_dags/example_dag_decorator.py
[2022-07-14 22:13:09,315] {processor.py:641} INFO - Processing file /home/airflow/.local/lib/python3.7/site-packages/airflow/example_dags/example_dag_decorator.py for tasks to queue
[2022-07-14 22:13:09,316] {logging_mixin.py:115} INFO - [2022-07-14 22:13:09,316] {dagbag.py:508} INFO - Filling up the DagBag from /home/airflow/.local/lib/python3.7/site-packages/airflow/example_dags/example_dag_decorator.py
[2022-07-14 22:13:09,344] {processor.py:651} INFO - DAG(s) dict_keys(['example_dag_decorator']) retrieved from /home/airflow/.local/lib/python3.7/site-packages/airflow/example_dags/example_dag_decorator.py
[2022-07-14 22:13:09,590] {logging_mixin.py:115} INFO - [2022-07-14 22:13:09,590] {dag.py:2420} INFO - Sync 1 DAGs
[2022-07-14 22:13:09,617] {logging_mixin.py:115} INFO - [2022-07-14 22:13:09,616] {dag.py:2972} INFO - Setting next_dagrun for example_dag_decorator to None, run_after=None
[2022-07-14 22:13:09,633] {processor.py:161} INFO - Processing /home/airflow/.local/lib/python3.7/site-packages/airflow/example_dags/example_dag_decorator.py took 0.322 seconds
[2022-07-14 22:13:39,744] {processor.py:153} INFO - Started process (PID=258) to work on /home/airflow/.local/lib/python3.7/site-packages/airflow/example_dags/example_dag_decorator.py
[2022-07-14 22:13:39,745] {processor.py:641} INFO - Processing file /home/airflow/.local/lib/python3.7/site-packages/airflow/example_dags/example_dag_decorator.py for tasks to queue
[2022-07-14 22:13:39,745] {logging_mixin.py:115} INFO - [2022-07-14 22:13:39,745] {dagbag.py:508} INFO - Filling up the DagBag from /home/airflow/.local/lib/python3.7/site-packages/airflow/example_dags/example_dag_decorator.py
[2022-07-14 22:13:39,774] {processor.py:651} INFO - DAG(s) dict_keys(['example_dag_decorator']) retrieved from /home/airflow/.local/lib/python3.7/site-packages/airflow/example_dags/example_dag_decorator.py
[2022-07-14 22:13:40,030] {logging_mixin.py:115} INFO - [2022-07-14 22:13:40,029] {dag.py:2420} INFO - Sync 1 DAGs
[2022-07-14 22:13:40,058] {logging_mixin.py:115} INFO - [2022-07-14 22:13:40,058] {dag.py:2972} INFO - Setting next_dagrun for example_dag_decorator to None, run_after=None
[2022-07-14 22:13:40,072] {processor.py:161} INFO - Processing /home/airflow/.local/lib/python3.7/site-packages/airflow/example_dags/example_dag_decorator.py took 0.330 seconds
[2022-07-14 22:14:10,234] {processor.py:153} INFO - Started process (PID=310) to work on /home/airflow/.local/lib/python3.7/site-packages/airflow/example_dags/example_dag_decorator.py
[2022-07-14 22:14:10,235] {processor.py:641} INFO - Processing file /home/airflow/.local/lib/python3.7/site-packages/airflow/example_dags/example_dag_decorator.py for tasks to queue
[2022-07-14 22:14:10,235] {logging_mixin.py:115} INFO - [2022-07-14 22:14:10,235] {dagbag.py:508} INFO - Filling up the DagBag from /home/airflow/.local/lib/python3.7/site-packages/airflow/example_dags/example_dag_decorator.py
[2022-07-14 22:14:10,258] {processor.py:651} INFO - DAG(s) dict_keys(['example_dag_decorator']) retrieved from /home/airflow/.local/lib/python3.7/site-packages/airflow/example_dags/example_dag_decorator.py
[2022-07-14 22:14:10,493] {logging_mixin.py:115} INFO - [2022-07-14 22:14:10,493] {dag.py:2420} INFO - Sync 1 DAGs
[2022-07-14 22:14:10,518] {logging_mixin.py:115} INFO - [2022-07-14 22:14:10,517] {dag.py:2972} INFO - Setting next_dagrun for example_dag_decorator to None, run_after=None
[2022-07-14 22:14:10,536] {processor.py:161} INFO - Processing /home/airflow/.local/lib/python3.7/site-packages/airflow/example_dags/example_dag_decorator.py took 0.305 seconds
[2022-07-14 22:14:40,715] {processor.py:153} INFO - Started process (PID=371) to work on /home/airflow/.local/lib/python3.7/site-packages/airflow/example_dags/example_dag_decorator.py
[2022-07-14 22:14:40,715] {processor.py:641} INFO - Processing file /home/airflow/.local/lib/python3.7/site-packages/airflow/example_dags/example_dag_decorator.py for tasks to queue
[2022-07-14 22:14:40,716] {logging_mixin.py:115} INFO - [2022-07-14 22:14:40,716] {dagbag.py:508} INFO - Filling up the DagBag from /home/airflow/.local/lib/python3.7/site-packages/airflow/example_dags/example_dag_decorator.py
[2022-07-14 22:14:40,737] {processor.py:651} INFO - DAG(s) dict_keys(['example_dag_decorator']) retrieved from /home/airflow/.local/lib/python3.7/site-packages/airflow/example_dags/example_dag_decorator.py
[2022-07-14 22:14:40,974] {logging_mixin.py:115} INFO - [2022-07-14 22:14:40,974] {dag.py:2420} INFO - Sync 1 DAGs
[2022-07-14 22:14:40,997] {logging_mixin.py:115} INFO - [2022-07-14 22:14:40,997] {dag.py:2972} INFO - Setting next_dagrun for example_dag_decorator to None, run_after=None
[2022-07-14 22:14:41,014] {processor.py:161} INFO - Processing /home/airflow/.local/lib/python3.7/site-packages/airflow/example_dags/example_dag_decorator.py took 0.302 seconds
