[2022-07-14 22:12:06,209] {processor.py:153} INFO - Started process (PID=79) to work on /home/airflow/.local/lib/python3.7/site-packages/airflow/example_dags/example_branch_python_dop_operator_3.py
[2022-07-14 22:12:06,210] {processor.py:641} INFO - Processing file /home/airflow/.local/lib/python3.7/site-packages/airflow/example_dags/example_branch_python_dop_operator_3.py for tasks to queue
[2022-07-14 22:12:06,210] {logging_mixin.py:115} INFO - [2022-07-14 22:12:06,210] {dagbag.py:508} INFO - Filling up the DagBag from /home/airflow/.local/lib/python3.7/site-packages/airflow/example_dags/example_branch_python_dop_operator_3.py
[2022-07-14 22:12:06,224] {processor.py:651} INFO - DAG(s) dict_keys(['example_branch_dop_operator_v3']) retrieved from /home/airflow/.local/lib/python3.7/site-packages/airflow/example_dags/example_branch_python_dop_operator_3.py
[2022-07-14 22:12:06,553] {logging_mixin.py:115} INFO - [2022-07-14 22:12:06,553] {manager.py:508} INFO - Created Permission View: can edit on DAG:example_branch_dop_operator_v3
[2022-07-14 22:12:06,572] {logging_mixin.py:115} INFO - [2022-07-14 22:12:06,571] {manager.py:508} INFO - Created Permission View: can read on DAG:example_branch_dop_operator_v3
[2022-07-14 22:12:06,588] {logging_mixin.py:115} INFO - [2022-07-14 22:12:06,588] {manager.py:508} INFO - Created Permission View: can delete on DAG:example_branch_dop_operator_v3
[2022-07-14 22:12:06,588] {logging_mixin.py:115} INFO - [2022-07-14 22:12:06,588] {dag.py:2420} INFO - Sync 1 DAGs
[2022-07-14 22:12:06,603] {logging_mixin.py:115} INFO - [2022-07-14 22:12:06,603] {dag.py:2439} INFO - Creating ORM DAG for example_branch_dop_operator_v3
[2022-07-14 22:12:06,629] {logging_mixin.py:115} INFO - [2022-07-14 22:12:06,629] {dag.py:2972} INFO - Setting next_dagrun for example_branch_dop_operator_v3 to 2022-07-14T22:11:00+00:00, run_after=2022-07-14T22:12:00+00:00
[2022-07-14 22:12:06,654] {processor.py:161} INFO - Processing /home/airflow/.local/lib/python3.7/site-packages/airflow/example_dags/example_branch_python_dop_operator_3.py took 0.448 seconds
[2022-07-14 22:12:36,754] {processor.py:153} INFO - Started process (PID=132) to work on /home/airflow/.local/lib/python3.7/site-packages/airflow/example_dags/example_branch_python_dop_operator_3.py
[2022-07-14 22:12:36,755] {processor.py:641} INFO - Processing file /home/airflow/.local/lib/python3.7/site-packages/airflow/example_dags/example_branch_python_dop_operator_3.py for tasks to queue
[2022-07-14 22:12:36,755] {logging_mixin.py:115} INFO - [2022-07-14 22:12:36,755] {dagbag.py:508} INFO - Filling up the DagBag from /home/airflow/.local/lib/python3.7/site-packages/airflow/example_dags/example_branch_python_dop_operator_3.py
[2022-07-14 22:12:36,769] {processor.py:651} INFO - DAG(s) dict_keys(['example_branch_dop_operator_v3']) retrieved from /home/airflow/.local/lib/python3.7/site-packages/airflow/example_dags/example_branch_python_dop_operator_3.py
[2022-07-14 22:12:36,808] {logging_mixin.py:115} INFO - [2022-07-14 22:12:36,807] {dag.py:2420} INFO - Sync 1 DAGs
[2022-07-14 22:12:36,858] {logging_mixin.py:115} INFO - [2022-07-14 22:12:36,858] {dag.py:2972} INFO - Setting next_dagrun for example_branch_dop_operator_v3 to 2022-07-14T22:11:00+00:00, run_after=2022-07-14T22:12:00+00:00
[2022-07-14 22:12:36,881] {processor.py:161} INFO - Processing /home/airflow/.local/lib/python3.7/site-packages/airflow/example_dags/example_branch_python_dop_operator_3.py took 0.131 seconds
[2022-07-14 22:13:07,056] {processor.py:153} INFO - Started process (PID=194) to work on /home/airflow/.local/lib/python3.7/site-packages/airflow/example_dags/example_branch_python_dop_operator_3.py
[2022-07-14 22:13:07,056] {processor.py:641} INFO - Processing file /home/airflow/.local/lib/python3.7/site-packages/airflow/example_dags/example_branch_python_dop_operator_3.py for tasks to queue
[2022-07-14 22:13:07,057] {logging_mixin.py:115} INFO - [2022-07-14 22:13:07,057] {dagbag.py:508} INFO - Filling up the DagBag from /home/airflow/.local/lib/python3.7/site-packages/airflow/example_dags/example_branch_python_dop_operator_3.py
[2022-07-14 22:13:07,068] {processor.py:651} INFO - DAG(s) dict_keys(['example_branch_dop_operator_v3']) retrieved from /home/airflow/.local/lib/python3.7/site-packages/airflow/example_dags/example_branch_python_dop_operator_3.py
[2022-07-14 22:13:07,098] {logging_mixin.py:115} INFO - [2022-07-14 22:13:07,098] {dag.py:2420} INFO - Sync 1 DAGs
[2022-07-14 22:13:07,135] {logging_mixin.py:115} INFO - [2022-07-14 22:13:07,135] {dag.py:2972} INFO - Setting next_dagrun for example_branch_dop_operator_v3 to 2022-07-14T22:12:00+00:00, run_after=2022-07-14T22:13:00+00:00
[2022-07-14 22:13:07,155] {processor.py:161} INFO - Processing /home/airflow/.local/lib/python3.7/site-packages/airflow/example_dags/example_branch_python_dop_operator_3.py took 0.103 seconds
[2022-07-14 22:13:37,608] {processor.py:153} INFO - Started process (PID=255) to work on /home/airflow/.local/lib/python3.7/site-packages/airflow/example_dags/example_branch_python_dop_operator_3.py
[2022-07-14 22:13:37,609] {processor.py:641} INFO - Processing file /home/airflow/.local/lib/python3.7/site-packages/airflow/example_dags/example_branch_python_dop_operator_3.py for tasks to queue
[2022-07-14 22:13:37,609] {logging_mixin.py:115} INFO - [2022-07-14 22:13:37,609] {dagbag.py:508} INFO - Filling up the DagBag from /home/airflow/.local/lib/python3.7/site-packages/airflow/example_dags/example_branch_python_dop_operator_3.py
[2022-07-14 22:13:37,619] {processor.py:651} INFO - DAG(s) dict_keys(['example_branch_dop_operator_v3']) retrieved from /home/airflow/.local/lib/python3.7/site-packages/airflow/example_dags/example_branch_python_dop_operator_3.py
[2022-07-14 22:13:37,652] {logging_mixin.py:115} INFO - [2022-07-14 22:13:37,652] {dag.py:2420} INFO - Sync 1 DAGs
[2022-07-14 22:13:37,690] {logging_mixin.py:115} INFO - [2022-07-14 22:13:37,690] {dag.py:2972} INFO - Setting next_dagrun for example_branch_dop_operator_v3 to 2022-07-14T22:12:00+00:00, run_after=2022-07-14T22:13:00+00:00
[2022-07-14 22:13:37,703] {processor.py:161} INFO - Processing /home/airflow/.local/lib/python3.7/site-packages/airflow/example_dags/example_branch_python_dop_operator_3.py took 0.098 seconds
[2022-07-14 22:14:08,093] {processor.py:153} INFO - Started process (PID=307) to work on /home/airflow/.local/lib/python3.7/site-packages/airflow/example_dags/example_branch_python_dop_operator_3.py
[2022-07-14 22:14:08,094] {processor.py:641} INFO - Processing file /home/airflow/.local/lib/python3.7/site-packages/airflow/example_dags/example_branch_python_dop_operator_3.py for tasks to queue
[2022-07-14 22:14:08,094] {logging_mixin.py:115} INFO - [2022-07-14 22:14:08,094] {dagbag.py:508} INFO - Filling up the DagBag from /home/airflow/.local/lib/python3.7/site-packages/airflow/example_dags/example_branch_python_dop_operator_3.py
[2022-07-14 22:14:08,104] {processor.py:651} INFO - DAG(s) dict_keys(['example_branch_dop_operator_v3']) retrieved from /home/airflow/.local/lib/python3.7/site-packages/airflow/example_dags/example_branch_python_dop_operator_3.py
[2022-07-14 22:14:08,136] {logging_mixin.py:115} INFO - [2022-07-14 22:14:08,136] {dag.py:2420} INFO - Sync 1 DAGs
[2022-07-14 22:14:08,168] {logging_mixin.py:115} INFO - [2022-07-14 22:14:08,168] {dag.py:2972} INFO - Setting next_dagrun for example_branch_dop_operator_v3 to 2022-07-14T22:13:00+00:00, run_after=2022-07-14T22:14:00+00:00
[2022-07-14 22:14:08,184] {processor.py:161} INFO - Processing /home/airflow/.local/lib/python3.7/site-packages/airflow/example_dags/example_branch_python_dop_operator_3.py took 0.093 seconds
[2022-07-14 22:14:38,508] {processor.py:153} INFO - Started process (PID=368) to work on /home/airflow/.local/lib/python3.7/site-packages/airflow/example_dags/example_branch_python_dop_operator_3.py
[2022-07-14 22:14:38,508] {processor.py:641} INFO - Processing file /home/airflow/.local/lib/python3.7/site-packages/airflow/example_dags/example_branch_python_dop_operator_3.py for tasks to queue
[2022-07-14 22:14:38,509] {logging_mixin.py:115} INFO - [2022-07-14 22:14:38,509] {dagbag.py:508} INFO - Filling up the DagBag from /home/airflow/.local/lib/python3.7/site-packages/airflow/example_dags/example_branch_python_dop_operator_3.py
[2022-07-14 22:14:38,517] {processor.py:651} INFO - DAG(s) dict_keys(['example_branch_dop_operator_v3']) retrieved from /home/airflow/.local/lib/python3.7/site-packages/airflow/example_dags/example_branch_python_dop_operator_3.py
[2022-07-14 22:14:38,541] {logging_mixin.py:115} INFO - [2022-07-14 22:14:38,541] {dag.py:2420} INFO - Sync 1 DAGs
[2022-07-14 22:14:38,571] {logging_mixin.py:115} INFO - [2022-07-14 22:14:38,571] {dag.py:2972} INFO - Setting next_dagrun for example_branch_dop_operator_v3 to 2022-07-14T22:13:00+00:00, run_after=2022-07-14T22:14:00+00:00
[2022-07-14 22:14:38,585] {processor.py:161} INFO - Processing /home/airflow/.local/lib/python3.7/site-packages/airflow/example_dags/example_branch_python_dop_operator_3.py took 0.079 seconds
