[2022-07-14 22:12:11,588] {processor.py:153} INFO - Started process (PID=107) to work on /home/airflow/.local/lib/python3.7/site-packages/airflow/example_dags/example_xcom.py
[2022-07-14 22:12:11,588] {processor.py:641} INFO - Processing file /home/airflow/.local/lib/python3.7/site-packages/airflow/example_dags/example_xcom.py for tasks to queue
[2022-07-14 22:12:11,589] {logging_mixin.py:115} INFO - [2022-07-14 22:12:11,589] {dagbag.py:508} INFO - Filling up the DagBag from /home/airflow/.local/lib/python3.7/site-packages/airflow/example_dags/example_xcom.py
[2022-07-14 22:12:11,620] {processor.py:651} INFO - DAG(s) dict_keys(['example_xcom']) retrieved from /home/airflow/.local/lib/python3.7/site-packages/airflow/example_dags/example_xcom.py
[2022-07-14 22:12:12,099] {logging_mixin.py:115} INFO - [2022-07-14 22:12:12,099] {manager.py:508} INFO - Created Permission View: can edit on DAG:example_xcom
[2022-07-14 22:12:12,115] {logging_mixin.py:115} INFO - [2022-07-14 22:12:12,115] {manager.py:508} INFO - Created Permission View: can read on DAG:example_xcom
[2022-07-14 22:12:12,131] {logging_mixin.py:115} INFO - [2022-07-14 22:12:12,130] {manager.py:508} INFO - Created Permission View: can delete on DAG:example_xcom
[2022-07-14 22:12:12,131] {logging_mixin.py:115} INFO - [2022-07-14 22:12:12,131] {dag.py:2420} INFO - Sync 1 DAGs
[2022-07-14 22:12:12,172] {logging_mixin.py:115} INFO - [2022-07-14 22:12:12,172] {dag.py:2439} INFO - Creating ORM DAG for example_xcom
[2022-07-14 22:12:12,203] {logging_mixin.py:115} INFO - [2022-07-14 22:12:12,203] {dag.py:2972} INFO - Setting next_dagrun for example_xcom to 2021-01-01T00:00:00+00:00, run_after=2021-01-01T00:00:00+00:00
[2022-07-14 22:12:12,232] {processor.py:161} INFO - Processing /home/airflow/.local/lib/python3.7/site-packages/airflow/example_dags/example_xcom.py took 0.648 seconds
[2022-07-14 22:12:42,809] {processor.py:153} INFO - Started process (PID=161) to work on /home/airflow/.local/lib/python3.7/site-packages/airflow/example_dags/example_xcom.py
[2022-07-14 22:12:42,811] {processor.py:641} INFO - Processing file /home/airflow/.local/lib/python3.7/site-packages/airflow/example_dags/example_xcom.py for tasks to queue
[2022-07-14 22:12:42,812] {logging_mixin.py:115} INFO - [2022-07-14 22:12:42,812] {dagbag.py:508} INFO - Filling up the DagBag from /home/airflow/.local/lib/python3.7/site-packages/airflow/example_dags/example_xcom.py
[2022-07-14 22:12:42,856] {processor.py:651} INFO - DAG(s) dict_keys(['example_xcom']) retrieved from /home/airflow/.local/lib/python3.7/site-packages/airflow/example_dags/example_xcom.py
[2022-07-14 22:12:43,252] {logging_mixin.py:115} INFO - [2022-07-14 22:12:43,251] {dag.py:2420} INFO - Sync 1 DAGs
[2022-07-14 22:12:43,303] {logging_mixin.py:115} INFO - [2022-07-14 22:12:43,303] {dag.py:2972} INFO - Setting next_dagrun for example_xcom to 2021-01-01T00:00:00+00:00, run_after=2021-01-01T00:00:00+00:00
[2022-07-14 22:12:43,342] {processor.py:161} INFO - Processing /home/airflow/.local/lib/python3.7/site-packages/airflow/example_dags/example_xcom.py took 0.541 seconds
[2022-07-14 22:13:13,426] {processor.py:153} INFO - Started process (PID=214) to work on /home/airflow/.local/lib/python3.7/site-packages/airflow/example_dags/example_xcom.py
[2022-07-14 22:13:13,426] {processor.py:641} INFO - Processing file /home/airflow/.local/lib/python3.7/site-packages/airflow/example_dags/example_xcom.py for tasks to queue
[2022-07-14 22:13:13,427] {logging_mixin.py:115} INFO - [2022-07-14 22:13:13,427] {dagbag.py:508} INFO - Filling up the DagBag from /home/airflow/.local/lib/python3.7/site-packages/airflow/example_dags/example_xcom.py
[2022-07-14 22:13:13,447] {processor.py:651} INFO - DAG(s) dict_keys(['example_xcom']) retrieved from /home/airflow/.local/lib/python3.7/site-packages/airflow/example_dags/example_xcom.py
[2022-07-14 22:13:13,686] {logging_mixin.py:115} INFO - [2022-07-14 22:13:13,686] {dag.py:2420} INFO - Sync 1 DAGs
[2022-07-14 22:13:13,711] {logging_mixin.py:115} INFO - [2022-07-14 22:13:13,710] {dag.py:2972} INFO - Setting next_dagrun for example_xcom to 2021-01-01T00:00:00+00:00, run_after=2021-01-01T00:00:00+00:00
[2022-07-14 22:13:13,726] {processor.py:161} INFO - Processing /home/airflow/.local/lib/python3.7/site-packages/airflow/example_dags/example_xcom.py took 0.304 seconds
[2022-07-14 22:13:43,757] {processor.py:153} INFO - Started process (PID=275) to work on /home/airflow/.local/lib/python3.7/site-packages/airflow/example_dags/example_xcom.py
[2022-07-14 22:13:43,757] {processor.py:641} INFO - Processing file /home/airflow/.local/lib/python3.7/site-packages/airflow/example_dags/example_xcom.py for tasks to queue
[2022-07-14 22:13:43,758] {logging_mixin.py:115} INFO - [2022-07-14 22:13:43,758] {dagbag.py:508} INFO - Filling up the DagBag from /home/airflow/.local/lib/python3.7/site-packages/airflow/example_dags/example_xcom.py
[2022-07-14 22:13:43,775] {processor.py:651} INFO - DAG(s) dict_keys(['example_xcom']) retrieved from /home/airflow/.local/lib/python3.7/site-packages/airflow/example_dags/example_xcom.py
[2022-07-14 22:13:43,978] {logging_mixin.py:115} INFO - [2022-07-14 22:13:43,978] {dag.py:2420} INFO - Sync 1 DAGs
[2022-07-14 22:13:44,003] {logging_mixin.py:115} INFO - [2022-07-14 22:13:44,002] {dag.py:2972} INFO - Setting next_dagrun for example_xcom to 2021-01-01T00:00:00+00:00, run_after=2021-01-01T00:00:00+00:00
[2022-07-14 22:13:44,015] {processor.py:161} INFO - Processing /home/airflow/.local/lib/python3.7/site-packages/airflow/example_dags/example_xcom.py took 0.261 seconds
[2022-07-14 22:14:14,162] {processor.py:153} INFO - Started process (PID=336) to work on /home/airflow/.local/lib/python3.7/site-packages/airflow/example_dags/example_xcom.py
[2022-07-14 22:14:14,162] {processor.py:641} INFO - Processing file /home/airflow/.local/lib/python3.7/site-packages/airflow/example_dags/example_xcom.py for tasks to queue
[2022-07-14 22:14:14,163] {logging_mixin.py:115} INFO - [2022-07-14 22:14:14,163] {dagbag.py:508} INFO - Filling up the DagBag from /home/airflow/.local/lib/python3.7/site-packages/airflow/example_dags/example_xcom.py
[2022-07-14 22:14:14,186] {processor.py:651} INFO - DAG(s) dict_keys(['example_xcom']) retrieved from /home/airflow/.local/lib/python3.7/site-packages/airflow/example_dags/example_xcom.py
[2022-07-14 22:14:14,428] {logging_mixin.py:115} INFO - [2022-07-14 22:14:14,428] {dag.py:2420} INFO - Sync 1 DAGs
[2022-07-14 22:14:14,450] {logging_mixin.py:115} INFO - [2022-07-14 22:14:14,449] {dag.py:2972} INFO - Setting next_dagrun for example_xcom to 2021-01-01T00:00:00+00:00, run_after=2021-01-01T00:00:00+00:00
[2022-07-14 22:14:14,465] {processor.py:161} INFO - Processing /home/airflow/.local/lib/python3.7/site-packages/airflow/example_dags/example_xcom.py took 0.306 seconds
[2022-07-14 22:14:44,667] {processor.py:153} INFO - Started process (PID=388) to work on /home/airflow/.local/lib/python3.7/site-packages/airflow/example_dags/example_xcom.py
[2022-07-14 22:14:44,668] {processor.py:641} INFO - Processing file /home/airflow/.local/lib/python3.7/site-packages/airflow/example_dags/example_xcom.py for tasks to queue
[2022-07-14 22:14:44,668] {logging_mixin.py:115} INFO - [2022-07-14 22:14:44,668] {dagbag.py:508} INFO - Filling up the DagBag from /home/airflow/.local/lib/python3.7/site-packages/airflow/example_dags/example_xcom.py
[2022-07-14 22:14:44,687] {processor.py:651} INFO - DAG(s) dict_keys(['example_xcom']) retrieved from /home/airflow/.local/lib/python3.7/site-packages/airflow/example_dags/example_xcom.py
[2022-07-14 22:14:44,932] {logging_mixin.py:115} INFO - [2022-07-14 22:14:44,931] {dag.py:2420} INFO - Sync 1 DAGs
[2022-07-14 22:14:44,956] {logging_mixin.py:115} INFO - [2022-07-14 22:14:44,956] {dag.py:2972} INFO - Setting next_dagrun for example_xcom to 2021-01-01T00:00:00+00:00, run_after=2021-01-01T00:00:00+00:00
[2022-07-14 22:14:44,972] {processor.py:161} INFO - Processing /home/airflow/.local/lib/python3.7/site-packages/airflow/example_dags/example_xcom.py took 0.309 seconds
