[2022-07-14 22:12:07,552] {processor.py:153} INFO - Started process (PID=84) to work on /home/airflow/.local/lib/python3.7/site-packages/airflow/example_dags/example_latest_only.py
[2022-07-14 22:12:07,552] {processor.py:641} INFO - Processing file /home/airflow/.local/lib/python3.7/site-packages/airflow/example_dags/example_latest_only.py for tasks to queue
[2022-07-14 22:12:07,553] {logging_mixin.py:115} INFO - [2022-07-14 22:12:07,553] {dagbag.py:508} INFO - Filling up the DagBag from /home/airflow/.local/lib/python3.7/site-packages/airflow/example_dags/example_latest_only.py
[2022-07-14 22:12:07,561] {processor.py:651} INFO - DAG(s) dict_keys(['latest_only']) retrieved from /home/airflow/.local/lib/python3.7/site-packages/airflow/example_dags/example_latest_only.py
[2022-07-14 22:12:07,863] {logging_mixin.py:115} INFO - [2022-07-14 22:12:07,863] {manager.py:508} INFO - Created Permission View: can edit on DAG:latest_only
[2022-07-14 22:12:07,882] {logging_mixin.py:115} INFO - [2022-07-14 22:12:07,882] {manager.py:508} INFO - Created Permission View: can read on DAG:latest_only
[2022-07-14 22:12:07,895] {logging_mixin.py:115} INFO - [2022-07-14 22:12:07,895] {manager.py:508} INFO - Created Permission View: can delete on DAG:latest_only
[2022-07-14 22:12:07,896] {logging_mixin.py:115} INFO - [2022-07-14 22:12:07,896] {dag.py:2420} INFO - Sync 1 DAGs
[2022-07-14 22:12:07,911] {logging_mixin.py:115} INFO - [2022-07-14 22:12:07,911] {dag.py:2439} INFO - Creating ORM DAG for latest_only
[2022-07-14 22:12:07,931] {logging_mixin.py:115} INFO - [2022-07-14 22:12:07,930] {dag.py:2972} INFO - Setting next_dagrun for latest_only to 2022-07-14T18:12:07.930363+00:00, run_after=2022-07-14T22:12:07.930363+00:00
[2022-07-14 22:12:07,963] {processor.py:161} INFO - Processing /home/airflow/.local/lib/python3.7/site-packages/airflow/example_dags/example_latest_only.py took 0.415 seconds
[2022-07-14 22:12:38,338] {processor.py:153} INFO - Started process (PID=146) to work on /home/airflow/.local/lib/python3.7/site-packages/airflow/example_dags/example_latest_only.py
[2022-07-14 22:12:38,340] {processor.py:641} INFO - Processing file /home/airflow/.local/lib/python3.7/site-packages/airflow/example_dags/example_latest_only.py for tasks to queue
[2022-07-14 22:12:38,341] {logging_mixin.py:115} INFO - [2022-07-14 22:12:38,341] {dagbag.py:508} INFO - Filling up the DagBag from /home/airflow/.local/lib/python3.7/site-packages/airflow/example_dags/example_latest_only.py
[2022-07-14 22:12:38,349] {processor.py:651} INFO - DAG(s) dict_keys(['latest_only']) retrieved from /home/airflow/.local/lib/python3.7/site-packages/airflow/example_dags/example_latest_only.py
[2022-07-14 22:12:38,389] {logging_mixin.py:115} INFO - [2022-07-14 22:12:38,389] {dag.py:2420} INFO - Sync 1 DAGs
[2022-07-14 22:12:38,427] {logging_mixin.py:115} INFO - [2022-07-14 22:12:38,427] {dag.py:2972} INFO - Setting next_dagrun for latest_only to 2022-07-14T18:12:38.427104+00:00, run_after=2022-07-14T22:12:38.427104+00:00
[2022-07-14 22:12:38,455] {processor.py:161} INFO - Processing /home/airflow/.local/lib/python3.7/site-packages/airflow/example_dags/example_latest_only.py took 0.123 seconds
[2022-07-14 22:13:09,463] {processor.py:153} INFO - Started process (PID=199) to work on /home/airflow/.local/lib/python3.7/site-packages/airflow/example_dags/example_latest_only.py
[2022-07-14 22:13:09,465] {processor.py:641} INFO - Processing file /home/airflow/.local/lib/python3.7/site-packages/airflow/example_dags/example_latest_only.py for tasks to queue
[2022-07-14 22:13:09,465] {logging_mixin.py:115} INFO - [2022-07-14 22:13:09,465] {dagbag.py:508} INFO - Filling up the DagBag from /home/airflow/.local/lib/python3.7/site-packages/airflow/example_dags/example_latest_only.py
[2022-07-14 22:13:09,471] {processor.py:651} INFO - DAG(s) dict_keys(['latest_only']) retrieved from /home/airflow/.local/lib/python3.7/site-packages/airflow/example_dags/example_latest_only.py
[2022-07-14 22:13:09,508] {logging_mixin.py:115} INFO - [2022-07-14 22:13:09,507] {dag.py:2420} INFO - Sync 1 DAGs
[2022-07-14 22:13:09,541] {logging_mixin.py:115} INFO - [2022-07-14 22:13:09,541] {dag.py:2972} INFO - Setting next_dagrun for latest_only to 2022-07-14T18:13:09.541028+00:00, run_after=2022-07-14T22:13:09.541028+00:00
[2022-07-14 22:13:09,559] {processor.py:161} INFO - Processing /home/airflow/.local/lib/python3.7/site-packages/airflow/example_dags/example_latest_only.py took 0.099 seconds
[2022-07-14 22:13:39,873] {processor.py:153} INFO - Started process (PID=260) to work on /home/airflow/.local/lib/python3.7/site-packages/airflow/example_dags/example_latest_only.py
[2022-07-14 22:13:39,873] {processor.py:641} INFO - Processing file /home/airflow/.local/lib/python3.7/site-packages/airflow/example_dags/example_latest_only.py for tasks to queue
[2022-07-14 22:13:39,874] {logging_mixin.py:115} INFO - [2022-07-14 22:13:39,874] {dagbag.py:508} INFO - Filling up the DagBag from /home/airflow/.local/lib/python3.7/site-packages/airflow/example_dags/example_latest_only.py
[2022-07-14 22:13:39,879] {processor.py:651} INFO - DAG(s) dict_keys(['latest_only']) retrieved from /home/airflow/.local/lib/python3.7/site-packages/airflow/example_dags/example_latest_only.py
[2022-07-14 22:13:39,910] {logging_mixin.py:115} INFO - [2022-07-14 22:13:39,909] {dag.py:2420} INFO - Sync 1 DAGs
[2022-07-14 22:13:39,942] {logging_mixin.py:115} INFO - [2022-07-14 22:13:39,941] {dag.py:2972} INFO - Setting next_dagrun for latest_only to 2022-07-14T18:13:39.941461+00:00, run_after=2022-07-14T22:13:39.941461+00:00
[2022-07-14 22:13:39,958] {processor.py:161} INFO - Processing /home/airflow/.local/lib/python3.7/site-packages/airflow/example_dags/example_latest_only.py took 0.089 seconds
[2022-07-14 22:14:10,364] {processor.py:153} INFO - Started process (PID=312) to work on /home/airflow/.local/lib/python3.7/site-packages/airflow/example_dags/example_latest_only.py
[2022-07-14 22:14:10,364] {processor.py:641} INFO - Processing file /home/airflow/.local/lib/python3.7/site-packages/airflow/example_dags/example_latest_only.py for tasks to queue
[2022-07-14 22:14:10,365] {logging_mixin.py:115} INFO - [2022-07-14 22:14:10,365] {dagbag.py:508} INFO - Filling up the DagBag from /home/airflow/.local/lib/python3.7/site-packages/airflow/example_dags/example_latest_only.py
[2022-07-14 22:14:10,370] {processor.py:651} INFO - DAG(s) dict_keys(['latest_only']) retrieved from /home/airflow/.local/lib/python3.7/site-packages/airflow/example_dags/example_latest_only.py
[2022-07-14 22:14:10,401] {logging_mixin.py:115} INFO - [2022-07-14 22:14:10,400] {dag.py:2420} INFO - Sync 1 DAGs
[2022-07-14 22:14:10,426] {logging_mixin.py:115} INFO - [2022-07-14 22:14:10,426] {dag.py:2972} INFO - Setting next_dagrun for latest_only to 2022-07-14T18:14:10.426207+00:00, run_after=2022-07-14T22:14:10.426207+00:00
[2022-07-14 22:14:10,440] {processor.py:161} INFO - Processing /home/airflow/.local/lib/python3.7/site-packages/airflow/example_dags/example_latest_only.py took 0.079 seconds
[2022-07-14 22:14:40,846] {processor.py:153} INFO - Started process (PID=373) to work on /home/airflow/.local/lib/python3.7/site-packages/airflow/example_dags/example_latest_only.py
[2022-07-14 22:14:40,847] {processor.py:641} INFO - Processing file /home/airflow/.local/lib/python3.7/site-packages/airflow/example_dags/example_latest_only.py for tasks to queue
[2022-07-14 22:14:40,848] {logging_mixin.py:115} INFO - [2022-07-14 22:14:40,848] {dagbag.py:508} INFO - Filling up the DagBag from /home/airflow/.local/lib/python3.7/site-packages/airflow/example_dags/example_latest_only.py
[2022-07-14 22:14:40,854] {processor.py:651} INFO - DAG(s) dict_keys(['latest_only']) retrieved from /home/airflow/.local/lib/python3.7/site-packages/airflow/example_dags/example_latest_only.py
[2022-07-14 22:14:40,883] {logging_mixin.py:115} INFO - [2022-07-14 22:14:40,883] {dag.py:2420} INFO - Sync 1 DAGs
[2022-07-14 22:14:40,911] {logging_mixin.py:115} INFO - [2022-07-14 22:14:40,911] {dag.py:2972} INFO - Setting next_dagrun for latest_only to 2022-07-14T18:14:40.911063+00:00, run_after=2022-07-14T22:14:40.911063+00:00
[2022-07-14 22:14:40,929] {processor.py:161} INFO - Processing /home/airflow/.local/lib/python3.7/site-packages/airflow/example_dags/example_latest_only.py took 0.087 seconds
