[2022-07-14 22:12:09,389] {processor.py:153} INFO - Started process (PID=91) to work on /home/airflow/.local/lib/python3.7/site-packages/airflow/example_dags/example_skip_dag.py
[2022-07-14 22:12:09,389] {processor.py:641} INFO - Processing file /home/airflow/.local/lib/python3.7/site-packages/airflow/example_dags/example_skip_dag.py for tasks to queue
[2022-07-14 22:12:09,390] {logging_mixin.py:115} INFO - [2022-07-14 22:12:09,390] {dagbag.py:508} INFO - Filling up the DagBag from /home/airflow/.local/lib/python3.7/site-packages/airflow/example_dags/example_skip_dag.py
[2022-07-14 22:12:09,397] {processor.py:651} INFO - DAG(s) dict_keys(['example_skip_dag']) retrieved from /home/airflow/.local/lib/python3.7/site-packages/airflow/example_dags/example_skip_dag.py
[2022-07-14 22:12:09,743] {logging_mixin.py:115} INFO - [2022-07-14 22:12:09,743] {manager.py:508} INFO - Created Permission View: can edit on DAG:example_skip_dag
[2022-07-14 22:12:09,761] {logging_mixin.py:115} INFO - [2022-07-14 22:12:09,761] {manager.py:508} INFO - Created Permission View: can read on DAG:example_skip_dag
[2022-07-14 22:12:09,786] {logging_mixin.py:115} INFO - [2022-07-14 22:12:09,786] {manager.py:508} INFO - Created Permission View: can delete on DAG:example_skip_dag
[2022-07-14 22:12:09,786] {logging_mixin.py:115} INFO - [2022-07-14 22:12:09,786] {dag.py:2420} INFO - Sync 1 DAGs
[2022-07-14 22:12:09,799] {logging_mixin.py:115} INFO - [2022-07-14 22:12:09,799] {dag.py:2439} INFO - Creating ORM DAG for example_skip_dag
[2022-07-14 22:12:09,818] {logging_mixin.py:115} INFO - [2022-07-14 22:12:09,817] {dag.py:2972} INFO - Setting next_dagrun for example_skip_dag to 2022-07-13T22:12:09.817649+00:00, run_after=2022-07-14T22:12:09.817649+00:00
[2022-07-14 22:12:09,841] {processor.py:161} INFO - Processing /home/airflow/.local/lib/python3.7/site-packages/airflow/example_dags/example_skip_dag.py took 0.456 seconds
[2022-07-14 22:12:39,988] {processor.py:153} INFO - Started process (PID=153) to work on /home/airflow/.local/lib/python3.7/site-packages/airflow/example_dags/example_skip_dag.py
[2022-07-14 22:12:39,989] {processor.py:641} INFO - Processing file /home/airflow/.local/lib/python3.7/site-packages/airflow/example_dags/example_skip_dag.py for tasks to queue
[2022-07-14 22:12:39,990] {logging_mixin.py:115} INFO - [2022-07-14 22:12:39,990] {dagbag.py:508} INFO - Filling up the DagBag from /home/airflow/.local/lib/python3.7/site-packages/airflow/example_dags/example_skip_dag.py
[2022-07-14 22:12:39,997] {processor.py:651} INFO - DAG(s) dict_keys(['example_skip_dag']) retrieved from /home/airflow/.local/lib/python3.7/site-packages/airflow/example_dags/example_skip_dag.py
[2022-07-14 22:12:40,043] {logging_mixin.py:115} INFO - [2022-07-14 22:12:40,042] {dag.py:2420} INFO - Sync 1 DAGs
[2022-07-14 22:12:40,084] {logging_mixin.py:115} INFO - [2022-07-14 22:12:40,084] {dag.py:2972} INFO - Setting next_dagrun for example_skip_dag to 2022-07-13T22:12:40.084045+00:00, run_after=2022-07-14T22:12:40.084045+00:00
[2022-07-14 22:12:40,102] {processor.py:161} INFO - Processing /home/airflow/.local/lib/python3.7/site-packages/airflow/example_dags/example_skip_dag.py took 0.119 seconds
[2022-07-14 22:13:10,935] {processor.py:153} INFO - Started process (PID=206) to work on /home/airflow/.local/lib/python3.7/site-packages/airflow/example_dags/example_skip_dag.py
[2022-07-14 22:13:10,936] {processor.py:641} INFO - Processing file /home/airflow/.local/lib/python3.7/site-packages/airflow/example_dags/example_skip_dag.py for tasks to queue
[2022-07-14 22:13:10,937] {logging_mixin.py:115} INFO - [2022-07-14 22:13:10,937] {dagbag.py:508} INFO - Filling up the DagBag from /home/airflow/.local/lib/python3.7/site-packages/airflow/example_dags/example_skip_dag.py
[2022-07-14 22:13:10,943] {processor.py:651} INFO - DAG(s) dict_keys(['example_skip_dag']) retrieved from /home/airflow/.local/lib/python3.7/site-packages/airflow/example_dags/example_skip_dag.py
[2022-07-14 22:13:10,979] {logging_mixin.py:115} INFO - [2022-07-14 22:13:10,978] {dag.py:2420} INFO - Sync 1 DAGs
[2022-07-14 22:13:11,007] {logging_mixin.py:115} INFO - [2022-07-14 22:13:11,007] {dag.py:2972} INFO - Setting next_dagrun for example_skip_dag to 2022-07-13T22:13:11.007455+00:00, run_after=2022-07-14T22:13:11.007455+00:00
[2022-07-14 22:13:11,022] {processor.py:161} INFO - Processing /home/airflow/.local/lib/python3.7/site-packages/airflow/example_dags/example_skip_dag.py took 0.090 seconds
[2022-07-14 22:13:41,334] {processor.py:153} INFO - Started process (PID=267) to work on /home/airflow/.local/lib/python3.7/site-packages/airflow/example_dags/example_skip_dag.py
[2022-07-14 22:13:41,334] {processor.py:641} INFO - Processing file /home/airflow/.local/lib/python3.7/site-packages/airflow/example_dags/example_skip_dag.py for tasks to queue
[2022-07-14 22:13:41,335] {logging_mixin.py:115} INFO - [2022-07-14 22:13:41,335] {dagbag.py:508} INFO - Filling up the DagBag from /home/airflow/.local/lib/python3.7/site-packages/airflow/example_dags/example_skip_dag.py
[2022-07-14 22:13:41,340] {processor.py:651} INFO - DAG(s) dict_keys(['example_skip_dag']) retrieved from /home/airflow/.local/lib/python3.7/site-packages/airflow/example_dags/example_skip_dag.py
[2022-07-14 22:13:41,370] {logging_mixin.py:115} INFO - [2022-07-14 22:13:41,369] {dag.py:2420} INFO - Sync 1 DAGs
[2022-07-14 22:13:41,393] {logging_mixin.py:115} INFO - [2022-07-14 22:13:41,393] {dag.py:2972} INFO - Setting next_dagrun for example_skip_dag to 2022-07-13T22:13:41.393309+00:00, run_after=2022-07-14T22:13:41.393309+00:00
[2022-07-14 22:13:41,404] {processor.py:161} INFO - Processing /home/airflow/.local/lib/python3.7/site-packages/airflow/example_dags/example_skip_dag.py took 0.073 seconds
[2022-07-14 22:14:11,818] {processor.py:153} INFO - Started process (PID=319) to work on /home/airflow/.local/lib/python3.7/site-packages/airflow/example_dags/example_skip_dag.py
[2022-07-14 22:14:11,819] {processor.py:641} INFO - Processing file /home/airflow/.local/lib/python3.7/site-packages/airflow/example_dags/example_skip_dag.py for tasks to queue
[2022-07-14 22:14:11,820] {logging_mixin.py:115} INFO - [2022-07-14 22:14:11,820] {dagbag.py:508} INFO - Filling up the DagBag from /home/airflow/.local/lib/python3.7/site-packages/airflow/example_dags/example_skip_dag.py
[2022-07-14 22:14:11,825] {processor.py:651} INFO - DAG(s) dict_keys(['example_skip_dag']) retrieved from /home/airflow/.local/lib/python3.7/site-packages/airflow/example_dags/example_skip_dag.py
[2022-07-14 22:14:11,854] {logging_mixin.py:115} INFO - [2022-07-14 22:14:11,853] {dag.py:2420} INFO - Sync 1 DAGs
[2022-07-14 22:14:11,875] {logging_mixin.py:115} INFO - [2022-07-14 22:14:11,875] {dag.py:2972} INFO - Setting next_dagrun for example_skip_dag to 2022-07-13T22:14:11.875444+00:00, run_after=2022-07-14T22:14:11.875444+00:00
[2022-07-14 22:14:11,886] {processor.py:161} INFO - Processing /home/airflow/.local/lib/python3.7/site-packages/airflow/example_dags/example_skip_dag.py took 0.072 seconds
[2022-07-14 22:14:42,275] {processor.py:153} INFO - Started process (PID=380) to work on /home/airflow/.local/lib/python3.7/site-packages/airflow/example_dags/example_skip_dag.py
[2022-07-14 22:14:42,275] {processor.py:641} INFO - Processing file /home/airflow/.local/lib/python3.7/site-packages/airflow/example_dags/example_skip_dag.py for tasks to queue
[2022-07-14 22:14:42,276] {logging_mixin.py:115} INFO - [2022-07-14 22:14:42,276] {dagbag.py:508} INFO - Filling up the DagBag from /home/airflow/.local/lib/python3.7/site-packages/airflow/example_dags/example_skip_dag.py
[2022-07-14 22:14:42,280] {processor.py:651} INFO - DAG(s) dict_keys(['example_skip_dag']) retrieved from /home/airflow/.local/lib/python3.7/site-packages/airflow/example_dags/example_skip_dag.py
[2022-07-14 22:14:42,312] {logging_mixin.py:115} INFO - [2022-07-14 22:14:42,312] {dag.py:2420} INFO - Sync 1 DAGs
[2022-07-14 22:14:42,343] {logging_mixin.py:115} INFO - [2022-07-14 22:14:42,343] {dag.py:2972} INFO - Setting next_dagrun for example_skip_dag to 2022-07-13T22:14:42.342946+00:00, run_after=2022-07-14T22:14:42.342946+00:00
[2022-07-14 22:14:42,359] {processor.py:161} INFO - Processing /home/airflow/.local/lib/python3.7/site-packages/airflow/example_dags/example_skip_dag.py took 0.087 seconds
