[2022-07-14 22:12:09,875] {processor.py:153} INFO - Started process (PID=93) to work on /home/airflow/.local/lib/python3.7/site-packages/airflow/example_dags/example_subdag_operator.py
[2022-07-14 22:12:09,875] {processor.py:641} INFO - Processing file /home/airflow/.local/lib/python3.7/site-packages/airflow/example_dags/example_subdag_operator.py for tasks to queue
[2022-07-14 22:12:09,876] {logging_mixin.py:115} INFO - [2022-07-14 22:12:09,876] {dagbag.py:508} INFO - Filling up the DagBag from /home/airflow/.local/lib/python3.7/site-packages/airflow/example_dags/example_subdag_operator.py
[2022-07-14 22:12:09,921] {processor.py:651} INFO - DAG(s) dict_keys(['example_subdag_operator.section-1', 'example_subdag_operator.section-2', 'example_subdag_operator']) retrieved from /home/airflow/.local/lib/python3.7/site-packages/airflow/example_dags/example_subdag_operator.py
[2022-07-14 22:12:10,290] {logging_mixin.py:115} INFO - [2022-07-14 22:12:10,290] {manager.py:508} INFO - Created Permission View: can edit on DAG:example_subdag_operator
[2022-07-14 22:12:10,306] {logging_mixin.py:115} INFO - [2022-07-14 22:12:10,306] {manager.py:508} INFO - Created Permission View: can read on DAG:example_subdag_operator
[2022-07-14 22:12:10,324] {logging_mixin.py:115} INFO - [2022-07-14 22:12:10,324] {manager.py:508} INFO - Created Permission View: can delete on DAG:example_subdag_operator
[2022-07-14 22:12:10,325] {logging_mixin.py:115} INFO - [2022-07-14 22:12:10,324] {dag.py:2420} INFO - Sync 3 DAGs
[2022-07-14 22:12:10,341] {logging_mixin.py:115} INFO - [2022-07-14 22:12:10,341] {dag.py:2439} INFO - Creating ORM DAG for example_subdag_operator.section-2
[2022-07-14 22:12:10,342] {logging_mixin.py:115} INFO - [2022-07-14 22:12:10,342] {dag.py:2439} INFO - Creating ORM DAG for example_subdag_operator
[2022-07-14 22:12:10,342] {logging_mixin.py:115} INFO - [2022-07-14 22:12:10,342] {dag.py:2439} INFO - Creating ORM DAG for example_subdag_operator.section-1
[2022-07-14 22:12:10,363] {logging_mixin.py:115} INFO - [2022-07-14 22:12:10,363] {dag.py:2972} INFO - Setting next_dagrun for example_subdag_operator to 2022-01-01T00:00:00+00:00, run_after=2022-01-01T00:00:00+00:00
[2022-07-14 22:12:10,364] {logging_mixin.py:115} INFO - [2022-07-14 22:12:10,364] {dag.py:2972} INFO - Setting next_dagrun for example_subdag_operator.section-1 to None, run_after=None
[2022-07-14 22:12:10,364] {logging_mixin.py:115} INFO - [2022-07-14 22:12:10,364] {dag.py:2972} INFO - Setting next_dagrun for example_subdag_operator.section-2 to None, run_after=None
[2022-07-14 22:12:10,381] {logging_mixin.py:115} INFO - [2022-07-14 22:12:10,381] {dag.py:2420} INFO - Sync 2 DAGs
[2022-07-14 22:12:10,392] {logging_mixin.py:115} INFO - [2022-07-14 22:12:10,392] {dag.py:2972} INFO - Setting next_dagrun for example_subdag_operator.section-1 to None, run_after=None
[2022-07-14 22:12:10,392] {logging_mixin.py:115} INFO - [2022-07-14 22:12:10,392] {dag.py:2972} INFO - Setting next_dagrun for example_subdag_operator.section-2 to None, run_after=None
[2022-07-14 22:12:10,408] {processor.py:161} INFO - Processing /home/airflow/.local/lib/python3.7/site-packages/airflow/example_dags/example_subdag_operator.py took 0.537 seconds
[2022-07-14 22:12:41,149] {processor.py:153} INFO - Started process (PID=155) to work on /home/airflow/.local/lib/python3.7/site-packages/airflow/example_dags/example_subdag_operator.py
[2022-07-14 22:12:41,149] {processor.py:641} INFO - Processing file /home/airflow/.local/lib/python3.7/site-packages/airflow/example_dags/example_subdag_operator.py for tasks to queue
[2022-07-14 22:12:41,150] {logging_mixin.py:115} INFO - [2022-07-14 22:12:41,150] {dagbag.py:508} INFO - Filling up the DagBag from /home/airflow/.local/lib/python3.7/site-packages/airflow/example_dags/example_subdag_operator.py
[2022-07-14 22:12:41,190] {processor.py:651} INFO - DAG(s) dict_keys(['example_subdag_operator.section-1', 'example_subdag_operator.section-2', 'example_subdag_operator']) retrieved from /home/airflow/.local/lib/python3.7/site-packages/airflow/example_dags/example_subdag_operator.py
[2022-07-14 22:12:41,240] {logging_mixin.py:115} INFO - [2022-07-14 22:12:41,240] {dag.py:2420} INFO - Sync 3 DAGs
[2022-07-14 22:12:41,291] {logging_mixin.py:115} INFO - [2022-07-14 22:12:41,291] {dag.py:2972} INFO - Setting next_dagrun for example_subdag_operator to 2022-01-01T00:00:00+00:00, run_after=2022-01-01T00:00:00+00:00
[2022-07-14 22:12:41,292] {logging_mixin.py:115} INFO - [2022-07-14 22:12:41,292] {dag.py:2972} INFO - Setting next_dagrun for example_subdag_operator.section-1 to None, run_after=None
[2022-07-14 22:12:41,293] {logging_mixin.py:115} INFO - [2022-07-14 22:12:41,293] {dag.py:2972} INFO - Setting next_dagrun for example_subdag_operator.section-2 to None, run_after=None
[2022-07-14 22:12:41,304] {logging_mixin.py:115} INFO - [2022-07-14 22:12:41,304] {dag.py:2420} INFO - Sync 2 DAGs
[2022-07-14 22:12:41,323] {logging_mixin.py:115} INFO - [2022-07-14 22:12:41,323] {dag.py:2972} INFO - Setting next_dagrun for example_subdag_operator.section-1 to None, run_after=None
[2022-07-14 22:12:41,324] {logging_mixin.py:115} INFO - [2022-07-14 22:12:41,324] {dag.py:2972} INFO - Setting next_dagrun for example_subdag_operator.section-2 to None, run_after=None
[2022-07-14 22:12:41,344] {processor.py:161} INFO - Processing /home/airflow/.local/lib/python3.7/site-packages/airflow/example_dags/example_subdag_operator.py took 0.200 seconds
[2022-07-14 22:13:12,048] {processor.py:153} INFO - Started process (PID=208) to work on /home/airflow/.local/lib/python3.7/site-packages/airflow/example_dags/example_subdag_operator.py
[2022-07-14 22:13:12,049] {processor.py:641} INFO - Processing file /home/airflow/.local/lib/python3.7/site-packages/airflow/example_dags/example_subdag_operator.py for tasks to queue
[2022-07-14 22:13:12,049] {logging_mixin.py:115} INFO - [2022-07-14 22:13:12,049] {dagbag.py:508} INFO - Filling up the DagBag from /home/airflow/.local/lib/python3.7/site-packages/airflow/example_dags/example_subdag_operator.py
[2022-07-14 22:13:12,083] {processor.py:651} INFO - DAG(s) dict_keys(['example_subdag_operator.section-1', 'example_subdag_operator.section-2', 'example_subdag_operator']) retrieved from /home/airflow/.local/lib/python3.7/site-packages/airflow/example_dags/example_subdag_operator.py
[2022-07-14 22:13:12,118] {logging_mixin.py:115} INFO - [2022-07-14 22:13:12,118] {dag.py:2420} INFO - Sync 3 DAGs
[2022-07-14 22:13:12,145] {logging_mixin.py:115} INFO - [2022-07-14 22:13:12,145] {dag.py:2972} INFO - Setting next_dagrun for example_subdag_operator to 2022-01-01T00:00:00+00:00, run_after=2022-01-01T00:00:00+00:00
[2022-07-14 22:13:12,145] {logging_mixin.py:115} INFO - [2022-07-14 22:13:12,145] {dag.py:2972} INFO - Setting next_dagrun for example_subdag_operator.section-1 to None, run_after=None
[2022-07-14 22:13:12,145] {logging_mixin.py:115} INFO - [2022-07-14 22:13:12,145] {dag.py:2972} INFO - Setting next_dagrun for example_subdag_operator.section-2 to None, run_after=None
[2022-07-14 22:13:12,154] {logging_mixin.py:115} INFO - [2022-07-14 22:13:12,154] {dag.py:2420} INFO - Sync 2 DAGs
[2022-07-14 22:13:12,161] {logging_mixin.py:115} INFO - [2022-07-14 22:13:12,161] {dag.py:2972} INFO - Setting next_dagrun for example_subdag_operator.section-1 to None, run_after=None
[2022-07-14 22:13:12,161] {logging_mixin.py:115} INFO - [2022-07-14 22:13:12,161] {dag.py:2972} INFO - Setting next_dagrun for example_subdag_operator.section-2 to None, run_after=None
[2022-07-14 22:13:12,171] {processor.py:161} INFO - Processing /home/airflow/.local/lib/python3.7/site-packages/airflow/example_dags/example_subdag_operator.py took 0.126 seconds
[2022-07-14 22:13:42,430] {processor.py:153} INFO - Started process (PID=269) to work on /home/airflow/.local/lib/python3.7/site-packages/airflow/example_dags/example_subdag_operator.py
[2022-07-14 22:13:42,431] {processor.py:641} INFO - Processing file /home/airflow/.local/lib/python3.7/site-packages/airflow/example_dags/example_subdag_operator.py for tasks to queue
[2022-07-14 22:13:42,431] {logging_mixin.py:115} INFO - [2022-07-14 22:13:42,431] {dagbag.py:508} INFO - Filling up the DagBag from /home/airflow/.local/lib/python3.7/site-packages/airflow/example_dags/example_subdag_operator.py
[2022-07-14 22:13:42,461] {processor.py:651} INFO - DAG(s) dict_keys(['example_subdag_operator.section-1', 'example_subdag_operator.section-2', 'example_subdag_operator']) retrieved from /home/airflow/.local/lib/python3.7/site-packages/airflow/example_dags/example_subdag_operator.py
[2022-07-14 22:13:42,492] {logging_mixin.py:115} INFO - [2022-07-14 22:13:42,492] {dag.py:2420} INFO - Sync 3 DAGs
[2022-07-14 22:13:42,519] {logging_mixin.py:115} INFO - [2022-07-14 22:13:42,518] {dag.py:2972} INFO - Setting next_dagrun for example_subdag_operator to 2022-01-01T00:00:00+00:00, run_after=2022-01-01T00:00:00+00:00
[2022-07-14 22:13:42,519] {logging_mixin.py:115} INFO - [2022-07-14 22:13:42,519] {dag.py:2972} INFO - Setting next_dagrun for example_subdag_operator.section-1 to None, run_after=None
[2022-07-14 22:13:42,519] {logging_mixin.py:115} INFO - [2022-07-14 22:13:42,519] {dag.py:2972} INFO - Setting next_dagrun for example_subdag_operator.section-2 to None, run_after=None
[2022-07-14 22:13:42,526] {logging_mixin.py:115} INFO - [2022-07-14 22:13:42,525] {dag.py:2420} INFO - Sync 2 DAGs
[2022-07-14 22:13:42,531] {logging_mixin.py:115} INFO - [2022-07-14 22:13:42,531] {dag.py:2972} INFO - Setting next_dagrun for example_subdag_operator.section-1 to None, run_after=None
[2022-07-14 22:13:42,531] {logging_mixin.py:115} INFO - [2022-07-14 22:13:42,531] {dag.py:2972} INFO - Setting next_dagrun for example_subdag_operator.section-2 to None, run_after=None
[2022-07-14 22:13:42,538] {processor.py:161} INFO - Processing /home/airflow/.local/lib/python3.7/site-packages/airflow/example_dags/example_subdag_operator.py took 0.110 seconds
[2022-07-14 22:14:12,911] {processor.py:153} INFO - Started process (PID=330) to work on /home/airflow/.local/lib/python3.7/site-packages/airflow/example_dags/example_subdag_operator.py
[2022-07-14 22:14:12,911] {processor.py:641} INFO - Processing file /home/airflow/.local/lib/python3.7/site-packages/airflow/example_dags/example_subdag_operator.py for tasks to queue
[2022-07-14 22:14:12,912] {logging_mixin.py:115} INFO - [2022-07-14 22:14:12,912] {dagbag.py:508} INFO - Filling up the DagBag from /home/airflow/.local/lib/python3.7/site-packages/airflow/example_dags/example_subdag_operator.py
[2022-07-14 22:14:12,942] {processor.py:651} INFO - DAG(s) dict_keys(['example_subdag_operator.section-1', 'example_subdag_operator.section-2', 'example_subdag_operator']) retrieved from /home/airflow/.local/lib/python3.7/site-packages/airflow/example_dags/example_subdag_operator.py
[2022-07-14 22:14:12,979] {logging_mixin.py:115} INFO - [2022-07-14 22:14:12,979] {dag.py:2420} INFO - Sync 3 DAGs
[2022-07-14 22:14:13,013] {logging_mixin.py:115} INFO - [2022-07-14 22:14:13,013] {dag.py:2972} INFO - Setting next_dagrun for example_subdag_operator to 2022-01-01T00:00:00+00:00, run_after=2022-01-01T00:00:00+00:00
[2022-07-14 22:14:13,013] {logging_mixin.py:115} INFO - [2022-07-14 22:14:13,013] {dag.py:2972} INFO - Setting next_dagrun for example_subdag_operator.section-1 to None, run_after=None
[2022-07-14 22:14:13,013] {logging_mixin.py:115} INFO - [2022-07-14 22:14:13,013] {dag.py:2972} INFO - Setting next_dagrun for example_subdag_operator.section-2 to None, run_after=None
[2022-07-14 22:14:13,020] {logging_mixin.py:115} INFO - [2022-07-14 22:14:13,020] {dag.py:2420} INFO - Sync 2 DAGs
[2022-07-14 22:14:13,025] {logging_mixin.py:115} INFO - [2022-07-14 22:14:13,025] {dag.py:2972} INFO - Setting next_dagrun for example_subdag_operator.section-1 to None, run_after=None
[2022-07-14 22:14:13,026] {logging_mixin.py:115} INFO - [2022-07-14 22:14:13,026] {dag.py:2972} INFO - Setting next_dagrun for example_subdag_operator.section-2 to None, run_after=None
[2022-07-14 22:14:13,033] {processor.py:161} INFO - Processing /home/airflow/.local/lib/python3.7/site-packages/airflow/example_dags/example_subdag_operator.py took 0.125 seconds
[2022-07-14 22:14:43,396] {processor.py:153} INFO - Started process (PID=382) to work on /home/airflow/.local/lib/python3.7/site-packages/airflow/example_dags/example_subdag_operator.py
[2022-07-14 22:14:43,396] {processor.py:641} INFO - Processing file /home/airflow/.local/lib/python3.7/site-packages/airflow/example_dags/example_subdag_operator.py for tasks to queue
[2022-07-14 22:14:43,397] {logging_mixin.py:115} INFO - [2022-07-14 22:14:43,397] {dagbag.py:508} INFO - Filling up the DagBag from /home/airflow/.local/lib/python3.7/site-packages/airflow/example_dags/example_subdag_operator.py
[2022-07-14 22:14:43,427] {processor.py:651} INFO - DAG(s) dict_keys(['example_subdag_operator.section-1', 'example_subdag_operator.section-2', 'example_subdag_operator']) retrieved from /home/airflow/.local/lib/python3.7/site-packages/airflow/example_dags/example_subdag_operator.py
[2022-07-14 22:14:43,461] {logging_mixin.py:115} INFO - [2022-07-14 22:14:43,461] {dag.py:2420} INFO - Sync 3 DAGs
[2022-07-14 22:14:43,489] {logging_mixin.py:115} INFO - [2022-07-14 22:14:43,489] {dag.py:2972} INFO - Setting next_dagrun for example_subdag_operator to 2022-01-01T00:00:00+00:00, run_after=2022-01-01T00:00:00+00:00
[2022-07-14 22:14:43,489] {logging_mixin.py:115} INFO - [2022-07-14 22:14:43,489] {dag.py:2972} INFO - Setting next_dagrun for example_subdag_operator.section-1 to None, run_after=None
[2022-07-14 22:14:43,490] {logging_mixin.py:115} INFO - [2022-07-14 22:14:43,490] {dag.py:2972} INFO - Setting next_dagrun for example_subdag_operator.section-2 to None, run_after=None
[2022-07-14 22:14:43,497] {logging_mixin.py:115} INFO - [2022-07-14 22:14:43,497] {dag.py:2420} INFO - Sync 2 DAGs
[2022-07-14 22:14:43,504] {logging_mixin.py:115} INFO - [2022-07-14 22:14:43,504] {dag.py:2972} INFO - Setting next_dagrun for example_subdag_operator.section-1 to None, run_after=None
[2022-07-14 22:14:43,505] {logging_mixin.py:115} INFO - [2022-07-14 22:14:43,504] {dag.py:2972} INFO - Setting next_dagrun for example_subdag_operator.section-2 to None, run_after=None
[2022-07-14 22:14:43,515] {processor.py:161} INFO - Processing /home/airflow/.local/lib/python3.7/site-packages/airflow/example_dags/example_subdag_operator.py took 0.123 seconds
