[2022-07-14 22:12:05,302] {processor.py:153} INFO - Started process (PID=76) to work on /home/airflow/.local/lib/python3.7/site-packages/airflow/example_dags/example_branch_labels.py
[2022-07-14 22:12:05,302] {processor.py:641} INFO - Processing file /home/airflow/.local/lib/python3.7/site-packages/airflow/example_dags/example_branch_labels.py for tasks to queue
[2022-07-14 22:12:05,303] {logging_mixin.py:115} INFO - [2022-07-14 22:12:05,303] {dagbag.py:508} INFO - Filling up the DagBag from /home/airflow/.local/lib/python3.7/site-packages/airflow/example_dags/example_branch_labels.py
[2022-07-14 22:12:05,312] {processor.py:651} INFO - DAG(s) dict_keys(['example_branch_labels']) retrieved from /home/airflow/.local/lib/python3.7/site-packages/airflow/example_dags/example_branch_labels.py
[2022-07-14 22:12:05,647] {logging_mixin.py:115} INFO - [2022-07-14 22:12:05,647] {manager.py:508} INFO - Created Permission View: can edit on DAG:example_branch_labels
[2022-07-14 22:12:05,668] {logging_mixin.py:115} INFO - [2022-07-14 22:12:05,668] {manager.py:508} INFO - Created Permission View: can read on DAG:example_branch_labels
[2022-07-14 22:12:05,683] {logging_mixin.py:115} INFO - [2022-07-14 22:12:05,683] {manager.py:508} INFO - Created Permission View: can delete on DAG:example_branch_labels
[2022-07-14 22:12:05,684] {logging_mixin.py:115} INFO - [2022-07-14 22:12:05,684] {dag.py:2420} INFO - Sync 1 DAGs
[2022-07-14 22:12:05,700] {logging_mixin.py:115} INFO - [2022-07-14 22:12:05,700] {dag.py:2439} INFO - Creating ORM DAG for example_branch_labels
[2022-07-14 22:12:05,725] {logging_mixin.py:115} INFO - [2022-07-14 22:12:05,725] {dag.py:2972} INFO - Setting next_dagrun for example_branch_labels to 2022-07-13T00:00:00+00:00, run_after=2022-07-14T00:00:00+00:00
[2022-07-14 22:12:05,747] {processor.py:161} INFO - Processing /home/airflow/.local/lib/python3.7/site-packages/airflow/example_dags/example_branch_labels.py took 0.449 seconds
[2022-07-14 22:12:36,418] {processor.py:153} INFO - Started process (PID=129) to work on /home/airflow/.local/lib/python3.7/site-packages/airflow/example_dags/example_branch_labels.py
[2022-07-14 22:12:36,419] {processor.py:641} INFO - Processing file /home/airflow/.local/lib/python3.7/site-packages/airflow/example_dags/example_branch_labels.py for tasks to queue
[2022-07-14 22:12:36,421] {logging_mixin.py:115} INFO - [2022-07-14 22:12:36,420] {dagbag.py:508} INFO - Filling up the DagBag from /home/airflow/.local/lib/python3.7/site-packages/airflow/example_dags/example_branch_labels.py
[2022-07-14 22:12:36,433] {processor.py:651} INFO - DAG(s) dict_keys(['example_branch_labels']) retrieved from /home/airflow/.local/lib/python3.7/site-packages/airflow/example_dags/example_branch_labels.py
[2022-07-14 22:12:36,479] {logging_mixin.py:115} INFO - [2022-07-14 22:12:36,479] {dag.py:2420} INFO - Sync 1 DAGs
[2022-07-14 22:12:36,525] {logging_mixin.py:115} INFO - [2022-07-14 22:12:36,524] {dag.py:2972} INFO - Setting next_dagrun for example_branch_labels to 2022-07-13T00:00:00+00:00, run_after=2022-07-14T00:00:00+00:00
[2022-07-14 22:12:36,550] {processor.py:161} INFO - Processing /home/airflow/.local/lib/python3.7/site-packages/airflow/example_dags/example_branch_labels.py took 0.139 seconds
[2022-07-14 22:13:06,710] {processor.py:153} INFO - Started process (PID=191) to work on /home/airflow/.local/lib/python3.7/site-packages/airflow/example_dags/example_branch_labels.py
[2022-07-14 22:13:06,710] {processor.py:641} INFO - Processing file /home/airflow/.local/lib/python3.7/site-packages/airflow/example_dags/example_branch_labels.py for tasks to queue
[2022-07-14 22:13:06,711] {logging_mixin.py:115} INFO - [2022-07-14 22:13:06,710] {dagbag.py:508} INFO - Filling up the DagBag from /home/airflow/.local/lib/python3.7/site-packages/airflow/example_dags/example_branch_labels.py
[2022-07-14 22:13:06,719] {processor.py:651} INFO - DAG(s) dict_keys(['example_branch_labels']) retrieved from /home/airflow/.local/lib/python3.7/site-packages/airflow/example_dags/example_branch_labels.py
[2022-07-14 22:13:06,750] {logging_mixin.py:115} INFO - [2022-07-14 22:13:06,750] {dag.py:2420} INFO - Sync 1 DAGs
[2022-07-14 22:13:06,783] {logging_mixin.py:115} INFO - [2022-07-14 22:13:06,783] {dag.py:2972} INFO - Setting next_dagrun for example_branch_labels to 2022-07-13T00:00:00+00:00, run_after=2022-07-14T00:00:00+00:00
[2022-07-14 22:13:06,798] {processor.py:161} INFO - Processing /home/airflow/.local/lib/python3.7/site-packages/airflow/example_dags/example_branch_labels.py took 0.091 seconds
[2022-07-14 22:13:37,396] {processor.py:153} INFO - Started process (PID=250) to work on /home/airflow/.local/lib/python3.7/site-packages/airflow/example_dags/example_branch_labels.py
[2022-07-14 22:13:37,396] {processor.py:641} INFO - Processing file /home/airflow/.local/lib/python3.7/site-packages/airflow/example_dags/example_branch_labels.py for tasks to queue
[2022-07-14 22:13:37,397] {logging_mixin.py:115} INFO - [2022-07-14 22:13:37,397] {dagbag.py:508} INFO - Filling up the DagBag from /home/airflow/.local/lib/python3.7/site-packages/airflow/example_dags/example_branch_labels.py
[2022-07-14 22:13:37,403] {processor.py:651} INFO - DAG(s) dict_keys(['example_branch_labels']) retrieved from /home/airflow/.local/lib/python3.7/site-packages/airflow/example_dags/example_branch_labels.py
[2022-07-14 22:13:37,432] {logging_mixin.py:115} INFO - [2022-07-14 22:13:37,432] {dag.py:2420} INFO - Sync 1 DAGs
[2022-07-14 22:13:37,461] {logging_mixin.py:115} INFO - [2022-07-14 22:13:37,461] {dag.py:2972} INFO - Setting next_dagrun for example_branch_labels to 2022-07-13T00:00:00+00:00, run_after=2022-07-14T00:00:00+00:00
[2022-07-14 22:13:37,475] {processor.py:161} INFO - Processing /home/airflow/.local/lib/python3.7/site-packages/airflow/example_dags/example_branch_labels.py took 0.081 seconds
[2022-07-14 22:14:07,895] {processor.py:153} INFO - Started process (PID=304) to work on /home/airflow/.local/lib/python3.7/site-packages/airflow/example_dags/example_branch_labels.py
[2022-07-14 22:14:07,896] {processor.py:641} INFO - Processing file /home/airflow/.local/lib/python3.7/site-packages/airflow/example_dags/example_branch_labels.py for tasks to queue
[2022-07-14 22:14:07,897] {logging_mixin.py:115} INFO - [2022-07-14 22:14:07,897] {dagbag.py:508} INFO - Filling up the DagBag from /home/airflow/.local/lib/python3.7/site-packages/airflow/example_dags/example_branch_labels.py
[2022-07-14 22:14:07,904] {processor.py:651} INFO - DAG(s) dict_keys(['example_branch_labels']) retrieved from /home/airflow/.local/lib/python3.7/site-packages/airflow/example_dags/example_branch_labels.py
[2022-07-14 22:14:07,935] {logging_mixin.py:115} INFO - [2022-07-14 22:14:07,935] {dag.py:2420} INFO - Sync 1 DAGs
[2022-07-14 22:14:07,965] {logging_mixin.py:115} INFO - [2022-07-14 22:14:07,965] {dag.py:2972} INFO - Setting next_dagrun for example_branch_labels to 2022-07-13T00:00:00+00:00, run_after=2022-07-14T00:00:00+00:00
[2022-07-14 22:14:07,981] {processor.py:161} INFO - Processing /home/airflow/.local/lib/python3.7/site-packages/airflow/example_dags/example_branch_labels.py took 0.088 seconds
[2022-07-14 22:14:38,310] {processor.py:153} INFO - Started process (PID=365) to work on /home/airflow/.local/lib/python3.7/site-packages/airflow/example_dags/example_branch_labels.py
[2022-07-14 22:14:38,310] {processor.py:641} INFO - Processing file /home/airflow/.local/lib/python3.7/site-packages/airflow/example_dags/example_branch_labels.py for tasks to queue
[2022-07-14 22:14:38,311] {logging_mixin.py:115} INFO - [2022-07-14 22:14:38,311] {dagbag.py:508} INFO - Filling up the DagBag from /home/airflow/.local/lib/python3.7/site-packages/airflow/example_dags/example_branch_labels.py
[2022-07-14 22:14:38,319] {processor.py:651} INFO - DAG(s) dict_keys(['example_branch_labels']) retrieved from /home/airflow/.local/lib/python3.7/site-packages/airflow/example_dags/example_branch_labels.py
[2022-07-14 22:14:38,346] {logging_mixin.py:115} INFO - [2022-07-14 22:14:38,346] {dag.py:2420} INFO - Sync 1 DAGs
[2022-07-14 22:14:38,370] {logging_mixin.py:115} INFO - [2022-07-14 22:14:38,370] {dag.py:2972} INFO - Setting next_dagrun for example_branch_labels to 2022-07-13T00:00:00+00:00, run_after=2022-07-14T00:00:00+00:00
[2022-07-14 22:14:38,383] {processor.py:161} INFO - Processing /home/airflow/.local/lib/python3.7/site-packages/airflow/example_dags/example_branch_labels.py took 0.076 seconds
