[2022-07-14 22:12:07,976] {processor.py:153} INFO - Started process (PID=85) to work on /home/airflow/.local/lib/python3.7/site-packages/airflow/example_dags/example_latest_only_with_trigger.py
[2022-07-14 22:12:07,977] {processor.py:641} INFO - Processing file /home/airflow/.local/lib/python3.7/site-packages/airflow/example_dags/example_latest_only_with_trigger.py for tasks to queue
[2022-07-14 22:12:07,978] {logging_mixin.py:115} INFO - [2022-07-14 22:12:07,977] {dagbag.py:508} INFO - Filling up the DagBag from /home/airflow/.local/lib/python3.7/site-packages/airflow/example_dags/example_latest_only_with_trigger.py
[2022-07-14 22:12:07,987] {processor.py:651} INFO - DAG(s) dict_keys(['latest_only_with_trigger']) retrieved from /home/airflow/.local/lib/python3.7/site-packages/airflow/example_dags/example_latest_only_with_trigger.py
[2022-07-14 22:12:08,326] {logging_mixin.py:115} INFO - [2022-07-14 22:12:08,326] {manager.py:508} INFO - Created Permission View: can edit on DAG:latest_only_with_trigger
[2022-07-14 22:12:08,344] {logging_mixin.py:115} INFO - [2022-07-14 22:12:08,344] {manager.py:508} INFO - Created Permission View: can read on DAG:latest_only_with_trigger
[2022-07-14 22:12:08,356] {logging_mixin.py:115} INFO - [2022-07-14 22:12:08,356] {manager.py:508} INFO - Created Permission View: can delete on DAG:latest_only_with_trigger
[2022-07-14 22:12:08,356] {logging_mixin.py:115} INFO - [2022-07-14 22:12:08,356] {dag.py:2420} INFO - Sync 1 DAGs
[2022-07-14 22:12:08,369] {logging_mixin.py:115} INFO - [2022-07-14 22:12:08,369] {dag.py:2439} INFO - Creating ORM DAG for latest_only_with_trigger
[2022-07-14 22:12:08,387] {logging_mixin.py:115} INFO - [2022-07-14 22:12:08,387] {dag.py:2972} INFO - Setting next_dagrun for latest_only_with_trigger to 2022-07-14T18:12:08.386551+00:00, run_after=2022-07-14T22:12:08.386551+00:00
[2022-07-14 22:12:08,414] {processor.py:161} INFO - Processing /home/airflow/.local/lib/python3.7/site-packages/airflow/example_dags/example_latest_only_with_trigger.py took 0.444 seconds
[2022-07-14 22:12:38,485] {processor.py:153} INFO - Started process (PID=147) to work on /home/airflow/.local/lib/python3.7/site-packages/airflow/example_dags/example_latest_only_with_trigger.py
[2022-07-14 22:12:38,486] {processor.py:641} INFO - Processing file /home/airflow/.local/lib/python3.7/site-packages/airflow/example_dags/example_latest_only_with_trigger.py for tasks to queue
[2022-07-14 22:12:38,486] {logging_mixin.py:115} INFO - [2022-07-14 22:12:38,486] {dagbag.py:508} INFO - Filling up the DagBag from /home/airflow/.local/lib/python3.7/site-packages/airflow/example_dags/example_latest_only_with_trigger.py
[2022-07-14 22:12:38,493] {processor.py:651} INFO - DAG(s) dict_keys(['latest_only_with_trigger']) retrieved from /home/airflow/.local/lib/python3.7/site-packages/airflow/example_dags/example_latest_only_with_trigger.py
[2022-07-14 22:12:38,536] {logging_mixin.py:115} INFO - [2022-07-14 22:12:38,536] {dag.py:2420} INFO - Sync 1 DAGs
[2022-07-14 22:12:38,577] {logging_mixin.py:115} INFO - [2022-07-14 22:12:38,577] {dag.py:2972} INFO - Setting next_dagrun for latest_only_with_trigger to 2022-07-14T18:12:38.577089+00:00, run_after=2022-07-14T22:12:38.577089+00:00
[2022-07-14 22:12:38,596] {processor.py:161} INFO - Processing /home/airflow/.local/lib/python3.7/site-packages/airflow/example_dags/example_latest_only_with_trigger.py took 0.115 seconds
[2022-07-14 22:13:09,584] {processor.py:153} INFO - Started process (PID=200) to work on /home/airflow/.local/lib/python3.7/site-packages/airflow/example_dags/example_latest_only_with_trigger.py
[2022-07-14 22:13:09,584] {processor.py:641} INFO - Processing file /home/airflow/.local/lib/python3.7/site-packages/airflow/example_dags/example_latest_only_with_trigger.py for tasks to queue
[2022-07-14 22:13:09,585] {logging_mixin.py:115} INFO - [2022-07-14 22:13:09,585] {dagbag.py:508} INFO - Filling up the DagBag from /home/airflow/.local/lib/python3.7/site-packages/airflow/example_dags/example_latest_only_with_trigger.py
[2022-07-14 22:13:09,591] {processor.py:651} INFO - DAG(s) dict_keys(['latest_only_with_trigger']) retrieved from /home/airflow/.local/lib/python3.7/site-packages/airflow/example_dags/example_latest_only_with_trigger.py
[2022-07-14 22:13:09,622] {logging_mixin.py:115} INFO - [2022-07-14 22:13:09,622] {dag.py:2420} INFO - Sync 1 DAGs
[2022-07-14 22:13:09,650] {logging_mixin.py:115} INFO - [2022-07-14 22:13:09,649] {dag.py:2972} INFO - Setting next_dagrun for latest_only_with_trigger to 2022-07-14T18:13:09.649468+00:00, run_after=2022-07-14T22:13:09.649468+00:00
[2022-07-14 22:13:09,666] {processor.py:161} INFO - Processing /home/airflow/.local/lib/python3.7/site-packages/airflow/example_dags/example_latest_only_with_trigger.py took 0.086 seconds
[2022-07-14 22:13:40,004] {processor.py:153} INFO - Started process (PID=261) to work on /home/airflow/.local/lib/python3.7/site-packages/airflow/example_dags/example_latest_only_with_trigger.py
[2022-07-14 22:13:40,005] {processor.py:641} INFO - Processing file /home/airflow/.local/lib/python3.7/site-packages/airflow/example_dags/example_latest_only_with_trigger.py for tasks to queue
[2022-07-14 22:13:40,005] {logging_mixin.py:115} INFO - [2022-07-14 22:13:40,005] {dagbag.py:508} INFO - Filling up the DagBag from /home/airflow/.local/lib/python3.7/site-packages/airflow/example_dags/example_latest_only_with_trigger.py
[2022-07-14 22:13:40,011] {processor.py:651} INFO - DAG(s) dict_keys(['latest_only_with_trigger']) retrieved from /home/airflow/.local/lib/python3.7/site-packages/airflow/example_dags/example_latest_only_with_trigger.py
[2022-07-14 22:13:40,040] {logging_mixin.py:115} INFO - [2022-07-14 22:13:40,039] {dag.py:2420} INFO - Sync 1 DAGs
[2022-07-14 22:13:40,063] {logging_mixin.py:115} INFO - [2022-07-14 22:13:40,063] {dag.py:2972} INFO - Setting next_dagrun for latest_only_with_trigger to 2022-07-14T18:13:40.063280+00:00, run_after=2022-07-14T22:13:40.063280+00:00
[2022-07-14 22:13:40,075] {processor.py:161} INFO - Processing /home/airflow/.local/lib/python3.7/site-packages/airflow/example_dags/example_latest_only_with_trigger.py took 0.074 seconds
[2022-07-14 22:14:10,460] {processor.py:153} INFO - Started process (PID=313) to work on /home/airflow/.local/lib/python3.7/site-packages/airflow/example_dags/example_latest_only_with_trigger.py
[2022-07-14 22:14:10,461] {processor.py:641} INFO - Processing file /home/airflow/.local/lib/python3.7/site-packages/airflow/example_dags/example_latest_only_with_trigger.py for tasks to queue
[2022-07-14 22:14:10,462] {logging_mixin.py:115} INFO - [2022-07-14 22:14:10,462] {dagbag.py:508} INFO - Filling up the DagBag from /home/airflow/.local/lib/python3.7/site-packages/airflow/example_dags/example_latest_only_with_trigger.py
[2022-07-14 22:14:10,467] {processor.py:651} INFO - DAG(s) dict_keys(['latest_only_with_trigger']) retrieved from /home/airflow/.local/lib/python3.7/site-packages/airflow/example_dags/example_latest_only_with_trigger.py
[2022-07-14 22:14:10,502] {logging_mixin.py:115} INFO - [2022-07-14 22:14:10,502] {dag.py:2420} INFO - Sync 1 DAGs
[2022-07-14 22:14:10,533] {logging_mixin.py:115} INFO - [2022-07-14 22:14:10,533] {dag.py:2972} INFO - Setting next_dagrun for latest_only_with_trigger to 2022-07-14T18:14:10.532756+00:00, run_after=2022-07-14T22:14:10.532756+00:00
[2022-07-14 22:14:10,550] {processor.py:161} INFO - Processing /home/airflow/.local/lib/python3.7/site-packages/airflow/example_dags/example_latest_only_with_trigger.py took 0.092 seconds
[2022-07-14 22:14:40,954] {processor.py:153} INFO - Started process (PID=374) to work on /home/airflow/.local/lib/python3.7/site-packages/airflow/example_dags/example_latest_only_with_trigger.py
[2022-07-14 22:14:40,955] {processor.py:641} INFO - Processing file /home/airflow/.local/lib/python3.7/site-packages/airflow/example_dags/example_latest_only_with_trigger.py for tasks to queue
[2022-07-14 22:14:40,955] {logging_mixin.py:115} INFO - [2022-07-14 22:14:40,955] {dagbag.py:508} INFO - Filling up the DagBag from /home/airflow/.local/lib/python3.7/site-packages/airflow/example_dags/example_latest_only_with_trigger.py
[2022-07-14 22:14:40,962] {processor.py:651} INFO - DAG(s) dict_keys(['latest_only_with_trigger']) retrieved from /home/airflow/.local/lib/python3.7/site-packages/airflow/example_dags/example_latest_only_with_trigger.py
[2022-07-14 22:14:40,994] {logging_mixin.py:115} INFO - [2022-07-14 22:14:40,994] {dag.py:2420} INFO - Sync 1 DAGs
[2022-07-14 22:14:41,019] {logging_mixin.py:115} INFO - [2022-07-14 22:14:41,019] {dag.py:2972} INFO - Setting next_dagrun for latest_only_with_trigger to 2022-07-14T18:14:41.019308+00:00, run_after=2022-07-14T22:14:41.019308+00:00
[2022-07-14 22:14:41,034] {processor.py:161} INFO - Processing /home/airflow/.local/lib/python3.7/site-packages/airflow/example_dags/example_latest_only_with_trigger.py took 0.083 seconds
