[2022-07-14 22:12:06,808] {processor.py:153} INFO - Started process (PID=82) to work on /home/airflow/.local/lib/python3.7/site-packages/airflow/example_dags/example_external_task_marker_dag.py
[2022-07-14 22:12:06,809] {processor.py:641} INFO - Processing file /home/airflow/.local/lib/python3.7/site-packages/airflow/example_dags/example_external_task_marker_dag.py for tasks to queue
[2022-07-14 22:12:06,809] {logging_mixin.py:115} INFO - [2022-07-14 22:12:06,809] {dagbag.py:508} INFO - Filling up the DagBag from /home/airflow/.local/lib/python3.7/site-packages/airflow/example_dags/example_external_task_marker_dag.py
[2022-07-14 22:12:06,816] {processor.py:651} INFO - DAG(s) dict_keys(['example_external_task_marker_parent', 'example_external_task_marker_child']) retrieved from /home/airflow/.local/lib/python3.7/site-packages/airflow/example_dags/example_external_task_marker_dag.py
[2022-07-14 22:12:06,948] {logging_mixin.py:115} INFO - [2022-07-14 22:12:06,948] {manager.py:508} INFO - Created Permission View: can edit on DAG:example_external_task_marker_parent
[2022-07-14 22:12:07,366] {logging_mixin.py:115} INFO - [2022-07-14 22:12:07,366] {manager.py:508} INFO - Created Permission View: can read on DAG:example_external_task_marker_parent
[2022-07-14 22:12:07,381] {logging_mixin.py:115} INFO - [2022-07-14 22:12:07,381] {manager.py:508} INFO - Created Permission View: can delete on DAG:example_external_task_marker_parent
[2022-07-14 22:12:07,432] {logging_mixin.py:115} INFO - [2022-07-14 22:12:07,431] {manager.py:508} INFO - Created Permission View: can edit on DAG:example_external_task_marker_child
[2022-07-14 22:12:07,447] {logging_mixin.py:115} INFO - [2022-07-14 22:12:07,447] {manager.py:508} INFO - Created Permission View: can read on DAG:example_external_task_marker_child
[2022-07-14 22:12:07,458] {logging_mixin.py:115} INFO - [2022-07-14 22:12:07,458] {manager.py:508} INFO - Created Permission View: can delete on DAG:example_external_task_marker_child
[2022-07-14 22:12:07,458] {logging_mixin.py:115} INFO - [2022-07-14 22:12:07,458] {dag.py:2420} INFO - Sync 2 DAGs
[2022-07-14 22:12:07,472] {logging_mixin.py:115} INFO - [2022-07-14 22:12:07,472] {dag.py:2439} INFO - Creating ORM DAG for example_external_task_marker_child
[2022-07-14 22:12:07,473] {logging_mixin.py:115} INFO - [2022-07-14 22:12:07,473] {dag.py:2439} INFO - Creating ORM DAG for example_external_task_marker_parent
[2022-07-14 22:12:07,492] {logging_mixin.py:115} INFO - [2022-07-14 22:12:07,492] {dag.py:2972} INFO - Setting next_dagrun for example_external_task_marker_child to None, run_after=None
[2022-07-14 22:12:07,493] {logging_mixin.py:115} INFO - [2022-07-14 22:12:07,493] {dag.py:2972} INFO - Setting next_dagrun for example_external_task_marker_parent to None, run_after=None
[2022-07-14 22:12:07,519] {processor.py:161} INFO - Processing /home/airflow/.local/lib/python3.7/site-packages/airflow/example_dags/example_external_task_marker_dag.py took 0.715 seconds
[2022-07-14 22:12:37,961] {processor.py:153} INFO - Started process (PID=144) to work on /home/airflow/.local/lib/python3.7/site-packages/airflow/example_dags/example_external_task_marker_dag.py
[2022-07-14 22:12:37,962] {processor.py:641} INFO - Processing file /home/airflow/.local/lib/python3.7/site-packages/airflow/example_dags/example_external_task_marker_dag.py for tasks to queue
[2022-07-14 22:12:37,963] {logging_mixin.py:115} INFO - [2022-07-14 22:12:37,963] {dagbag.py:508} INFO - Filling up the DagBag from /home/airflow/.local/lib/python3.7/site-packages/airflow/example_dags/example_external_task_marker_dag.py
[2022-07-14 22:12:37,969] {processor.py:651} INFO - DAG(s) dict_keys(['example_external_task_marker_parent', 'example_external_task_marker_child']) retrieved from /home/airflow/.local/lib/python3.7/site-packages/airflow/example_dags/example_external_task_marker_dag.py
[2022-07-14 22:12:38,044] {logging_mixin.py:115} INFO - [2022-07-14 22:12:38,044] {dag.py:2420} INFO - Sync 2 DAGs
[2022-07-14 22:12:38,084] {logging_mixin.py:115} INFO - [2022-07-14 22:12:38,084] {dag.py:2972} INFO - Setting next_dagrun for example_external_task_marker_child to None, run_after=None
[2022-07-14 22:12:38,084] {logging_mixin.py:115} INFO - [2022-07-14 22:12:38,084] {dag.py:2972} INFO - Setting next_dagrun for example_external_task_marker_parent to None, run_after=None
[2022-07-14 22:12:38,111] {processor.py:161} INFO - Processing /home/airflow/.local/lib/python3.7/site-packages/airflow/example_dags/example_external_task_marker_dag.py took 0.154 seconds
[2022-07-14 22:13:08,190] {processor.py:153} INFO - Started process (PID=196) to work on /home/airflow/.local/lib/python3.7/site-packages/airflow/example_dags/example_external_task_marker_dag.py
[2022-07-14 22:13:08,190] {processor.py:641} INFO - Processing file /home/airflow/.local/lib/python3.7/site-packages/airflow/example_dags/example_external_task_marker_dag.py for tasks to queue
[2022-07-14 22:13:08,191] {logging_mixin.py:115} INFO - [2022-07-14 22:13:08,191] {dagbag.py:508} INFO - Filling up the DagBag from /home/airflow/.local/lib/python3.7/site-packages/airflow/example_dags/example_external_task_marker_dag.py
[2022-07-14 22:13:08,195] {processor.py:651} INFO - DAG(s) dict_keys(['example_external_task_marker_parent', 'example_external_task_marker_child']) retrieved from /home/airflow/.local/lib/python3.7/site-packages/airflow/example_dags/example_external_task_marker_dag.py
[2022-07-14 22:13:08,251] {logging_mixin.py:115} INFO - [2022-07-14 22:13:08,251] {dag.py:2420} INFO - Sync 2 DAGs
[2022-07-14 22:13:08,279] {logging_mixin.py:115} INFO - [2022-07-14 22:13:08,279] {dag.py:2972} INFO - Setting next_dagrun for example_external_task_marker_child to None, run_after=None
[2022-07-14 22:13:08,280] {logging_mixin.py:115} INFO - [2022-07-14 22:13:08,280] {dag.py:2972} INFO - Setting next_dagrun for example_external_task_marker_parent to None, run_after=None
[2022-07-14 22:13:08,296] {processor.py:161} INFO - Processing /home/airflow/.local/lib/python3.7/site-packages/airflow/example_dags/example_external_task_marker_dag.py took 0.110 seconds
[2022-07-14 22:13:38,734] {processor.py:153} INFO - Started process (PID=257) to work on /home/airflow/.local/lib/python3.7/site-packages/airflow/example_dags/example_external_task_marker_dag.py
[2022-07-14 22:13:38,734] {processor.py:641} INFO - Processing file /home/airflow/.local/lib/python3.7/site-packages/airflow/example_dags/example_external_task_marker_dag.py for tasks to queue
[2022-07-14 22:13:38,734] {logging_mixin.py:115} INFO - [2022-07-14 22:13:38,734] {dagbag.py:508} INFO - Filling up the DagBag from /home/airflow/.local/lib/python3.7/site-packages/airflow/example_dags/example_external_task_marker_dag.py
[2022-07-14 22:13:38,738] {processor.py:651} INFO - DAG(s) dict_keys(['example_external_task_marker_parent', 'example_external_task_marker_child']) retrieved from /home/airflow/.local/lib/python3.7/site-packages/airflow/example_dags/example_external_task_marker_dag.py
[2022-07-14 22:13:38,780] {logging_mixin.py:115} INFO - [2022-07-14 22:13:38,780] {dag.py:2420} INFO - Sync 2 DAGs
[2022-07-14 22:13:38,802] {logging_mixin.py:115} INFO - [2022-07-14 22:13:38,802] {dag.py:2972} INFO - Setting next_dagrun for example_external_task_marker_child to None, run_after=None
[2022-07-14 22:13:38,802] {logging_mixin.py:115} INFO - [2022-07-14 22:13:38,802] {dag.py:2972} INFO - Setting next_dagrun for example_external_task_marker_parent to None, run_after=None
[2022-07-14 22:13:38,815] {processor.py:161} INFO - Processing /home/airflow/.local/lib/python3.7/site-packages/airflow/example_dags/example_external_task_marker_dag.py took 0.083 seconds
[2022-07-14 22:14:09,213] {processor.py:153} INFO - Started process (PID=309) to work on /home/airflow/.local/lib/python3.7/site-packages/airflow/example_dags/example_external_task_marker_dag.py
[2022-07-14 22:14:09,214] {processor.py:641} INFO - Processing file /home/airflow/.local/lib/python3.7/site-packages/airflow/example_dags/example_external_task_marker_dag.py for tasks to queue
[2022-07-14 22:14:09,214] {logging_mixin.py:115} INFO - [2022-07-14 22:14:09,214] {dagbag.py:508} INFO - Filling up the DagBag from /home/airflow/.local/lib/python3.7/site-packages/airflow/example_dags/example_external_task_marker_dag.py
[2022-07-14 22:14:09,219] {processor.py:651} INFO - DAG(s) dict_keys(['example_external_task_marker_parent', 'example_external_task_marker_child']) retrieved from /home/airflow/.local/lib/python3.7/site-packages/airflow/example_dags/example_external_task_marker_dag.py
[2022-07-14 22:14:09,266] {logging_mixin.py:115} INFO - [2022-07-14 22:14:09,266] {dag.py:2420} INFO - Sync 2 DAGs
[2022-07-14 22:14:09,292] {logging_mixin.py:115} INFO - [2022-07-14 22:14:09,292] {dag.py:2972} INFO - Setting next_dagrun for example_external_task_marker_child to None, run_after=None
[2022-07-14 22:14:09,293] {logging_mixin.py:115} INFO - [2022-07-14 22:14:09,293] {dag.py:2972} INFO - Setting next_dagrun for example_external_task_marker_parent to None, run_after=None
[2022-07-14 22:14:09,308] {processor.py:161} INFO - Processing /home/airflow/.local/lib/python3.7/site-packages/airflow/example_dags/example_external_task_marker_dag.py took 0.098 seconds
[2022-07-14 22:14:39,617] {processor.py:153} INFO - Started process (PID=370) to work on /home/airflow/.local/lib/python3.7/site-packages/airflow/example_dags/example_external_task_marker_dag.py
[2022-07-14 22:14:39,618] {processor.py:641} INFO - Processing file /home/airflow/.local/lib/python3.7/site-packages/airflow/example_dags/example_external_task_marker_dag.py for tasks to queue
[2022-07-14 22:14:39,618] {logging_mixin.py:115} INFO - [2022-07-14 22:14:39,618] {dagbag.py:508} INFO - Filling up the DagBag from /home/airflow/.local/lib/python3.7/site-packages/airflow/example_dags/example_external_task_marker_dag.py
[2022-07-14 22:14:39,622] {processor.py:651} INFO - DAG(s) dict_keys(['example_external_task_marker_parent', 'example_external_task_marker_child']) retrieved from /home/airflow/.local/lib/python3.7/site-packages/airflow/example_dags/example_external_task_marker_dag.py
[2022-07-14 22:14:39,665] {logging_mixin.py:115} INFO - [2022-07-14 22:14:39,664] {dag.py:2420} INFO - Sync 2 DAGs
[2022-07-14 22:14:39,687] {logging_mixin.py:115} INFO - [2022-07-14 22:14:39,687] {dag.py:2972} INFO - Setting next_dagrun for example_external_task_marker_child to None, run_after=None
[2022-07-14 22:14:39,687] {logging_mixin.py:115} INFO - [2022-07-14 22:14:39,687] {dag.py:2972} INFO - Setting next_dagrun for example_external_task_marker_parent to None, run_after=None
[2022-07-14 22:14:39,697] {processor.py:161} INFO - Processing /home/airflow/.local/lib/python3.7/site-packages/airflow/example_dags/example_external_task_marker_dag.py took 0.083 seconds
