[2022-07-14 22:12:12,292] {processor.py:153} INFO - Started process (PID=111) to work on /home/airflow/.local/lib/python3.7/site-packages/airflow/example_dags/tutorial.py
[2022-07-14 22:12:12,293] {processor.py:641} INFO - Processing file /home/airflow/.local/lib/python3.7/site-packages/airflow/example_dags/tutorial.py for tasks to queue
[2022-07-14 22:12:12,294] {logging_mixin.py:115} INFO - [2022-07-14 22:12:12,294] {dagbag.py:508} INFO - Filling up the DagBag from /home/airflow/.local/lib/python3.7/site-packages/airflow/example_dags/tutorial.py
[2022-07-14 22:12:12,301] {processor.py:651} INFO - DAG(s) dict_keys(['tutorial']) retrieved from /home/airflow/.local/lib/python3.7/site-packages/airflow/example_dags/tutorial.py
[2022-07-14 22:12:12,808] {logging_mixin.py:115} INFO - [2022-07-14 22:12:12,807] {manager.py:508} INFO - Created Permission View: can edit on DAG:tutorial
[2022-07-14 22:12:12,826] {logging_mixin.py:115} INFO - [2022-07-14 22:12:12,826] {manager.py:508} INFO - Created Permission View: can read on DAG:tutorial
[2022-07-14 22:12:12,841] {logging_mixin.py:115} INFO - [2022-07-14 22:12:12,841] {manager.py:508} INFO - Created Permission View: can delete on DAG:tutorial
[2022-07-14 22:12:12,842] {logging_mixin.py:115} INFO - [2022-07-14 22:12:12,842] {dag.py:2420} INFO - Sync 1 DAGs
[2022-07-14 22:12:12,881] {logging_mixin.py:115} INFO - [2022-07-14 22:12:12,881] {dag.py:2439} INFO - Creating ORM DAG for tutorial
[2022-07-14 22:12:12,900] {logging_mixin.py:115} INFO - [2022-07-14 22:12:12,900] {dag.py:2972} INFO - Setting next_dagrun for tutorial to 2022-07-13T22:12:12.900196+00:00, run_after=2022-07-14T22:12:12.900196+00:00
[2022-07-14 22:12:12,926] {processor.py:161} INFO - Processing /home/airflow/.local/lib/python3.7/site-packages/airflow/example_dags/tutorial.py took 0.638 seconds
[2022-07-14 22:12:43,435] {processor.py:153} INFO - Started process (PID=163) to work on /home/airflow/.local/lib/python3.7/site-packages/airflow/example_dags/tutorial.py
[2022-07-14 22:12:43,436] {processor.py:641} INFO - Processing file /home/airflow/.local/lib/python3.7/site-packages/airflow/example_dags/tutorial.py for tasks to queue
[2022-07-14 22:12:43,437] {logging_mixin.py:115} INFO - [2022-07-14 22:12:43,437] {dagbag.py:508} INFO - Filling up the DagBag from /home/airflow/.local/lib/python3.7/site-packages/airflow/example_dags/tutorial.py
[2022-07-14 22:12:43,449] {processor.py:651} INFO - DAG(s) dict_keys(['tutorial']) retrieved from /home/airflow/.local/lib/python3.7/site-packages/airflow/example_dags/tutorial.py
[2022-07-14 22:12:43,501] {logging_mixin.py:115} INFO - [2022-07-14 22:12:43,501] {dag.py:2420} INFO - Sync 1 DAGs
[2022-07-14 22:12:43,553] {logging_mixin.py:115} INFO - [2022-07-14 22:12:43,553] {dag.py:2972} INFO - Setting next_dagrun for tutorial to 2022-07-13T22:12:43.552753+00:00, run_after=2022-07-14T22:12:43.552753+00:00
[2022-07-14 22:12:43,583] {processor.py:161} INFO - Processing /home/airflow/.local/lib/python3.7/site-packages/airflow/example_dags/tutorial.py took 0.153 seconds
[2022-07-14 22:13:13,752] {processor.py:153} INFO - Started process (PID=222) to work on /home/airflow/.local/lib/python3.7/site-packages/airflow/example_dags/tutorial.py
[2022-07-14 22:13:13,752] {processor.py:641} INFO - Processing file /home/airflow/.local/lib/python3.7/site-packages/airflow/example_dags/tutorial.py for tasks to queue
[2022-07-14 22:13:13,753] {logging_mixin.py:115} INFO - [2022-07-14 22:13:13,753] {dagbag.py:508} INFO - Filling up the DagBag from /home/airflow/.local/lib/python3.7/site-packages/airflow/example_dags/tutorial.py
[2022-07-14 22:13:13,758] {processor.py:651} INFO - DAG(s) dict_keys(['tutorial']) retrieved from /home/airflow/.local/lib/python3.7/site-packages/airflow/example_dags/tutorial.py
[2022-07-14 22:13:13,789] {logging_mixin.py:115} INFO - [2022-07-14 22:13:13,789] {dag.py:2420} INFO - Sync 1 DAGs
[2022-07-14 22:13:13,819] {logging_mixin.py:115} INFO - [2022-07-14 22:13:13,819] {dag.py:2972} INFO - Setting next_dagrun for tutorial to 2022-07-13T22:13:13.818627+00:00, run_after=2022-07-14T22:13:13.818627+00:00
[2022-07-14 22:13:13,835] {processor.py:161} INFO - Processing /home/airflow/.local/lib/python3.7/site-packages/airflow/example_dags/tutorial.py took 0.086 seconds
[2022-07-14 22:13:44,043] {processor.py:153} INFO - Started process (PID=276) to work on /home/airflow/.local/lib/python3.7/site-packages/airflow/example_dags/tutorial.py
[2022-07-14 22:13:44,044] {processor.py:641} INFO - Processing file /home/airflow/.local/lib/python3.7/site-packages/airflow/example_dags/tutorial.py for tasks to queue
[2022-07-14 22:13:44,044] {logging_mixin.py:115} INFO - [2022-07-14 22:13:44,044] {dagbag.py:508} INFO - Filling up the DagBag from /home/airflow/.local/lib/python3.7/site-packages/airflow/example_dags/tutorial.py
[2022-07-14 22:13:44,049] {processor.py:651} INFO - DAG(s) dict_keys(['tutorial']) retrieved from /home/airflow/.local/lib/python3.7/site-packages/airflow/example_dags/tutorial.py
[2022-07-14 22:13:44,072] {logging_mixin.py:115} INFO - [2022-07-14 22:13:44,072] {dag.py:2420} INFO - Sync 1 DAGs
[2022-07-14 22:13:44,093] {logging_mixin.py:115} INFO - [2022-07-14 22:13:44,093] {dag.py:2972} INFO - Setting next_dagrun for tutorial to 2022-07-13T22:13:44.093440+00:00, run_after=2022-07-14T22:13:44.093440+00:00
[2022-07-14 22:13:44,105] {processor.py:161} INFO - Processing /home/airflow/.local/lib/python3.7/site-packages/airflow/example_dags/tutorial.py took 0.065 seconds
[2022-07-14 22:14:14,268] {processor.py:153} INFO - Started process (PID=337) to work on /home/airflow/.local/lib/python3.7/site-packages/airflow/example_dags/tutorial.py
[2022-07-14 22:14:14,269] {processor.py:641} INFO - Processing file /home/airflow/.local/lib/python3.7/site-packages/airflow/example_dags/tutorial.py for tasks to queue
[2022-07-14 22:14:14,269] {logging_mixin.py:115} INFO - [2022-07-14 22:14:14,269] {dagbag.py:508} INFO - Filling up the DagBag from /home/airflow/.local/lib/python3.7/site-packages/airflow/example_dags/tutorial.py
[2022-07-14 22:14:14,276] {processor.py:651} INFO - DAG(s) dict_keys(['tutorial']) retrieved from /home/airflow/.local/lib/python3.7/site-packages/airflow/example_dags/tutorial.py
[2022-07-14 22:14:14,309] {logging_mixin.py:115} INFO - [2022-07-14 22:14:14,309] {dag.py:2420} INFO - Sync 1 DAGs
[2022-07-14 22:14:14,333] {logging_mixin.py:115} INFO - [2022-07-14 22:14:14,333] {dag.py:2972} INFO - Setting next_dagrun for tutorial to 2022-07-13T22:14:14.333098+00:00, run_after=2022-07-14T22:14:14.333098+00:00
[2022-07-14 22:14:14,345] {processor.py:161} INFO - Processing /home/airflow/.local/lib/python3.7/site-packages/airflow/example_dags/tutorial.py took 0.080 seconds
[2022-07-14 22:14:44,761] {processor.py:153} INFO - Started process (PID=389) to work on /home/airflow/.local/lib/python3.7/site-packages/airflow/example_dags/tutorial.py
[2022-07-14 22:14:44,762] {processor.py:641} INFO - Processing file /home/airflow/.local/lib/python3.7/site-packages/airflow/example_dags/tutorial.py for tasks to queue
[2022-07-14 22:14:44,763] {logging_mixin.py:115} INFO - [2022-07-14 22:14:44,763] {dagbag.py:508} INFO - Filling up the DagBag from /home/airflow/.local/lib/python3.7/site-packages/airflow/example_dags/tutorial.py
[2022-07-14 22:14:44,769] {processor.py:651} INFO - DAG(s) dict_keys(['tutorial']) retrieved from /home/airflow/.local/lib/python3.7/site-packages/airflow/example_dags/tutorial.py
[2022-07-14 22:14:44,799] {logging_mixin.py:115} INFO - [2022-07-14 22:14:44,799] {dag.py:2420} INFO - Sync 1 DAGs
[2022-07-14 22:14:44,826] {logging_mixin.py:115} INFO - [2022-07-14 22:14:44,825] {dag.py:2972} INFO - Setting next_dagrun for tutorial to 2022-07-13T22:14:44.825415+00:00, run_after=2022-07-14T22:14:44.825415+00:00
[2022-07-14 22:14:44,847] {processor.py:161} INFO - Processing /home/airflow/.local/lib/python3.7/site-packages/airflow/example_dags/tutorial.py took 0.090 seconds
