[2022-07-14 22:12:12,993] {processor.py:153} INFO - Started process (PID=112) to work on /home/airflow/.local/lib/python3.7/site-packages/airflow/example_dags/tutorial_etl_dag.py
[2022-07-14 22:12:12,993] {processor.py:641} INFO - Processing file /home/airflow/.local/lib/python3.7/site-packages/airflow/example_dags/tutorial_etl_dag.py for tasks to queue
[2022-07-14 22:12:12,994] {logging_mixin.py:115} INFO - [2022-07-14 22:12:12,994] {dagbag.py:508} INFO - Filling up the DagBag from /home/airflow/.local/lib/python3.7/site-packages/airflow/example_dags/tutorial_etl_dag.py
[2022-07-14 22:12:13,003] {processor.py:651} INFO - DAG(s) dict_keys(['tutorial_etl_dag']) retrieved from /home/airflow/.local/lib/python3.7/site-packages/airflow/example_dags/tutorial_etl_dag.py
[2022-07-14 22:12:13,438] {logging_mixin.py:115} INFO - [2022-07-14 22:12:13,438] {manager.py:508} INFO - Created Permission View: can edit on DAG:tutorial_etl_dag
[2022-07-14 22:12:13,485] {logging_mixin.py:115} INFO - [2022-07-14 22:12:13,484] {manager.py:508} INFO - Created Permission View: can read on DAG:tutorial_etl_dag
[2022-07-14 22:12:13,500] {logging_mixin.py:115} INFO - [2022-07-14 22:12:13,500] {manager.py:508} INFO - Created Permission View: can delete on DAG:tutorial_etl_dag
[2022-07-14 22:12:13,501] {logging_mixin.py:115} INFO - [2022-07-14 22:12:13,501] {dag.py:2420} INFO - Sync 1 DAGs
[2022-07-14 22:12:13,515] {logging_mixin.py:115} INFO - [2022-07-14 22:12:13,515] {dag.py:2439} INFO - Creating ORM DAG for tutorial_etl_dag
[2022-07-14 22:12:13,535] {logging_mixin.py:115} INFO - [2022-07-14 22:12:13,534] {dag.py:2972} INFO - Setting next_dagrun for tutorial_etl_dag to None, run_after=None
[2022-07-14 22:12:13,584] {processor.py:161} INFO - Processing /home/airflow/.local/lib/python3.7/site-packages/airflow/example_dags/tutorial_etl_dag.py took 0.594 seconds
[2022-07-14 22:12:44,061] {processor.py:153} INFO - Started process (PID=164) to work on /home/airflow/.local/lib/python3.7/site-packages/airflow/example_dags/tutorial_etl_dag.py
[2022-07-14 22:12:44,062] {processor.py:641} INFO - Processing file /home/airflow/.local/lib/python3.7/site-packages/airflow/example_dags/tutorial_etl_dag.py for tasks to queue
[2022-07-14 22:12:44,063] {logging_mixin.py:115} INFO - [2022-07-14 22:12:44,063] {dagbag.py:508} INFO - Filling up the DagBag from /home/airflow/.local/lib/python3.7/site-packages/airflow/example_dags/tutorial_etl_dag.py
[2022-07-14 22:12:44,075] {processor.py:651} INFO - DAG(s) dict_keys(['tutorial_etl_dag']) retrieved from /home/airflow/.local/lib/python3.7/site-packages/airflow/example_dags/tutorial_etl_dag.py
[2022-07-14 22:12:44,119] {logging_mixin.py:115} INFO - [2022-07-14 22:12:44,119] {dag.py:2420} INFO - Sync 1 DAGs
[2022-07-14 22:12:44,164] {logging_mixin.py:115} INFO - [2022-07-14 22:12:44,164] {dag.py:2972} INFO - Setting next_dagrun for tutorial_etl_dag to None, run_after=None
[2022-07-14 22:12:44,184] {processor.py:161} INFO - Processing /home/airflow/.local/lib/python3.7/site-packages/airflow/example_dags/tutorial_etl_dag.py took 0.130 seconds
[2022-07-14 22:13:14,770] {processor.py:153} INFO - Started process (PID=226) to work on /home/airflow/.local/lib/python3.7/site-packages/airflow/example_dags/tutorial_etl_dag.py
[2022-07-14 22:13:14,771] {processor.py:641} INFO - Processing file /home/airflow/.local/lib/python3.7/site-packages/airflow/example_dags/tutorial_etl_dag.py for tasks to queue
[2022-07-14 22:13:14,771] {logging_mixin.py:115} INFO - [2022-07-14 22:13:14,771] {dagbag.py:508} INFO - Filling up the DagBag from /home/airflow/.local/lib/python3.7/site-packages/airflow/example_dags/tutorial_etl_dag.py
[2022-07-14 22:13:14,778] {processor.py:651} INFO - DAG(s) dict_keys(['tutorial_etl_dag']) retrieved from /home/airflow/.local/lib/python3.7/site-packages/airflow/example_dags/tutorial_etl_dag.py
[2022-07-14 22:13:14,811] {logging_mixin.py:115} INFO - [2022-07-14 22:13:14,810] {dag.py:2420} INFO - Sync 1 DAGs
[2022-07-14 22:13:14,843] {logging_mixin.py:115} INFO - [2022-07-14 22:13:14,843] {dag.py:2972} INFO - Setting next_dagrun for tutorial_etl_dag to None, run_after=None
[2022-07-14 22:13:14,862] {processor.py:161} INFO - Processing /home/airflow/.local/lib/python3.7/site-packages/airflow/example_dags/tutorial_etl_dag.py took 0.095 seconds
[2022-07-14 22:13:45,052] {processor.py:153} INFO - Started process (PID=277) to work on /home/airflow/.local/lib/python3.7/site-packages/airflow/example_dags/tutorial_etl_dag.py
[2022-07-14 22:13:45,053] {processor.py:641} INFO - Processing file /home/airflow/.local/lib/python3.7/site-packages/airflow/example_dags/tutorial_etl_dag.py for tasks to queue
[2022-07-14 22:13:45,053] {logging_mixin.py:115} INFO - [2022-07-14 22:13:45,053] {dagbag.py:508} INFO - Filling up the DagBag from /home/airflow/.local/lib/python3.7/site-packages/airflow/example_dags/tutorial_etl_dag.py
[2022-07-14 22:13:45,059] {processor.py:651} INFO - DAG(s) dict_keys(['tutorial_etl_dag']) retrieved from /home/airflow/.local/lib/python3.7/site-packages/airflow/example_dags/tutorial_etl_dag.py
[2022-07-14 22:13:45,088] {logging_mixin.py:115} INFO - [2022-07-14 22:13:45,088] {dag.py:2420} INFO - Sync 1 DAGs
[2022-07-14 22:13:45,110] {logging_mixin.py:115} INFO - [2022-07-14 22:13:45,110] {dag.py:2972} INFO - Setting next_dagrun for tutorial_etl_dag to None, run_after=None
[2022-07-14 22:13:45,121] {processor.py:161} INFO - Processing /home/airflow/.local/lib/python3.7/site-packages/airflow/example_dags/tutorial_etl_dag.py took 0.071 seconds
[2022-07-14 22:14:15,370] {processor.py:153} INFO - Started process (PID=338) to work on /home/airflow/.local/lib/python3.7/site-packages/airflow/example_dags/tutorial_etl_dag.py
[2022-07-14 22:14:15,371] {processor.py:641} INFO - Processing file /home/airflow/.local/lib/python3.7/site-packages/airflow/example_dags/tutorial_etl_dag.py for tasks to queue
[2022-07-14 22:14:15,372] {logging_mixin.py:115} INFO - [2022-07-14 22:14:15,372] {dagbag.py:508} INFO - Filling up the DagBag from /home/airflow/.local/lib/python3.7/site-packages/airflow/example_dags/tutorial_etl_dag.py
[2022-07-14 22:14:15,380] {processor.py:651} INFO - DAG(s) dict_keys(['tutorial_etl_dag']) retrieved from /home/airflow/.local/lib/python3.7/site-packages/airflow/example_dags/tutorial_etl_dag.py
[2022-07-14 22:14:15,407] {logging_mixin.py:115} INFO - [2022-07-14 22:14:15,407] {dag.py:2420} INFO - Sync 1 DAGs
[2022-07-14 22:14:15,430] {logging_mixin.py:115} INFO - [2022-07-14 22:14:15,429] {dag.py:2972} INFO - Setting next_dagrun for tutorial_etl_dag to None, run_after=None
[2022-07-14 22:14:15,443] {processor.py:161} INFO - Processing /home/airflow/.local/lib/python3.7/site-packages/airflow/example_dags/tutorial_etl_dag.py took 0.076 seconds
[2022-07-14 22:14:45,881] {processor.py:153} INFO - Started process (PID=391) to work on /home/airflow/.local/lib/python3.7/site-packages/airflow/example_dags/tutorial_etl_dag.py
[2022-07-14 22:14:45,884] {processor.py:641} INFO - Processing file /home/airflow/.local/lib/python3.7/site-packages/airflow/example_dags/tutorial_etl_dag.py for tasks to queue
[2022-07-14 22:14:45,884] {logging_mixin.py:115} INFO - [2022-07-14 22:14:45,884] {dagbag.py:508} INFO - Filling up the DagBag from /home/airflow/.local/lib/python3.7/site-packages/airflow/example_dags/tutorial_etl_dag.py
[2022-07-14 22:14:45,891] {processor.py:651} INFO - DAG(s) dict_keys(['tutorial_etl_dag']) retrieved from /home/airflow/.local/lib/python3.7/site-packages/airflow/example_dags/tutorial_etl_dag.py
[2022-07-14 22:14:45,924] {logging_mixin.py:115} INFO - [2022-07-14 22:14:45,924] {dag.py:2420} INFO - Sync 1 DAGs
[2022-07-14 22:14:45,952] {logging_mixin.py:115} INFO - [2022-07-14 22:14:45,951] {dag.py:2972} INFO - Setting next_dagrun for tutorial_etl_dag to None, run_after=None
[2022-07-14 22:14:45,965] {processor.py:161} INFO - Processing /home/airflow/.local/lib/python3.7/site-packages/airflow/example_dags/tutorial_etl_dag.py took 0.086 seconds
