[2022-07-14 22:12:04,619] {manager.py:480} INFO - Processing files using up to 2 processes at a time 
[2022-07-14 22:12:04,620] {manager.py:481} INFO - Process each file at most once every 30 seconds
[2022-07-14 22:12:04,620] {manager.py:483} INFO - Checking for new files in /opt/airflow/dags every 300 seconds
[2022-07-14 22:12:04,620] {manager.py:690} INFO - Searching for files in /opt/airflow/dags
[2022-07-14 22:12:04,632] {manager.py:693} INFO - There are 34 files in /opt/airflow/dags
[2022-07-14 22:12:04,712] {manager.py:809} INFO - 
================================================================================
DAG File Processing Stats

File Path                                                                                                           PID  Runtime      # DAGs    # Errors  Last Runtime    Last Run
----------------------------------------------------------------------------------------------------------------  -----  ---------  --------  ----------  --------------  ----------
/home/airflow/.local/lib/python3.7/site-packages/airflow/example_dags/example_bash_operator.py                       73  0.03s             0           0
/home/airflow/.local/lib/python3.7/site-packages/airflow/example_dags/example_branch_datetime_operator.py            74  0.02s             0           0
/home/airflow/.local/lib/python3.7/site-packages/airflow/example_dags/example_branch_day_of_week_operator.py                               0           0
/home/airflow/.local/lib/python3.7/site-packages/airflow/example_dags/example_branch_labels.py                                             0           0
/home/airflow/.local/lib/python3.7/site-packages/airflow/example_dags/example_branch_operator.py                                           0           0
/home/airflow/.local/lib/python3.7/site-packages/airflow/example_dags/example_branch_operator_decorator.py                                 0           0
/home/airflow/.local/lib/python3.7/site-packages/airflow/example_dags/example_branch_python_dop_operator_3.py                              0           0
/home/airflow/.local/lib/python3.7/site-packages/airflow/example_dags/example_complex.py                                                   0           0
/home/airflow/.local/lib/python3.7/site-packages/airflow/example_dags/example_dag_decorator.py                                             0           0
/home/airflow/.local/lib/python3.7/site-packages/airflow/example_dags/example_external_task_marker_dag.py                                  0           0
/home/airflow/.local/lib/python3.7/site-packages/airflow/example_dags/example_kubernetes_executor.py                                       0           0
/home/airflow/.local/lib/python3.7/site-packages/airflow/example_dags/example_latest_only.py                                               0           0
/home/airflow/.local/lib/python3.7/site-packages/airflow/example_dags/example_latest_only_with_trigger.py                                  0           0
/home/airflow/.local/lib/python3.7/site-packages/airflow/example_dags/example_local_kubernetes_executor.py                                 0           0
/home/airflow/.local/lib/python3.7/site-packages/airflow/example_dags/example_nested_branch_dag.py                                         0           0
/home/airflow/.local/lib/python3.7/site-packages/airflow/example_dags/example_passing_params_via_test_command.py                           0           0
/home/airflow/.local/lib/python3.7/site-packages/airflow/example_dags/example_python_operator.py                                           0           0
/home/airflow/.local/lib/python3.7/site-packages/airflow/example_dags/example_short_circuit_operator.py                                    0           0
/home/airflow/.local/lib/python3.7/site-packages/airflow/example_dags/example_skip_dag.py                                                  0           0
/home/airflow/.local/lib/python3.7/site-packages/airflow/example_dags/example_sla_dag.py                                                   0           0
/home/airflow/.local/lib/python3.7/site-packages/airflow/example_dags/example_subdag_operator.py                                           0           0
/home/airflow/.local/lib/python3.7/site-packages/airflow/example_dags/example_task_group.py                                                0           0
/home/airflow/.local/lib/python3.7/site-packages/airflow/example_dags/example_task_group_decorator.py                                      0           0
/home/airflow/.local/lib/python3.7/site-packages/airflow/example_dags/example_time_delta_sensor_async.py                                   0           0
/home/airflow/.local/lib/python3.7/site-packages/airflow/example_dags/example_trigger_controller_dag.py                                    0           0
/home/airflow/.local/lib/python3.7/site-packages/airflow/example_dags/example_trigger_target_dag.py                                        0           0
/home/airflow/.local/lib/python3.7/site-packages/airflow/example_dags/example_xcom.py                                                      0           0
/home/airflow/.local/lib/python3.7/site-packages/airflow/example_dags/example_xcomargs.py                                                  0           0
/home/airflow/.local/lib/python3.7/site-packages/airflow/example_dags/tutorial.py                                                          0           0
/home/airflow/.local/lib/python3.7/site-packages/airflow/example_dags/tutorial_etl_dag.py                                                  0           0
/home/airflow/.local/lib/python3.7/site-packages/airflow/example_dags/tutorial_taskflow_api_etl.py                                         0           0
/home/airflow/.local/lib/python3.7/site-packages/airflow/example_dags/tutorial_taskflow_api_etl_virtualenv.py                              0           0
/home/airflow/.local/lib/python3.7/site-packages/airflow/example_dags/plugins/workday.py                                                   0           0
/home/airflow/.local/lib/python3.7/site-packages/airflow/example_dags/subdags/subdag.py                                                    0           0
================================================================================
[2022-07-14 22:12:35,040] {manager.py:809} INFO - 
================================================================================
DAG File Processing Stats

File Path                                                                                                         PID    Runtime      # DAGs    # Errors  Last Runtime    Last Run
----------------------------------------------------------------------------------------------------------------  -----  ---------  --------  ----------  --------------  -------------------
/home/airflow/.local/lib/python3.7/site-packages/airflow/example_dags/plugins/workday.py                                                   0           0  0.09s           2022-07-14T22:12:13
/home/airflow/.local/lib/python3.7/site-packages/airflow/example_dags/subdags/subdag.py                                                    0           0  0.15s           2022-07-14T22:12:13
/home/airflow/.local/lib/python3.7/site-packages/airflow/example_dags/example_bash_operator.py                                             1           0  0.55s           2022-07-14T22:12:05
/home/airflow/.local/lib/python3.7/site-packages/airflow/example_dags/example_branch_day_of_week_operator.py                               1           0  0.47s           2022-07-14T22:12:05
/home/airflow/.local/lib/python3.7/site-packages/airflow/example_dags/example_branch_labels.py                                             1           0  0.48s           2022-07-14T22:12:05
/home/airflow/.local/lib/python3.7/site-packages/airflow/example_dags/example_branch_operator.py                                           1           0  0.49s           2022-07-14T22:12:06
/home/airflow/.local/lib/python3.7/site-packages/airflow/example_dags/example_branch_operator_decorator.py                                 1           0  0.52s           2022-07-14T22:12:06
/home/airflow/.local/lib/python3.7/site-packages/airflow/example_dags/example_branch_python_dop_operator_3.py                              1           0  0.48s           2022-07-14T22:12:06
/home/airflow/.local/lib/python3.7/site-packages/airflow/example_dags/example_complex.py                                                   1           0  0.50s           2022-07-14T22:12:06
/home/airflow/.local/lib/python3.7/site-packages/airflow/example_dags/example_dag_decorator.py                                             1           0  0.80s           2022-07-14T22:12:07
/home/airflow/.local/lib/python3.7/site-packages/airflow/example_dags/example_kubernetes_executor.py                                       1           0  0.48s           2022-07-14T22:12:07
/home/airflow/.local/lib/python3.7/site-packages/airflow/example_dags/example_latest_only.py                                               1           0  0.44s           2022-07-14T22:12:07
/home/airflow/.local/lib/python3.7/site-packages/airflow/example_dags/example_latest_only_with_trigger.py                                  1           0  0.47s           2022-07-14T22:12:08
/home/airflow/.local/lib/python3.7/site-packages/airflow/example_dags/example_local_kubernetes_executor.py                                 1           0  0.48s           2022-07-14T22:12:08
/home/airflow/.local/lib/python3.7/site-packages/airflow/example_dags/example_nested_branch_dag.py                                         1           0  0.47s           2022-07-14T22:12:08
/home/airflow/.local/lib/python3.7/site-packages/airflow/example_dags/example_passing_params_via_test_command.py                           1           0  0.48s           2022-07-14T22:12:08
/home/airflow/.local/lib/python3.7/site-packages/airflow/example_dags/example_python_operator.py                                           1           0  0.47s           2022-07-14T22:12:09
/home/airflow/.local/lib/python3.7/site-packages/airflow/example_dags/example_short_circuit_operator.py                                    1           0  0.44s           2022-07-14T22:12:09
/home/airflow/.local/lib/python3.7/site-packages/airflow/example_dags/example_skip_dag.py                                                  1           0  0.49s           2022-07-14T22:12:09
/home/airflow/.local/lib/python3.7/site-packages/airflow/example_dags/example_sla_dag.py                                                   1           0  0.52s           2022-07-14T22:12:09
/home/airflow/.local/lib/python3.7/site-packages/airflow/example_dags/example_task_group.py                                                1           0  0.51s           2022-07-14T22:12:10
/home/airflow/.local/lib/python3.7/site-packages/airflow/example_dags/example_task_group_decorator.py                                      1           0  0.57s           2022-07-14T22:12:10
/home/airflow/.local/lib/python3.7/site-packages/airflow/example_dags/example_time_delta_sensor_async.py                                   1           0  0.55s           2022-07-14T22:12:10
/home/airflow/.local/lib/python3.7/site-packages/airflow/example_dags/example_trigger_controller_dag.py                                    1           0  0.57s           2022-07-14T22:12:11
/home/airflow/.local/lib/python3.7/site-packages/airflow/example_dags/example_trigger_target_dag.py                                        1           0  0.78s           2022-07-14T22:12:12
/home/airflow/.local/lib/python3.7/site-packages/airflow/example_dags/example_xcom.py                                                      1           0  0.73s           2022-07-14T22:12:12
/home/airflow/.local/lib/python3.7/site-packages/airflow/example_dags/tutorial.py                                                          1           0  0.70s           2022-07-14T22:12:12
/home/airflow/.local/lib/python3.7/site-packages/airflow/example_dags/tutorial_etl_dag.py                                                  1           0  0.62s           2022-07-14T22:12:13
/home/airflow/.local/lib/python3.7/site-packages/airflow/example_dags/tutorial_taskflow_api_etl.py                                         1           0  0.65s           2022-07-14T22:12:13
/home/airflow/.local/lib/python3.7/site-packages/airflow/example_dags/tutorial_taskflow_api_etl_virtualenv.py                              1           0  0.72s           2022-07-14T22:12:14
/home/airflow/.local/lib/python3.7/site-packages/airflow/example_dags/example_branch_datetime_operator.py                                  2           0  0.59s           2022-07-14T22:12:05
/home/airflow/.local/lib/python3.7/site-packages/airflow/example_dags/example_external_task_marker_dag.py                                  2           0  0.74s           2022-07-14T22:12:07
/home/airflow/.local/lib/python3.7/site-packages/airflow/example_dags/example_xcomargs.py                                                  2           0  0.86s           2022-07-14T22:12:13
/home/airflow/.local/lib/python3.7/site-packages/airflow/example_dags/example_subdag_operator.py                                           3           0  0.57s           2022-07-14T22:12:10
================================================================================
[2022-07-14 22:13:05,587] {manager.py:809} INFO - 
================================================================================
DAG File Processing Stats

File Path                                                                                                           PID  Runtime      # DAGs    # Errors  Last Runtime    Last Run
----------------------------------------------------------------------------------------------------------------  -----  ---------  --------  ----------  --------------  -------------------
/home/airflow/.local/lib/python3.7/site-packages/airflow/example_dags/plugins/workday.py                                                   0           0  0.06s           2022-07-14T22:12:44
/home/airflow/.local/lib/python3.7/site-packages/airflow/example_dags/subdags/subdag.py                                                    0           0  0.05s           2022-07-14T22:12:44
/home/airflow/.local/lib/python3.7/site-packages/airflow/example_dags/example_bash_operator.py                      188  0.01s             1           0  0.17s           2022-07-14T22:12:35
/home/airflow/.local/lib/python3.7/site-packages/airflow/example_dags/example_branch_day_of_week_operator.py                               1           0  0.16s           2022-07-14T22:12:36
/home/airflow/.local/lib/python3.7/site-packages/airflow/example_dags/example_branch_labels.py                                             1           0  0.17s           2022-07-14T22:12:36
/home/airflow/.local/lib/python3.7/site-packages/airflow/example_dags/example_branch_operator.py                                           1           0  0.19s           2022-07-14T22:12:36
/home/airflow/.local/lib/python3.7/site-packages/airflow/example_dags/example_branch_operator_decorator.py                                 1           0  0.18s           2022-07-14T22:12:36
/home/airflow/.local/lib/python3.7/site-packages/airflow/example_dags/example_branch_python_dop_operator_3.py                              1           0  0.16s           2022-07-14T22:12:36
/home/airflow/.local/lib/python3.7/site-packages/airflow/example_dags/example_complex.py                                                   1           0  0.20s           2022-07-14T22:12:37
/home/airflow/.local/lib/python3.7/site-packages/airflow/example_dags/example_dag_decorator.py                                             1           0  0.49s           2022-07-14T22:12:38
/home/airflow/.local/lib/python3.7/site-packages/airflow/example_dags/example_kubernetes_executor.py                                       1           0  0.19s           2022-07-14T22:12:38
/home/airflow/.local/lib/python3.7/site-packages/airflow/example_dags/example_latest_only.py                                               1           0  0.15s           2022-07-14T22:12:38
/home/airflow/.local/lib/python3.7/site-packages/airflow/example_dags/example_latest_only_with_trigger.py                                  1           0  0.14s           2022-07-14T22:12:38
/home/airflow/.local/lib/python3.7/site-packages/airflow/example_dags/example_local_kubernetes_executor.py                                 1           0  0.17s           2022-07-14T22:12:38
/home/airflow/.local/lib/python3.7/site-packages/airflow/example_dags/example_nested_branch_dag.py                                         1           0  0.16s           2022-07-14T22:12:39
/home/airflow/.local/lib/python3.7/site-packages/airflow/example_dags/example_passing_params_via_test_command.py                           1           0  0.16s           2022-07-14T22:12:39
/home/airflow/.local/lib/python3.7/site-packages/airflow/example_dags/example_python_operator.py                                           1           0  0.17s           2022-07-14T22:12:39
/home/airflow/.local/lib/python3.7/site-packages/airflow/example_dags/example_short_circuit_operator.py                                    1           0  0.18s           2022-07-14T22:12:39
/home/airflow/.local/lib/python3.7/site-packages/airflow/example_dags/example_skip_dag.py                                                  1           0  0.16s           2022-07-14T22:12:40
/home/airflow/.local/lib/python3.7/site-packages/airflow/example_dags/example_sla_dag.py                                                   1           0  0.17s           2022-07-14T22:12:40
/home/airflow/.local/lib/python3.7/site-packages/airflow/example_dags/example_task_group.py                                                1           0  0.16s           2022-07-14T22:12:41
/home/airflow/.local/lib/python3.7/site-packages/airflow/example_dags/example_task_group_decorator.py                                      1           0  0.59s           2022-07-14T22:12:41
/home/airflow/.local/lib/python3.7/site-packages/airflow/example_dags/example_time_delta_sensor_async.py                                   1           0  0.23s           2022-07-14T22:12:41
/home/airflow/.local/lib/python3.7/site-packages/airflow/example_dags/example_trigger_controller_dag.py                                    1           0  0.17s           2022-07-14T22:12:41
/home/airflow/.local/lib/python3.7/site-packages/airflow/example_dags/example_trigger_target_dag.py                                        1           0  0.18s           2022-07-14T22:12:42
/home/airflow/.local/lib/python3.7/site-packages/airflow/example_dags/example_xcom.py                                                      1           0  0.59s           2022-07-14T22:12:43
/home/airflow/.local/lib/python3.7/site-packages/airflow/example_dags/tutorial.py                                                          1           0  0.19s           2022-07-14T22:12:43
/home/airflow/.local/lib/python3.7/site-packages/airflow/example_dags/tutorial_etl_dag.py                                                  1           0  0.16s           2022-07-14T22:12:44
/home/airflow/.local/lib/python3.7/site-packages/airflow/example_dags/tutorial_taskflow_api_etl.py                                         1           0  0.45s           2022-07-14T22:12:44
/home/airflow/.local/lib/python3.7/site-packages/airflow/example_dags/tutorial_taskflow_api_etl_virtualenv.py                              1           0  0.44s           2022-07-14T22:12:44
/home/airflow/.local/lib/python3.7/site-packages/airflow/example_dags/example_branch_datetime_operator.py           189  0.01s             2           0  0.16s           2022-07-14T22:12:35
/home/airflow/.local/lib/python3.7/site-packages/airflow/example_dags/example_external_task_marker_dag.py                                  2           0  0.19s           2022-07-14T22:12:38
/home/airflow/.local/lib/python3.7/site-packages/airflow/example_dags/example_xcomargs.py                                                  2           0  0.65s           2022-07-14T22:12:44
/home/airflow/.local/lib/python3.7/site-packages/airflow/example_dags/example_subdag_operator.py                                           3           0  0.23s           2022-07-14T22:12:41
================================================================================
[2022-07-14 22:13:36,298] {manager.py:809} INFO - 
================================================================================
DAG File Processing Stats

File Path                                                                                                           PID  Runtime      # DAGs    # Errors  Last Runtime    Last Run
----------------------------------------------------------------------------------------------------------------  -----  ---------  --------  ----------  --------------  -------------------
/home/airflow/.local/lib/python3.7/site-packages/airflow/example_dags/plugins/workday.py                                                   0           0  0.04s           2022-07-14T22:13:15
/home/airflow/.local/lib/python3.7/site-packages/airflow/example_dags/subdags/subdag.py                                                    0           0  0.05s           2022-07-14T22:13:15
/home/airflow/.local/lib/python3.7/site-packages/airflow/example_dags/example_bash_operator.py                      240  0.02s             1           0  0.12s           2022-07-14T22:13:05
/home/airflow/.local/lib/python3.7/site-packages/airflow/example_dags/example_branch_day_of_week_operator.py                               1           0  0.12s           2022-07-14T22:13:06
/home/airflow/.local/lib/python3.7/site-packages/airflow/example_dags/example_branch_labels.py                                             1           0  0.12s           2022-07-14T22:13:06
/home/airflow/.local/lib/python3.7/site-packages/airflow/example_dags/example_branch_operator.py                                           1           0  0.11s           2022-07-14T22:13:06
/home/airflow/.local/lib/python3.7/site-packages/airflow/example_dags/example_branch_operator_decorator.py                                 1           0  0.12s           2022-07-14T22:13:07
/home/airflow/.local/lib/python3.7/site-packages/airflow/example_dags/example_branch_python_dop_operator_3.py                              1           0  0.12s           2022-07-14T22:13:07
/home/airflow/.local/lib/python3.7/site-packages/airflow/example_dags/example_complex.py                                                   1           0  0.13s           2022-07-14T22:13:07
/home/airflow/.local/lib/python3.7/site-packages/airflow/example_dags/example_dag_decorator.py                                             1           0  0.35s           2022-07-14T22:13:09
/home/airflow/.local/lib/python3.7/site-packages/airflow/example_dags/example_kubernetes_executor.py                                       1           0  0.14s           2022-07-14T22:13:09
/home/airflow/.local/lib/python3.7/site-packages/airflow/example_dags/example_latest_only.py                                               1           0  0.12s           2022-07-14T22:13:09
/home/airflow/.local/lib/python3.7/site-packages/airflow/example_dags/example_latest_only_with_trigger.py                                  1           0  0.11s           2022-07-14T22:13:09
/home/airflow/.local/lib/python3.7/site-packages/airflow/example_dags/example_local_kubernetes_executor.py                                 1           0  0.12s           2022-07-14T22:13:09
/home/airflow/.local/lib/python3.7/site-packages/airflow/example_dags/example_nested_branch_dag.py                                         1           0  0.11s           2022-07-14T22:13:10
/home/airflow/.local/lib/python3.7/site-packages/airflow/example_dags/example_passing_params_via_test_command.py                           1           0  0.13s           2022-07-14T22:13:10
/home/airflow/.local/lib/python3.7/site-packages/airflow/example_dags/example_python_operator.py                                           1           0  0.12s           2022-07-14T22:13:10
/home/airflow/.local/lib/python3.7/site-packages/airflow/example_dags/example_short_circuit_operator.py                                    1           0  0.12s           2022-07-14T22:13:10
/home/airflow/.local/lib/python3.7/site-packages/airflow/example_dags/example_skip_dag.py                                                  1           0  0.11s           2022-07-14T22:13:11
/home/airflow/.local/lib/python3.7/site-packages/airflow/example_dags/example_sla_dag.py                                                   1           0  0.13s           2022-07-14T22:13:11
/home/airflow/.local/lib/python3.7/site-packages/airflow/example_dags/example_task_group.py                                                1           0  0.11s           2022-07-14T22:13:12
/home/airflow/.local/lib/python3.7/site-packages/airflow/example_dags/example_task_group_decorator.py                                      1           0  0.34s           2022-07-14T22:13:12
/home/airflow/.local/lib/python3.7/site-packages/airflow/example_dags/example_time_delta_sensor_async.py                                   1           0  0.11s           2022-07-14T22:13:12
/home/airflow/.local/lib/python3.7/site-packages/airflow/example_dags/example_trigger_controller_dag.py                                    1           0  0.11s           2022-07-14T22:13:12
/home/airflow/.local/lib/python3.7/site-packages/airflow/example_dags/example_trigger_target_dag.py                                        1           0  0.13s           2022-07-14T22:13:13
/home/airflow/.local/lib/python3.7/site-packages/airflow/example_dags/example_xcom.py                                                      1           0  0.33s           2022-07-14T22:13:13
/home/airflow/.local/lib/python3.7/site-packages/airflow/example_dags/tutorial.py                                                          1           0  0.10s           2022-07-14T22:13:13
/home/airflow/.local/lib/python3.7/site-packages/airflow/example_dags/tutorial_etl_dag.py                                                  1           0  0.12s           2022-07-14T22:13:14
/home/airflow/.local/lib/python3.7/site-packages/airflow/example_dags/tutorial_taskflow_api_etl.py                                         1           0  0.35s           2022-07-14T22:13:15
/home/airflow/.local/lib/python3.7/site-packages/airflow/example_dags/tutorial_taskflow_api_etl_virtualenv.py                              1           0  0.34s           2022-07-14T22:13:15
/home/airflow/.local/lib/python3.7/site-packages/airflow/example_dags/example_branch_datetime_operator.py           241  0.01s             2           0  0.12s           2022-07-14T22:13:05
/home/airflow/.local/lib/python3.7/site-packages/airflow/example_dags/example_external_task_marker_dag.py                                  2           0  0.13s           2022-07-14T22:13:08
/home/airflow/.local/lib/python3.7/site-packages/airflow/example_dags/example_xcomargs.py                                                  2           0  0.35s           2022-07-14T22:13:15
/home/airflow/.local/lib/python3.7/site-packages/airflow/example_dags/example_subdag_operator.py                                           3           0  0.14s           2022-07-14T22:13:12
================================================================================
[2022-07-14 22:14:06,797] {manager.py:809} INFO - 
================================================================================
DAG File Processing Stats

File Path                                                                                                           PID  Runtime      # DAGs    # Errors  Last Runtime    Last Run
----------------------------------------------------------------------------------------------------------------  -----  ---------  --------  ----------  --------------  -------------------
/home/airflow/.local/lib/python3.7/site-packages/airflow/example_dags/plugins/workday.py                                                   0           0  0.03s           2022-07-14T22:13:45
/home/airflow/.local/lib/python3.7/site-packages/airflow/example_dags/subdags/subdag.py                                                    0           0  0.04s           2022-07-14T22:13:45
/home/airflow/.local/lib/python3.7/site-packages/airflow/example_dags/example_bash_operator.py                      301  0.01s             1           0  0.10s           2022-07-14T22:13:36
/home/airflow/.local/lib/python3.7/site-packages/airflow/example_dags/example_branch_day_of_week_operator.py                               1           0  0.11s           2022-07-14T22:13:37
/home/airflow/.local/lib/python3.7/site-packages/airflow/example_dags/example_branch_labels.py                                             1           0  0.11s           2022-07-14T22:13:37
/home/airflow/.local/lib/python3.7/site-packages/airflow/example_dags/example_branch_operator.py                                           1           0  0.10s           2022-07-14T22:13:37
/home/airflow/.local/lib/python3.7/site-packages/airflow/example_dags/example_branch_operator_decorator.py                                 1           0  0.13s           2022-07-14T22:13:37
/home/airflow/.local/lib/python3.7/site-packages/airflow/example_dags/example_branch_python_dop_operator_3.py                              1           0  0.12s           2022-07-14T22:13:37
/home/airflow/.local/lib/python3.7/site-packages/airflow/example_dags/example_complex.py                                                   1           0  0.10s           2022-07-14T22:13:37
/home/airflow/.local/lib/python3.7/site-packages/airflow/example_dags/example_dag_decorator.py                                             1           0  0.36s           2022-07-14T22:13:40
/home/airflow/.local/lib/python3.7/site-packages/airflow/example_dags/example_kubernetes_executor.py                                       1           0  0.12s           2022-07-14T22:13:39
/home/airflow/.local/lib/python3.7/site-packages/airflow/example_dags/example_latest_only.py                                               1           0  0.13s           2022-07-14T22:13:39
/home/airflow/.local/lib/python3.7/site-packages/airflow/example_dags/example_latest_only_with_trigger.py                                  1           0  0.09s           2022-07-14T22:13:40
/home/airflow/.local/lib/python3.7/site-packages/airflow/example_dags/example_local_kubernetes_executor.py                                 1           0  0.10s           2022-07-14T22:13:40
/home/airflow/.local/lib/python3.7/site-packages/airflow/example_dags/example_nested_branch_dag.py                                         1           0  0.12s           2022-07-14T22:13:41
/home/airflow/.local/lib/python3.7/site-packages/airflow/example_dags/example_passing_params_via_test_command.py                           1           0  0.12s           2022-07-14T22:13:41
/home/airflow/.local/lib/python3.7/site-packages/airflow/example_dags/example_python_operator.py                                           1           0  0.11s           2022-07-14T22:13:41
/home/airflow/.local/lib/python3.7/site-packages/airflow/example_dags/example_short_circuit_operator.py                                    1           0  0.11s           2022-07-14T22:13:41
/home/airflow/.local/lib/python3.7/site-packages/airflow/example_dags/example_skip_dag.py                                                  1           0  0.09s           2022-07-14T22:13:41
/home/airflow/.local/lib/python3.7/site-packages/airflow/example_dags/example_sla_dag.py                                                   1           0  0.09s           2022-07-14T22:13:41
/home/airflow/.local/lib/python3.7/site-packages/airflow/example_dags/example_task_group.py                                                1           0  0.10s           2022-07-14T22:13:42
/home/airflow/.local/lib/python3.7/site-packages/airflow/example_dags/example_task_group_decorator.py                                      1           0  0.31s           2022-07-14T22:13:42
/home/airflow/.local/lib/python3.7/site-packages/airflow/example_dags/example_time_delta_sensor_async.py                                   1           0  0.11s           2022-07-14T22:13:42
/home/airflow/.local/lib/python3.7/site-packages/airflow/example_dags/example_trigger_controller_dag.py                                    1           0  0.08s           2022-07-14T22:13:42
/home/airflow/.local/lib/python3.7/site-packages/airflow/example_dags/example_trigger_target_dag.py                                        1           0  0.10s           2022-07-14T22:13:43
/home/airflow/.local/lib/python3.7/site-packages/airflow/example_dags/example_xcom.py                                                      1           0  0.28s           2022-07-14T22:13:44
/home/airflow/.local/lib/python3.7/site-packages/airflow/example_dags/tutorial.py                                                          1           0  0.09s           2022-07-14T22:13:44
/home/airflow/.local/lib/python3.7/site-packages/airflow/example_dags/tutorial_etl_dag.py                                                  1           0  0.09s           2022-07-14T22:13:45
/home/airflow/.local/lib/python3.7/site-packages/airflow/example_dags/tutorial_taskflow_api_etl.py                                         1           0  0.30s           2022-07-14T22:13:45
/home/airflow/.local/lib/python3.7/site-packages/airflow/example_dags/tutorial_taskflow_api_etl_virtualenv.py                              1           0  0.29s           2022-07-14T22:13:46
/home/airflow/.local/lib/python3.7/site-packages/airflow/example_dags/example_branch_datetime_operator.py           302  0.01s             2           0  0.12s           2022-07-14T22:13:36
/home/airflow/.local/lib/python3.7/site-packages/airflow/example_dags/example_external_task_marker_dag.py                                  2           0  0.10s           2022-07-14T22:13:38
/home/airflow/.local/lib/python3.7/site-packages/airflow/example_dags/example_xcomargs.py                                                  2           0  0.29s           2022-07-14T22:13:45
/home/airflow/.local/lib/python3.7/site-packages/airflow/example_dags/example_subdag_operator.py                                           3           0  0.13s           2022-07-14T22:13:42
================================================================================
[2022-07-14 22:14:37,214] {manager.py:809} INFO - 
================================================================================
DAG File Processing Stats

File Path                                                                                                           PID  Runtime      # DAGs    # Errors  Last Runtime    Last Run
----------------------------------------------------------------------------------------------------------------  -----  ---------  --------  ----------  --------------  -------------------
/home/airflow/.local/lib/python3.7/site-packages/airflow/example_dags/plugins/workday.py                                                   0           0  0.04s           2022-07-14T22:14:15
/home/airflow/.local/lib/python3.7/site-packages/airflow/example_dags/subdags/subdag.py                                                    0           0  0.05s           2022-07-14T22:14:15
/home/airflow/.local/lib/python3.7/site-packages/airflow/example_dags/example_bash_operator.py                      362  0.01s             1           0  0.10s           2022-07-14T22:14:06
/home/airflow/.local/lib/python3.7/site-packages/airflow/example_dags/example_branch_day_of_week_operator.py                               1           0  0.10s           2022-07-14T22:14:07
/home/airflow/.local/lib/python3.7/site-packages/airflow/example_dags/example_branch_labels.py                                             1           0  0.11s           2022-07-14T22:14:07
/home/airflow/.local/lib/python3.7/site-packages/airflow/example_dags/example_branch_operator.py                                           1           0  0.11s           2022-07-14T22:14:08
/home/airflow/.local/lib/python3.7/site-packages/airflow/example_dags/example_branch_operator_decorator.py                                 1           0  0.11s           2022-07-14T22:14:08
/home/airflow/.local/lib/python3.7/site-packages/airflow/example_dags/example_branch_python_dop_operator_3.py                              1           0  0.11s           2022-07-14T22:14:08
/home/airflow/.local/lib/python3.7/site-packages/airflow/example_dags/example_complex.py                                                   1           0  0.11s           2022-07-14T22:14:08
/home/airflow/.local/lib/python3.7/site-packages/airflow/example_dags/example_dag_decorator.py                                             1           0  0.33s           2022-07-14T22:14:10
/home/airflow/.local/lib/python3.7/site-packages/airflow/example_dags/example_kubernetes_executor.py                                       1           0  0.12s           2022-07-14T22:14:10
/home/airflow/.local/lib/python3.7/site-packages/airflow/example_dags/example_latest_only.py                                               1           0  0.09s           2022-07-14T22:14:10
/home/airflow/.local/lib/python3.7/site-packages/airflow/example_dags/example_latest_only_with_trigger.py                                  1           0  0.12s           2022-07-14T22:14:10
/home/airflow/.local/lib/python3.7/site-packages/airflow/example_dags/example_local_kubernetes_executor.py                                 1           0  0.11s           2022-07-14T22:14:10
/home/airflow/.local/lib/python3.7/site-packages/airflow/example_dags/example_nested_branch_dag.py                                         1           0  0.11s           2022-07-14T22:14:11
/home/airflow/.local/lib/python3.7/site-packages/airflow/example_dags/example_passing_params_via_test_command.py                           1           0  0.14s           2022-07-14T22:14:11
/home/airflow/.local/lib/python3.7/site-packages/airflow/example_dags/example_python_operator.py                                           1           0  0.12s           2022-07-14T22:14:11
/home/airflow/.local/lib/python3.7/site-packages/airflow/example_dags/example_short_circuit_operator.py                                    1           0  0.10s           2022-07-14T22:14:11
/home/airflow/.local/lib/python3.7/site-packages/airflow/example_dags/example_skip_dag.py                                                  1           0  0.09s           2022-07-14T22:14:11
/home/airflow/.local/lib/python3.7/site-packages/airflow/example_dags/example_sla_dag.py                                                   1           0  0.11s           2022-07-14T22:14:11
/home/airflow/.local/lib/python3.7/site-packages/airflow/example_dags/example_task_group.py                                                1           0  0.11s           2022-07-14T22:14:13
/home/airflow/.local/lib/python3.7/site-packages/airflow/example_dags/example_task_group_decorator.py                                      1           0  0.34s           2022-07-14T22:14:13
/home/airflow/.local/lib/python3.7/site-packages/airflow/example_dags/example_time_delta_sensor_async.py                                   1           0  0.11s           2022-07-14T22:14:13
/home/airflow/.local/lib/python3.7/site-packages/airflow/example_dags/example_trigger_controller_dag.py                                    1           0  0.09s           2022-07-14T22:14:13
/home/airflow/.local/lib/python3.7/site-packages/airflow/example_dags/example_trigger_target_dag.py                                        1           0  0.11s           2022-07-14T22:14:14
/home/airflow/.local/lib/python3.7/site-packages/airflow/example_dags/example_xcom.py                                                      1           0  0.33s           2022-07-14T22:14:14
/home/airflow/.local/lib/python3.7/site-packages/airflow/example_dags/tutorial.py                                                          1           0  0.10s           2022-07-14T22:14:14
/home/airflow/.local/lib/python3.7/site-packages/airflow/example_dags/tutorial_etl_dag.py                                                  1           0  0.09s           2022-07-14T22:14:15
/home/airflow/.local/lib/python3.7/site-packages/airflow/example_dags/tutorial_taskflow_api_etl.py                                         1           0  0.34s           2022-07-14T22:14:16
/home/airflow/.local/lib/python3.7/site-packages/airflow/example_dags/tutorial_taskflow_api_etl_virtualenv.py                              1           0  0.34s           2022-07-14T22:14:16
/home/airflow/.local/lib/python3.7/site-packages/airflow/example_dags/example_branch_datetime_operator.py           363  0.01s             2           0  0.10s           2022-07-14T22:14:06
/home/airflow/.local/lib/python3.7/site-packages/airflow/example_dags/example_external_task_marker_dag.py                                  2           0  0.12s           2022-07-14T22:14:09
/home/airflow/.local/lib/python3.7/site-packages/airflow/example_dags/example_xcomargs.py                                                  2           0  0.34s           2022-07-14T22:14:15
/home/airflow/.local/lib/python3.7/site-packages/airflow/example_dags/example_subdag_operator.py                                           3           0  0.14s           2022-07-14T22:14:13
================================================================================
[2022-07-14 22:14:51,542] {manager.py:462} INFO - Exiting gracefully upon receiving signal 15
[2022-07-14 22:16:09,214] {manager.py:480} INFO - Processing files using up to 2 processes at a time 
[2022-07-14 22:16:09,215] {manager.py:481} INFO - Process each file at most once every 30 seconds
[2022-07-14 22:16:09,216] {manager.py:483} INFO - Checking for new files in /opt/airflow/dags every 300 seconds
[2022-07-14 22:16:09,216] {manager.py:690} INFO - Searching for files in /opt/airflow/dags
[2022-07-14 22:16:09,216] {manager.py:693} INFO - There are 0 files in /opt/airflow/dags
[2022-07-14 22:21:10,199] {manager.py:690} INFO - Searching for files in /opt/airflow/dags
[2022-07-14 22:21:10,199] {manager.py:693} INFO - There are 0 files in /opt/airflow/dags
[2022-07-14 22:26:10,797] {manager.py:690} INFO - Searching for files in /opt/airflow/dags
[2022-07-14 22:26:10,798] {manager.py:693} INFO - There are 1 files in /opt/airflow/dags
[2022-07-14 22:26:10,823] {manager.py:809} INFO - 
================================================================================
DAG File Processing Stats

File Path                             PID  Runtime      # DAGs    # Errors  Last Runtime    Last Run
----------------------------------  -----  ---------  --------  ----------  --------------  ----------
/opt/airflow/dags/process_files.py    524  0.01s             0           0
================================================================================
[2022-07-14 22:26:40,952] {manager.py:809} INFO - 
================================================================================
DAG File Processing Stats

File Path                           PID    Runtime      # DAGs    # Errors  Last Runtime    Last Run
----------------------------------  -----  ---------  --------  ----------  --------------  -------------------
/opt/airflow/dags/process_files.py                           0           1  0.09s           2022-07-14T22:26:36
================================================================================
[2022-07-14 22:27:11,086] {manager.py:809} INFO - 
================================================================================
DAG File Processing Stats

File Path                           PID    Runtime      # DAGs    # Errors  Last Runtime    Last Run
----------------------------------  -----  ---------  --------  ----------  --------------  -------------------
/opt/airflow/dags/process_files.py                           0           1  0.06s           2022-07-14T22:27:06
================================================================================
[2022-07-14 22:27:41,198] {manager.py:809} INFO - 
================================================================================
DAG File Processing Stats

File Path                           PID    Runtime      # DAGs    # Errors  Last Runtime    Last Run
----------------------------------  -----  ---------  --------  ----------  --------------  -------------------
/opt/airflow/dags/process_files.py                           0           1  0.10s           2022-07-14T22:27:36
================================================================================
[2022-07-14 22:28:11,315] {manager.py:809} INFO - 
================================================================================
DAG File Processing Stats

File Path                           PID    Runtime      # DAGs    # Errors  Last Runtime    Last Run
----------------------------------  -----  ---------  --------  ----------  --------------  -------------------
/opt/airflow/dags/process_files.py                           0           1  0.07s           2022-07-14T22:28:06
================================================================================
[2022-07-14 22:28:41,391] {manager.py:809} INFO - 
================================================================================
DAG File Processing Stats

File Path                           PID    Runtime      # DAGs    # Errors  Last Runtime    Last Run
----------------------------------  -----  ---------  --------  ----------  --------------  -------------------
/opt/airflow/dags/process_files.py                           0           1  0.05s           2022-07-14T22:28:36
================================================================================
[2022-07-14 22:29:11,485] {manager.py:809} INFO - 
================================================================================
DAG File Processing Stats

File Path                           PID    Runtime      # DAGs    # Errors  Last Runtime    Last Run
----------------------------------  -----  ---------  --------  ----------  --------------  -------------------
/opt/airflow/dags/process_files.py                           0           1  0.05s           2022-07-14T22:29:06
================================================================================
[2022-07-14 22:29:41,729] {manager.py:809} INFO - 
================================================================================
DAG File Processing Stats

File Path                           PID    Runtime      # DAGs    # Errors  Last Runtime    Last Run
----------------------------------  -----  ---------  --------  ----------  --------------  -------------------
/opt/airflow/dags/process_files.py                           0           1  0.05s           2022-07-14T22:29:36
================================================================================
[2022-07-14 22:30:11,839] {manager.py:809} INFO - 
================================================================================
DAG File Processing Stats

File Path                           PID    Runtime      # DAGs    # Errors  Last Runtime    Last Run
----------------------------------  -----  ---------  --------  ----------  --------------  -------------------
/opt/airflow/dags/process_files.py                           0           1  0.05s           2022-07-14T22:30:10
================================================================================
[2022-07-14 22:30:42,081] {manager.py:809} INFO - 
================================================================================
DAG File Processing Stats

File Path                             PID  Runtime      # DAGs    # Errors  Last Runtime    Last Run
----------------------------------  -----  ---------  --------  ----------  --------------  -------------------
/opt/airflow/dags/process_files.py    757  0.01s             0           1  0.06s           2022-07-14T22:30:40
================================================================================
[2022-07-14 22:31:11,415] {manager.py:690} INFO - Searching for files in /opt/airflow/dags
[2022-07-14 22:31:11,417] {manager.py:693} INFO - There are 1 files in /opt/airflow/dags
[2022-07-14 22:31:12,446] {manager.py:809} INFO - 
================================================================================
DAG File Processing Stats

File Path                           PID    Runtime      # DAGs    # Errors  Last Runtime    Last Run
----------------------------------  -----  ---------  --------  ----------  --------------  -------------------
/opt/airflow/dags/process_files.py                           0           1  0.06s           2022-07-14T22:31:10
================================================================================
[2022-07-14 22:31:42,671] {manager.py:809} INFO - 
================================================================================
DAG File Processing Stats

File Path                           PID    Runtime      # DAGs    # Errors  Last Runtime    Last Run
----------------------------------  -----  ---------  --------  ----------  --------------  -------------------
/opt/airflow/dags/process_files.py                           0           1  0.06s           2022-07-14T22:31:26
================================================================================
[2022-07-14 22:32:12,858] {manager.py:809} INFO - 
================================================================================
DAG File Processing Stats

File Path                           PID    Runtime      # DAGs    # Errors  Last Runtime    Last Run
----------------------------------  -----  ---------  --------  ----------  --------------  -------------------
/opt/airflow/dags/process_files.py                           0           1  0.08s           2022-07-14T22:32:07
================================================================================
[2022-07-14 22:32:43,016] {manager.py:809} INFO - 
================================================================================
DAG File Processing Stats

File Path                           PID    Runtime      # DAGs    # Errors  Last Runtime    Last Run
----------------------------------  -----  ---------  --------  ----------  --------------  -------------------
/opt/airflow/dags/process_files.py                           0           1  0.06s           2022-07-14T22:32:42
================================================================================
[2022-07-14 22:33:13,110] {manager.py:809} INFO - 
================================================================================
DAG File Processing Stats

File Path                           PID    Runtime      # DAGs    # Errors  Last Runtime    Last Run
----------------------------------  -----  ---------  --------  ----------  --------------  -------------------
/opt/airflow/dags/process_files.py                           1           0  0.56s           2022-07-14T22:32:44
================================================================================
[2022-07-14 22:33:43,694] {manager.py:809} INFO - 
================================================================================
DAG File Processing Stats

File Path                           PID    Runtime      # DAGs    # Errors  Last Runtime    Last Run
----------------------------------  -----  ---------  --------  ----------  --------------  -------------------
/opt/airflow/dags/process_files.py                           1           0  0.19s           2022-07-14T22:33:13
================================================================================
[2022-07-14 22:34:13,146] {manager.py:511} INFO - DAG forex_data_pipeline_final is missing and will be deactivated.
[2022-07-14 22:34:13,151] {manager.py:521} INFO - Deactivated 1 DAGs which are no longer present in file.
[2022-07-14 22:34:13,981] {manager.py:809} INFO - 
================================================================================
DAG File Processing Stats

File Path                           PID    Runtime      # DAGs    # Errors  Last Runtime    Last Run
----------------------------------  -----  ---------  --------  ----------  --------------  -------------------
/opt/airflow/dags/process_files.py                           1           0  0.22s           2022-07-14T22:33:44
================================================================================
[2022-07-14 22:34:44,221] {manager.py:809} INFO - 
================================================================================
DAG File Processing Stats

File Path                           PID    Runtime      # DAGs    # Errors  Last Runtime    Last Run
----------------------------------  -----  ---------  --------  ----------  --------------  -------------------
/opt/airflow/dags/process_files.py                           1           0  0.15s           2022-07-14T22:34:14
================================================================================
[2022-07-14 22:35:14,437] {manager.py:809} INFO - 
================================================================================
DAG File Processing Stats

File Path                           PID    Runtime      # DAGs    # Errors  Last Runtime    Last Run
----------------------------------  -----  ---------  --------  ----------  --------------  -------------------
/opt/airflow/dags/process_files.py                           1           0  0.19s           2022-07-14T22:34:44
================================================================================
[2022-07-14 22:35:44,677] {manager.py:809} INFO - 
================================================================================
DAG File Processing Stats

File Path                           PID    Runtime      # DAGs    # Errors  Last Runtime    Last Run
----------------------------------  -----  ---------  --------  ----------  --------------  -------------------
/opt/airflow/dags/process_files.py                           1           0  0.16s           2022-07-14T22:35:14
================================================================================
[2022-07-14 22:36:11,881] {manager.py:690} INFO - Searching for files in /opt/airflow/dags
[2022-07-14 22:36:11,882] {manager.py:693} INFO - There are 1 files in /opt/airflow/dags
[2022-07-14 22:36:14,907] {manager.py:809} INFO - 
================================================================================
DAG File Processing Stats

File Path                           PID    Runtime      # DAGs    # Errors  Last Runtime    Last Run
----------------------------------  -----  ---------  --------  ----------  --------------  -------------------
/opt/airflow/dags/process_files.py                           1           0  0.11s           2022-07-14T22:35:44
================================================================================
[2022-07-14 22:36:45,331] {manager.py:809} INFO - 
================================================================================
DAG File Processing Stats

File Path                           PID    Runtime      # DAGs    # Errors  Last Runtime    Last Run
----------------------------------  -----  ---------  --------  ----------  --------------  -------------------
/opt/airflow/dags/process_files.py                           0           1  0.04s           2022-07-14T22:36:43
================================================================================
[2022-07-14 22:37:15,437] {manager.py:809} INFO - 
================================================================================
DAG File Processing Stats

File Path                           PID    Runtime      # DAGs    # Errors  Last Runtime    Last Run
----------------------------------  -----  ---------  --------  ----------  --------------  -------------------
/opt/airflow/dags/process_files.py                           0           1  0.05s           2022-07-14T22:36:52
================================================================================
[2022-07-14 22:37:45,593] {manager.py:809} INFO - 
================================================================================
DAG File Processing Stats

File Path                           PID    Runtime      # DAGs    # Errors  Last Runtime    Last Run
----------------------------------  -----  ---------  --------  ----------  --------------  -------------------
/opt/airflow/dags/process_files.py                           0           1  0.05s           2022-07-14T22:37:44
================================================================================
[2022-07-14 22:38:15,926] {manager.py:809} INFO - 
================================================================================
DAG File Processing Stats

File Path                           PID    Runtime      # DAGs    # Errors  Last Runtime    Last Run
----------------------------------  -----  ---------  --------  ----------  --------------  -------------------
/opt/airflow/dags/process_files.py                           0           1  0.06s           2022-07-14T22:38:13
================================================================================
[2022-07-14 22:38:46,139] {manager.py:809} INFO - 
================================================================================
DAG File Processing Stats

File Path                           PID    Runtime      # DAGs    # Errors  Last Runtime    Last Run
----------------------------------  -----  ---------  --------  ----------  --------------  -------------------
/opt/airflow/dags/process_files.py                           1           0  0.12s           2022-07-14T22:38:25
================================================================================
[2022-07-14 22:39:16,354] {manager.py:809} INFO - 
================================================================================
DAG File Processing Stats

File Path                           PID    Runtime      # DAGs    # Errors  Last Runtime    Last Run
----------------------------------  -----  ---------  --------  ----------  --------------  -------------------
/opt/airflow/dags/process_files.py                           1           0  0.17s           2022-07-14T22:39:11
================================================================================
[2022-07-14 22:39:46,649] {manager.py:809} INFO - 
================================================================================
DAG File Processing Stats

File Path                             PID  Runtime      # DAGs    # Errors  Last Runtime    Last Run
----------------------------------  -----  ---------  --------  ----------  --------------  -------------------
/opt/airflow/dags/process_files.py   1235  0.01s             0           1  0.08s           2022-07-14T22:39:43
================================================================================
[2022-07-14 22:40:16,818] {manager.py:809} INFO - 
================================================================================
DAG File Processing Stats

File Path                           PID    Runtime      # DAGs    # Errors  Last Runtime    Last Run
----------------------------------  -----  ---------  --------  ----------  --------------  -------------------
/opt/airflow/dags/process_files.py                           0           1  0.06s           2022-07-14T22:40:00
================================================================================
[2022-07-14 22:40:47,168] {manager.py:809} INFO - 
================================================================================
DAG File Processing Stats

File Path                           PID    Runtime      # DAGs    # Errors  Last Runtime    Last Run
----------------------------------  -----  ---------  --------  ----------  --------------  -------------------
/opt/airflow/dags/process_files.py                           1           0  0.08s           2022-07-14T22:40:41
================================================================================
[2022-07-14 22:41:12,281] {manager.py:690} INFO - Searching for files in /opt/airflow/dags
[2022-07-14 22:41:12,282] {manager.py:693} INFO - There are 1 files in /opt/airflow/dags
[2022-07-14 22:41:17,314] {manager.py:809} INFO - 
================================================================================
DAG File Processing Stats

File Path                           PID    Runtime      # DAGs    # Errors  Last Runtime    Last Run
----------------------------------  -----  ---------  --------  ----------  --------------  -------------------
/opt/airflow/dags/process_files.py                           1           0  0.08s           2022-07-14T22:40:59
================================================================================
[2022-07-14 22:41:47,410] {manager.py:809} INFO - 
================================================================================
DAG File Processing Stats

File Path                           PID    Runtime      # DAGs    # Errors  Last Runtime    Last Run
----------------------------------  -----  ---------  --------  ----------  --------------  -------------------
/opt/airflow/dags/process_files.py                           1           0  0.09s           2022-07-14T22:41:35
================================================================================
[2022-07-14 22:42:17,549] {manager.py:809} INFO - 
================================================================================
DAG File Processing Stats

File Path                           PID    Runtime      # DAGs    # Errors  Last Runtime    Last Run
----------------------------------  -----  ---------  --------  ----------  --------------  -------------------
/opt/airflow/dags/process_files.py                           1           0  0.11s           2022-07-14T22:42:05
================================================================================
[2022-07-14 22:42:47,708] {manager.py:809} INFO - 
================================================================================
DAG File Processing Stats

File Path                           PID    Runtime      # DAGs    # Errors  Last Runtime    Last Run
----------------------------------  -----  ---------  --------  ----------  --------------  -------------------
/opt/airflow/dags/process_files.py                           1           0  0.10s           2022-07-14T22:42:35
================================================================================
[2022-07-14 22:43:17,853] {manager.py:809} INFO - 
================================================================================
DAG File Processing Stats

File Path                           PID    Runtime      # DAGs    # Errors  Last Runtime    Last Run
----------------------------------  -----  ---------  --------  ----------  --------------  -------------------
/opt/airflow/dags/process_files.py                           1           0  0.12s           2022-07-14T22:42:58
================================================================================
[2022-07-14 22:43:47,938] {manager.py:809} INFO - 
================================================================================
DAG File Processing Stats

File Path                           PID    Runtime      # DAGs    # Errors  Last Runtime    Last Run
----------------------------------  -----  ---------  --------  ----------  --------------  -------------------
/opt/airflow/dags/process_files.py                           1           0  0.11s           2022-07-14T22:43:28
================================================================================
[2022-07-14 22:44:18,078] {manager.py:809} INFO - 
================================================================================
DAG File Processing Stats

File Path                           PID    Runtime      # DAGs    # Errors  Last Runtime    Last Run
----------------------------------  -----  ---------  --------  ----------  --------------  -------------------
/opt/airflow/dags/process_files.py                           1           0  0.11s           2022-07-14T22:43:59
================================================================================
[2022-07-14 22:44:48,228] {manager.py:809} INFO - 
================================================================================
DAG File Processing Stats

File Path                           PID    Runtime      # DAGs    # Errors  Last Runtime    Last Run
----------------------------------  -----  ---------  --------  ----------  --------------  -------------------
/opt/airflow/dags/process_files.py                           1           0  0.11s           2022-07-14T22:44:29
================================================================================
[2022-07-14 22:45:18,392] {manager.py:809} INFO - 
================================================================================
DAG File Processing Stats

File Path                           PID    Runtime      # DAGs    # Errors  Last Runtime    Last Run
----------------------------------  -----  ---------  --------  ----------  --------------  -------------------
/opt/airflow/dags/process_files.py                           1           0  0.11s           2022-07-14T22:44:59
================================================================================
[2022-07-14 22:45:48,543] {manager.py:809} INFO - 
================================================================================
DAG File Processing Stats

File Path                           PID    Runtime      # DAGs    # Errors  Last Runtime    Last Run
----------------------------------  -----  ---------  --------  ----------  --------------  -------------------
/opt/airflow/dags/process_files.py                           1           0  0.13s           2022-07-14T22:45:29
================================================================================
[2022-07-14 22:46:12,707] {manager.py:690} INFO - Searching for files in /opt/airflow/dags
[2022-07-14 22:46:12,709] {manager.py:693} INFO - There are 1 files in /opt/airflow/dags
[2022-07-14 22:46:18,746] {manager.py:809} INFO - 
================================================================================
DAG File Processing Stats

File Path                           PID    Runtime      # DAGs    # Errors  Last Runtime    Last Run
----------------------------------  -----  ---------  --------  ----------  --------------  -------------------
/opt/airflow/dags/process_files.py                           1           0  0.10s           2022-07-14T22:45:59
================================================================================
[2022-07-14 22:46:48,958] {manager.py:809} INFO - 
================================================================================
DAG File Processing Stats

File Path                           PID    Runtime      # DAGs    # Errors  Last Runtime    Last Run
----------------------------------  -----  ---------  --------  ----------  --------------  -------------------
/opt/airflow/dags/process_files.py                           1           0  0.10s           2022-07-14T22:46:34
================================================================================
[2022-07-14 22:47:19,140] {manager.py:809} INFO - 
================================================================================
DAG File Processing Stats

File Path                           PID    Runtime      # DAGs    # Errors  Last Runtime    Last Run
----------------------------------  -----  ---------  --------  ----------  --------------  -------------------
/opt/airflow/dags/process_files.py                           1           0  0.11s           2022-07-14T22:47:06
================================================================================
[2022-07-14 22:47:49,281] {manager.py:809} INFO - 
================================================================================
DAG File Processing Stats

File Path                           PID    Runtime      # DAGs    # Errors  Last Runtime    Last Run
----------------------------------  -----  ---------  --------  ----------  --------------  -------------------
/opt/airflow/dags/process_files.py                           1           0  0.12s           2022-07-14T22:47:29
================================================================================
[2022-07-14 22:48:19,373] {manager.py:809} INFO - 
================================================================================
DAG File Processing Stats

File Path                           PID    Runtime      # DAGs    # Errors  Last Runtime    Last Run
----------------------------------  -----  ---------  --------  ----------  --------------  -------------------
/opt/airflow/dags/process_files.py                           1           0  0.15s           2022-07-14T22:47:59
================================================================================
[2022-07-14 22:48:49,563] {manager.py:809} INFO - 
================================================================================
DAG File Processing Stats

File Path                           PID    Runtime      # DAGs    # Errors  Last Runtime    Last Run
----------------------------------  -----  ---------  --------  ----------  --------------  -------------------
/opt/airflow/dags/process_files.py                           1           0  0.13s           2022-07-14T22:48:29
================================================================================
[2022-07-14 22:49:19,737] {manager.py:809} INFO - 
================================================================================
DAG File Processing Stats

File Path                           PID    Runtime      # DAGs    # Errors  Last Runtime    Last Run
----------------------------------  -----  ---------  --------  ----------  --------------  -------------------
/opt/airflow/dags/process_files.py                           1           0  0.19s           2022-07-14T22:48:55
================================================================================
[2022-07-14 22:49:49,868] {manager.py:809} INFO - 
================================================================================
DAG File Processing Stats

File Path                           PID    Runtime      # DAGs    # Errors  Last Runtime    Last Run
----------------------------------  -----  ---------  --------  ----------  --------------  -------------------
/opt/airflow/dags/process_files.py                           1           0  0.11s           2022-07-14T22:49:25
================================================================================
[2022-07-14 22:50:20,030] {manager.py:809} INFO - 
================================================================================
DAG File Processing Stats

File Path                           PID    Runtime      # DAGs    # Errors  Last Runtime    Last Run
----------------------------------  -----  ---------  --------  ----------  --------------  -------------------
/opt/airflow/dags/process_files.py                           1           0  0.12s           2022-07-14T22:49:56
================================================================================
[2022-07-14 22:50:50,186] {manager.py:809} INFO - 
================================================================================
DAG File Processing Stats

File Path                           PID    Runtime      # DAGs    # Errors  Last Runtime    Last Run
----------------------------------  -----  ---------  --------  ----------  --------------  -------------------
/opt/airflow/dags/process_files.py                           1           0  0.13s           2022-07-14T22:50:26
================================================================================
[2022-07-14 22:51:13,349] {manager.py:690} INFO - Searching for files in /opt/airflow/dags
[2022-07-14 22:51:13,351] {manager.py:693} INFO - There are 1 files in /opt/airflow/dags
[2022-07-14 22:51:20,482] {manager.py:809} INFO - 
================================================================================
DAG File Processing Stats

File Path                           PID    Runtime      # DAGs    # Errors  Last Runtime    Last Run
----------------------------------  -----  ---------  --------  ----------  --------------  -------------------
/opt/airflow/dags/process_files.py                           1           0  0.12s           2022-07-14T22:51:18
================================================================================
[2022-07-14 22:51:50,647] {manager.py:809} INFO - 
================================================================================
DAG File Processing Stats

File Path                           PID    Runtime      # DAGs    # Errors  Last Runtime    Last Run
----------------------------------  -----  ---------  --------  ----------  --------------  -------------------
/opt/airflow/dags/process_files.py                           1           0  0.16s           2022-07-14T22:51:48
================================================================================
[2022-07-14 22:52:20,885] {manager.py:809} INFO - 
================================================================================
DAG File Processing Stats

File Path                           PID    Runtime      # DAGs    # Errors  Last Runtime    Last Run
----------------------------------  -----  ---------  --------  ----------  --------------  -------------------
/opt/airflow/dags/process_files.py                           1           0  0.20s           2022-07-14T22:52:19
================================================================================
[2022-07-14 22:52:51,113] {manager.py:809} INFO - 
================================================================================
DAG File Processing Stats

File Path                           PID    Runtime      # DAGs    # Errors  Last Runtime    Last Run
----------------------------------  -----  ---------  --------  ----------  --------------  -------------------
/opt/airflow/dags/process_files.py                           1           0  0.15s           2022-07-14T22:52:49
================================================================================
[2022-07-14 22:53:21,318] {manager.py:809} INFO - 
================================================================================
DAG File Processing Stats

File Path                           PID    Runtime      # DAGs    # Errors  Last Runtime    Last Run
----------------------------------  -----  ---------  --------  ----------  --------------  -------------------
/opt/airflow/dags/process_files.py                           1           0  0.14s           2022-07-14T22:53:19
================================================================================
[2022-07-14 22:53:51,499] {manager.py:809} INFO - 
================================================================================
DAG File Processing Stats

File Path                           PID    Runtime      # DAGs    # Errors  Last Runtime    Last Run
----------------------------------  -----  ---------  --------  ----------  --------------  -------------------
/opt/airflow/dags/process_files.py                           1           0  0.10s           2022-07-14T22:53:49
================================================================================
[2022-07-14 22:54:21,645] {manager.py:809} INFO - 
================================================================================
DAG File Processing Stats

File Path                           PID    Runtime      # DAGs    # Errors  Last Runtime    Last Run
----------------------------------  -----  ---------  --------  ----------  --------------  -------------------
/opt/airflow/dags/process_files.py                           1           0  0.10s           2022-07-14T22:54:19
================================================================================
[2022-07-14 22:54:51,791] {manager.py:809} INFO - 
================================================================================
DAG File Processing Stats

File Path                           PID    Runtime      # DAGs    # Errors  Last Runtime    Last Run
----------------------------------  -----  ---------  --------  ----------  --------------  -------------------
/opt/airflow/dags/process_files.py                           1           0  0.12s           2022-07-14T22:54:49
================================================================================
[2022-07-14 22:55:21,969] {manager.py:809} INFO - 
================================================================================
DAG File Processing Stats

File Path                           PID    Runtime      # DAGs    # Errors  Last Runtime    Last Run
----------------------------------  -----  ---------  --------  ----------  --------------  -------------------
/opt/airflow/dags/process_files.py                           1           0  0.14s           2022-07-14T22:55:20
================================================================================
[2022-07-14 22:55:52,159] {manager.py:809} INFO - 
================================================================================
DAG File Processing Stats

File Path                           PID    Runtime      # DAGs    # Errors  Last Runtime    Last Run
----------------------------------  -----  ---------  --------  ----------  --------------  -------------------
/opt/airflow/dags/process_files.py                           1           0  0.13s           2022-07-14T22:55:50
================================================================================
[2022-07-14 22:56:14,207] {manager.py:690} INFO - Searching for files in /opt/airflow/dags
[2022-07-14 22:56:14,209] {manager.py:693} INFO - There are 1 files in /opt/airflow/dags
[2022-07-14 22:56:22,314] {manager.py:809} INFO - 
================================================================================
DAG File Processing Stats

File Path                           PID    Runtime      # DAGs    # Errors  Last Runtime    Last Run
----------------------------------  -----  ---------  --------  ----------  --------------  -------------------
/opt/airflow/dags/process_files.py                           1           0  0.11s           2022-07-14T22:56:20
================================================================================
[2022-07-14 22:56:52,468] {manager.py:809} INFO - 
================================================================================
DAG File Processing Stats

File Path                           PID    Runtime      # DAGs    # Errors  Last Runtime    Last Run
----------------------------------  -----  ---------  --------  ----------  --------------  -------------------
/opt/airflow/dags/process_files.py                           1           0  0.10s           2022-07-14T22:56:50
================================================================================
[2022-07-14 22:57:22,622] {manager.py:809} INFO - 
================================================================================
DAG File Processing Stats

File Path                           PID    Runtime      # DAGs    # Errors  Last Runtime    Last Run
----------------------------------  -----  ---------  --------  ----------  --------------  -------------------
/opt/airflow/dags/process_files.py                           1           0  0.12s           2022-07-14T22:57:20
================================================================================
[2022-07-14 22:57:52,781] {manager.py:809} INFO - 
================================================================================
DAG File Processing Stats

File Path                           PID    Runtime      # DAGs    # Errors  Last Runtime    Last Run
----------------------------------  -----  ---------  --------  ----------  --------------  -------------------
/opt/airflow/dags/process_files.py                           1           0  0.15s           2022-07-14T22:57:50
================================================================================
[2022-07-14 22:58:22,979] {manager.py:809} INFO - 
================================================================================
DAG File Processing Stats

File Path                           PID    Runtime      # DAGs    # Errors  Last Runtime    Last Run
----------------------------------  -----  ---------  --------  ----------  --------------  -------------------
/opt/airflow/dags/process_files.py                           1           0  0.11s           2022-07-14T22:58:21
================================================================================
[2022-07-14 22:58:53,216] {manager.py:809} INFO - 
================================================================================
DAG File Processing Stats

File Path                           PID    Runtime      # DAGs    # Errors  Last Runtime    Last Run
----------------------------------  -----  ---------  --------  ----------  --------------  -------------------
/opt/airflow/dags/process_files.py                           0           1  0.04s           2022-07-14T22:58:52
================================================================================
[2022-07-14 22:59:23,394] {manager.py:809} INFO - 
================================================================================
DAG File Processing Stats

File Path                           PID    Runtime      # DAGs    # Errors  Last Runtime    Last Run
----------------------------------  -----  ---------  --------  ----------  --------------  -------------------
/opt/airflow/dags/process_files.py                           0           1  0.04s           2022-07-14T22:59:22
================================================================================
[2022-07-14 22:59:53,675] {manager.py:809} INFO - 
================================================================================
DAG File Processing Stats

File Path                           PID    Runtime      # DAGs    # Errors  Last Runtime    Last Run
----------------------------------  -----  ---------  --------  ----------  --------------  -------------------
/opt/airflow/dags/process_files.py                           0           1  0.09s           2022-07-14T22:59:49
================================================================================
[2022-07-14 23:00:23,840] {manager.py:809} INFO - 
================================================================================
DAG File Processing Stats

File Path                           PID    Runtime      # DAGs    # Errors  Last Runtime    Last Run
----------------------------------  -----  ---------  --------  ----------  --------------  -------------------
/opt/airflow/dags/process_files.py                           0           1  0.06s           2022-07-14T23:00:22
================================================================================
[2022-07-14 23:00:54,197] {manager.py:809} INFO - 
================================================================================
DAG File Processing Stats

File Path                           PID    Runtime      # DAGs    # Errors  Last Runtime    Last Run
----------------------------------  -----  ---------  --------  ----------  --------------  -------------------
/opt/airflow/dags/process_files.py                           0           1  0.09s           2022-07-14T23:00:52
================================================================================
[2022-07-14 23:01:14,293] {manager.py:690} INFO - Searching for files in /opt/airflow/dags
[2022-07-14 23:01:14,294] {manager.py:693} INFO - There are 1 files in /opt/airflow/dags
[2022-07-14 23:01:23,330] {manager.py:511} INFO - DAG process_files is missing and will be deactivated.
[2022-07-14 23:01:23,332] {manager.py:521} INFO - Deactivated 1 DAGs which are no longer present in file.
[2022-07-14 23:01:24,336] {manager.py:809} INFO - 
================================================================================
DAG File Processing Stats

File Path                           PID    Runtime      # DAGs    # Errors  Last Runtime    Last Run
----------------------------------  -----  ---------  --------  ----------  --------------  -------------------
/opt/airflow/dags/process_files.py                           0           1  0.05s           2022-07-14T23:00:58
================================================================================
[2022-07-14 23:01:54,412] {manager.py:809} INFO - 
================================================================================
DAG File Processing Stats

File Path                           PID    Runtime      # DAGs    # Errors  Last Runtime    Last Run
----------------------------------  -----  ---------  --------  ----------  --------------  -------------------
/opt/airflow/dags/process_files.py                           0           1  0.06s           2022-07-14T23:01:28
================================================================================
[2022-07-14 23:02:24,505] {manager.py:809} INFO - 
================================================================================
DAG File Processing Stats

File Path                           PID    Runtime      # DAGs    # Errors  Last Runtime    Last Run
----------------------------------  -----  ---------  --------  ----------  --------------  -------------------
/opt/airflow/dags/process_files.py                           0           1  0.05s           2022-07-14T23:01:58
================================================================================
[2022-07-14 23:02:54,583] {manager.py:809} INFO - 
================================================================================
DAG File Processing Stats

File Path                           PID    Runtime      # DAGs    # Errors  Last Runtime    Last Run
----------------------------------  -----  ---------  --------  ----------  --------------  -------------------
/opt/airflow/dags/process_files.py                           0           1  0.06s           2022-07-14T23:02:28
================================================================================
[2022-07-14 23:03:24,672] {manager.py:809} INFO - 
================================================================================
DAG File Processing Stats

File Path                           PID    Runtime      # DAGs    # Errors  Last Runtime    Last Run
----------------------------------  -----  ---------  --------  ----------  --------------  -------------------
/opt/airflow/dags/process_files.py                           0           1  0.05s           2022-07-14T23:02:58
================================================================================
[2022-07-14 23:03:54,744] {manager.py:809} INFO - 
================================================================================
DAG File Processing Stats

File Path                           PID    Runtime      # DAGs    # Errors  Last Runtime    Last Run
----------------------------------  -----  ---------  --------  ----------  --------------  -------------------
/opt/airflow/dags/process_files.py                           0           1  0.05s           2022-07-14T23:03:28
================================================================================
[2022-07-14 23:04:24,831] {manager.py:809} INFO - 
================================================================================
DAG File Processing Stats

File Path                           PID    Runtime      # DAGs    # Errors  Last Runtime    Last Run
----------------------------------  -----  ---------  --------  ----------  --------------  -------------------
/opt/airflow/dags/process_files.py                           0           1  0.06s           2022-07-14T23:03:58
================================================================================
[2022-07-14 23:04:54,909] {manager.py:809} INFO - 
================================================================================
DAG File Processing Stats

File Path                           PID    Runtime      # DAGs    # Errors  Last Runtime    Last Run
----------------------------------  -----  ---------  --------  ----------  --------------  -------------------
/opt/airflow/dags/process_files.py                           0           1  0.05s           2022-07-14T23:04:28
================================================================================
[2022-07-14 23:05:24,990] {manager.py:809} INFO - 
================================================================================
DAG File Processing Stats

File Path                           PID    Runtime      # DAGs    # Errors  Last Runtime    Last Run
----------------------------------  -----  ---------  --------  ----------  --------------  -------------------
/opt/airflow/dags/process_files.py                           0           1  0.05s           2022-07-14T23:04:58
================================================================================
[2022-07-14 23:05:55,072] {manager.py:809} INFO - 
================================================================================
DAG File Processing Stats

File Path                           PID    Runtime      # DAGs    # Errors  Last Runtime    Last Run
----------------------------------  -----  ---------  --------  ----------  --------------  -------------------
/opt/airflow/dags/process_files.py                           0           1  0.07s           2022-07-14T23:05:29
================================================================================
[2022-07-14 23:06:15,152] {manager.py:690} INFO - Searching for files in /opt/airflow/dags
[2022-07-14 23:06:15,153] {manager.py:693} INFO - There are 1 files in /opt/airflow/dags
[2022-07-14 23:06:25,189] {manager.py:809} INFO - 
================================================================================
DAG File Processing Stats

File Path                           PID    Runtime      # DAGs    # Errors  Last Runtime    Last Run
----------------------------------  -----  ---------  --------  ----------  --------------  -------------------
/opt/airflow/dags/process_files.py                           0           1  0.05s           2022-07-14T23:05:59
================================================================================
[2022-07-14 23:06:55,349] {manager.py:809} INFO - 
================================================================================
DAG File Processing Stats

File Path                           PID    Runtime      # DAGs    # Errors  Last Runtime    Last Run
----------------------------------  -----  ---------  --------  ----------  --------------  -------------------
/opt/airflow/dags/process_files.py                           0           1  0.06s           2022-07-14T23:06:38
================================================================================
[2022-07-14 23:07:25,418] {manager.py:809} INFO - 
================================================================================
DAG File Processing Stats

File Path                           PID    Runtime      # DAGs    # Errors  Last Runtime    Last Run
----------------------------------  -----  ---------  --------  ----------  --------------  -------------------
/opt/airflow/dags/process_files.py                           0           1  0.05s           2022-07-14T23:07:08
================================================================================
[2022-07-14 23:07:55,530] {manager.py:809} INFO - 
================================================================================
DAG File Processing Stats

File Path                           PID    Runtime      # DAGs    # Errors  Last Runtime    Last Run
----------------------------------  -----  ---------  --------  ----------  --------------  -------------------
/opt/airflow/dags/process_files.py                           1           0  0.18s           2022-07-14T23:07:40
================================================================================
[2022-07-14 23:08:25,740] {manager.py:809} INFO - 
================================================================================
DAG File Processing Stats

File Path                           PID    Runtime      # DAGs    # Errors  Last Runtime    Last Run
----------------------------------  -----  ---------  --------  ----------  --------------  -------------------
/opt/airflow/dags/process_files.py                           1           0  0.11s           2022-07-14T23:08:10
================================================================================
[2022-07-14 23:08:55,896] {manager.py:809} INFO - 
================================================================================
DAG File Processing Stats

File Path                           PID    Runtime      # DAGs    # Errors  Last Runtime    Last Run
----------------------------------  -----  ---------  --------  ----------  --------------  -------------------
/opt/airflow/dags/process_files.py                           1           0  0.13s           2022-07-14T23:08:40
================================================================================
[2022-07-14 23:09:26,069] {manager.py:809} INFO - 
================================================================================
DAG File Processing Stats

File Path                           PID    Runtime      # DAGs    # Errors  Last Runtime    Last Run
----------------------------------  -----  ---------  --------  ----------  --------------  -------------------
/opt/airflow/dags/process_files.py                           1           0  0.10s           2022-07-14T23:09:11
================================================================================
[2022-07-14 23:09:56,215] {manager.py:809} INFO - 
================================================================================
DAG File Processing Stats

File Path                           PID    Runtime      # DAGs    # Errors  Last Runtime    Last Run
----------------------------------  -----  ---------  --------  ----------  --------------  -------------------
/opt/airflow/dags/process_files.py                           1           0  0.11s           2022-07-14T23:09:41
================================================================================
[2022-07-14 23:10:26,371] {manager.py:809} INFO - 
================================================================================
DAG File Processing Stats

File Path                           PID    Runtime      # DAGs    # Errors  Last Runtime    Last Run
----------------------------------  -----  ---------  --------  ----------  --------------  -------------------
/opt/airflow/dags/process_files.py                           1           0  0.12s           2022-07-14T23:10:11
================================================================================
[2022-07-14 23:10:56,533] {manager.py:809} INFO - 
================================================================================
DAG File Processing Stats

File Path                           PID    Runtime      # DAGs    # Errors  Last Runtime    Last Run
----------------------------------  -----  ---------  --------  ----------  --------------  -------------------
/opt/airflow/dags/process_files.py                           1           0  0.12s           2022-07-14T23:10:41
================================================================================
