[2022-07-16 19:41:49,488] {taskinstance.py:1179} INFO - Dependencies all met for <TaskInstance: process_files.download manual__2022-07-16T19:41:34.076708+00:00 [queued]>
[2022-07-16 19:41:49,497] {taskinstance.py:1179} INFO - Dependencies all met for <TaskInstance: process_files.download manual__2022-07-16T19:41:34.076708+00:00 [queued]>
[2022-07-16 19:41:49,497] {taskinstance.py:1376} INFO - 
--------------------------------------------------------------------------------
[2022-07-16 19:41:49,497] {taskinstance.py:1377} INFO - Starting attempt 1 of 1
[2022-07-16 19:41:49,498] {taskinstance.py:1378} INFO - 
--------------------------------------------------------------------------------
[2022-07-16 19:41:49,513] {taskinstance.py:1397} INFO - Executing <Task(PythonOperator): download> on 2022-07-16 19:41:34.076708+00:00
[2022-07-16 19:41:49,520] {standard_task_runner.py:52} INFO - Started process 3452 to run task
[2022-07-16 19:41:49,522] {standard_task_runner.py:79} INFO - Running: ['***', 'tasks', 'run', 'process_files', 'download', 'manual__2022-07-16T19:41:34.076708+00:00', '--job-id', '31', '--raw', '--subdir', 'DAGS_FOLDER/process_files.py', '--cfg-path', '/tmp/tmpal0tggnz', '--error-file', '/tmp/tmpfhjq5j4y']
[2022-07-16 19:41:49,522] {standard_task_runner.py:80} INFO - Job 31: Subtask download
[2022-07-16 19:41:49,573] {task_command.py:371} INFO - Running <TaskInstance: process_files.download manual__2022-07-16T19:41:34.076708+00:00 [running]> on host 98d7be6daedb
[2022-07-16 19:41:49,636] {taskinstance.py:1591} INFO - Exporting the following env vars:
AIRFLOW_CTX_DAG_OWNER=***
AIRFLOW_CTX_DAG_ID=process_files
AIRFLOW_CTX_TASK_ID=download
AIRFLOW_CTX_EXECUTION_DATE=2022-07-16T19:41:34.076708+00:00
AIRFLOW_CTX_TRY_NUMBER=1
AIRFLOW_CTX_DAG_RUN_ID=manual__2022-07-16T19:41:34.076708+00:00
[2022-07-16 19:41:49,684] {python.py:173} INFO - Done. Returned value was: None
[2022-07-16 19:41:49,696] {taskinstance.py:1420} INFO - Marking task as SUCCESS. dag_id=process_files, task_id=download, execution_date=20220716T194134, start_date=20220716T194149, end_date=20220716T194149
[2022-07-16 19:41:49,733] {local_task_job.py:156} INFO - Task exited with return code 0
[2022-07-16 19:41:49,771] {local_task_job.py:273} INFO - 1 downstream tasks scheduled from follow-on schedule check
