[2022-07-16 19:00:25,030] {taskinstance.py:1179} INFO - Dependencies all met for <TaskInstance: process_files.setup_http_conn manual__2022-07-16T19:00:23.099526+00:00 [queued]>
[2022-07-16 19:00:25,039] {taskinstance.py:1179} INFO - Dependencies all met for <TaskInstance: process_files.setup_http_conn manual__2022-07-16T19:00:23.099526+00:00 [queued]>
[2022-07-16 19:00:25,039] {taskinstance.py:1376} INFO - 
--------------------------------------------------------------------------------
[2022-07-16 19:00:25,039] {taskinstance.py:1377} INFO - Starting attempt 1 of 1
[2022-07-16 19:00:25,039] {taskinstance.py:1378} INFO - 
--------------------------------------------------------------------------------
[2022-07-16 19:00:25,052] {taskinstance.py:1397} INFO - Executing <Task(BashOperator): setup_http_conn> on 2022-07-16 19:00:23.099526+00:00
[2022-07-16 19:00:25,059] {standard_task_runner.py:52} INFO - Started process 838 to run task
[2022-07-16 19:00:25,061] {standard_task_runner.py:79} INFO - Running: ['***', 'tasks', 'run', 'process_files', 'setup_http_conn', 'manual__2022-07-16T19:00:23.099526+00:00', '--job-id', '4', '--raw', '--subdir', 'DAGS_FOLDER/process_files.py', '--cfg-path', '/tmp/tmpxgrc7qw6', '--error-file', '/tmp/tmph7cppllh']
[2022-07-16 19:00:25,061] {standard_task_runner.py:80} INFO - Job 4: Subtask setup_http_conn
[2022-07-16 19:00:25,113] {task_command.py:371} INFO - Running <TaskInstance: process_files.setup_http_conn manual__2022-07-16T19:00:23.099526+00:00 [running]> on host 98d7be6daedb
[2022-07-16 19:00:25,173] {taskinstance.py:1591} INFO - Exporting the following env vars:
AIRFLOW_CTX_DAG_OWNER=***
AIRFLOW_CTX_DAG_ID=process_files
AIRFLOW_CTX_TASK_ID=setup_http_conn
AIRFLOW_CTX_EXECUTION_DATE=2022-07-16T19:00:23.099526+00:00
AIRFLOW_CTX_TRY_NUMBER=1
AIRFLOW_CTX_DAG_RUN_ID=manual__2022-07-16T19:00:23.099526+00:00
[2022-07-16 19:00:25,173] {subprocess.py:62} INFO - Tmp dir root location: 
 /tmp
[2022-07-16 19:00:25,174] {subprocess.py:74} INFO - Running command: ['bash', '-c', "\n*** connections add 'http_api'     --conn-type 'http'     --conn-host 'raw.githubusercontent.com/tadinve/EKG-Foundations/master/04A-postgress/' "]
[2022-07-16 19:00:25,186] {subprocess.py:85} INFO - Output:
[2022-07-16 19:00:29,779] {subprocess.py:92} INFO - [[34m2022-07-16 19:00:29,779[0m] {[34mproviders_manager.py:[0m218} INFO[0m - Optional provider feature disabled when importing '***.providers.google.leveldb.hooks.leveldb.LevelDBHook' from 'apache-***-providers-google' package[0m
[2022-07-16 19:00:30,745] {subprocess.py:92} INFO - Successfully added `conn_id`=http_api : http://:@raw.githubusercontent.com/tadinve/EKG-Foundations/master/04A-postgress/:
[2022-07-16 19:00:31,321] {subprocess.py:96} INFO - Command exited with return code 0
[2022-07-16 19:00:31,350] {taskinstance.py:1420} INFO - Marking task as SUCCESS. dag_id=process_files, task_id=setup_http_conn, execution_date=20220716T190023, start_date=20220716T190025, end_date=20220716T190031
[2022-07-16 19:00:31,385] {local_task_job.py:156} INFO - Task exited with return code 0
[2022-07-16 19:00:31,430] {local_task_job.py:273} INFO - 1 downstream tasks scheduled from follow-on schedule check
