[2022-07-16 19:39:43,865] {taskinstance.py:1179} INFO - Dependencies all met for <TaskInstance: process_files.is_postgres_file_available manual__2022-07-16T19:39:29.629585+00:00 [queued]>
[2022-07-16 19:39:43,874] {taskinstance.py:1179} INFO - Dependencies all met for <TaskInstance: process_files.is_postgres_file_available manual__2022-07-16T19:39:29.629585+00:00 [queued]>
[2022-07-16 19:39:43,874] {taskinstance.py:1376} INFO - 
--------------------------------------------------------------------------------
[2022-07-16 19:39:43,874] {taskinstance.py:1377} INFO - Starting attempt 1 of 1
[2022-07-16 19:39:43,874] {taskinstance.py:1378} INFO - 
--------------------------------------------------------------------------------
[2022-07-16 19:39:43,886] {taskinstance.py:1397} INFO - Executing <Task(HttpSensor): is_postgres_file_available> on 2022-07-16 19:39:29.629585+00:00
[2022-07-16 19:39:43,893] {standard_task_runner.py:52} INFO - Started process 3271 to run task
[2022-07-16 19:39:43,895] {standard_task_runner.py:79} INFO - Running: ['***', 'tasks', 'run', 'process_files', 'is_postgres_file_available', 'manual__2022-07-16T19:39:29.629585+00:00', '--job-id', '26', '--raw', '--subdir', 'DAGS_FOLDER/process_files.py', '--cfg-path', '/tmp/tmp8ynlxj2j', '--error-file', '/tmp/tmpldhp6utx']
[2022-07-16 19:39:43,895] {standard_task_runner.py:80} INFO - Job 26: Subtask is_postgres_file_available
[2022-07-16 19:39:43,945] {task_command.py:371} INFO - Running <TaskInstance: process_files.is_postgres_file_available manual__2022-07-16T19:39:29.629585+00:00 [running]> on host 98d7be6daedb
[2022-07-16 19:39:44,010] {taskinstance.py:1591} INFO - Exporting the following env vars:
AIRFLOW_CTX_DAG_OWNER=***
AIRFLOW_CTX_DAG_ID=process_files
AIRFLOW_CTX_TASK_ID=is_postgres_file_available
AIRFLOW_CTX_EXECUTION_DATE=2022-07-16T19:39:29.629585+00:00
AIRFLOW_CTX_TRY_NUMBER=1
AIRFLOW_CTX_DAG_RUN_ID=manual__2022-07-16T19:39:29.629585+00:00
[2022-07-16 19:39:44,010] {http.py:97} INFO - Poking: create_world.sql
[2022-07-16 19:39:44,019] {base.py:68} INFO - Using connection ID 'http_api' for task execution.
[2022-07-16 19:39:44,020] {http.py:129} INFO - Sending 'GET' to url: http://raw.githubusercontent.com/tadinve/EKG-Foundations/master/04A-postgress/create_world.sql
[2022-07-16 19:39:44,092] {base.py:301} INFO - Success criteria met. Exiting.
[2022-07-16 19:39:44,105] {taskinstance.py:1420} INFO - Marking task as SUCCESS. dag_id=process_files, task_id=is_postgres_file_available, execution_date=20220716T193929, start_date=20220716T193943, end_date=20220716T193944
[2022-07-16 19:39:44,146] {local_task_job.py:156} INFO - Task exited with return code 0
[2022-07-16 19:39:44,189] {local_task_job.py:273} INFO - 1 downstream tasks scheduled from follow-on schedule check
