[2022-07-16 19:05:49,035] {taskinstance.py:1179} INFO - Dependencies all met for <TaskInstance: process_files.setup_http_conn manual__2022-07-16T19:05:47.374925+00:00 [queued]>
[2022-07-16 19:05:49,043] {taskinstance.py:1179} INFO - Dependencies all met for <TaskInstance: process_files.setup_http_conn manual__2022-07-16T19:05:47.374925+00:00 [queued]>
[2022-07-16 19:05:49,043] {taskinstance.py:1376} INFO - 
--------------------------------------------------------------------------------
[2022-07-16 19:05:49,043] {taskinstance.py:1377} INFO - Starting attempt 1 of 1
[2022-07-16 19:05:49,043] {taskinstance.py:1378} INFO - 
--------------------------------------------------------------------------------
[2022-07-16 19:05:49,055] {taskinstance.py:1397} INFO - Executing <Task(BashOperator): setup_http_conn> on 2022-07-16 19:05:47.374925+00:00
[2022-07-16 19:05:49,061] {standard_task_runner.py:52} INFO - Started process 1115 to run task
[2022-07-16 19:05:49,063] {standard_task_runner.py:79} INFO - Running: ['***', 'tasks', 'run', 'process_files', 'setup_http_conn', 'manual__2022-07-16T19:05:47.374925+00:00', '--job-id', '6', '--raw', '--subdir', 'DAGS_FOLDER/process_files.py', '--cfg-path', '/tmp/tmpvt1cb4z2', '--error-file', '/tmp/tmpw4ss6c4g']
[2022-07-16 19:05:49,063] {standard_task_runner.py:80} INFO - Job 6: Subtask setup_http_conn
[2022-07-16 19:05:49,111] {task_command.py:371} INFO - Running <TaskInstance: process_files.setup_http_conn manual__2022-07-16T19:05:47.374925+00:00 [running]> on host 98d7be6daedb
[2022-07-16 19:05:49,170] {taskinstance.py:1591} INFO - Exporting the following env vars:
AIRFLOW_CTX_DAG_OWNER=***
AIRFLOW_CTX_DAG_ID=process_files
AIRFLOW_CTX_TASK_ID=setup_http_conn
AIRFLOW_CTX_EXECUTION_DATE=2022-07-16T19:05:47.374925+00:00
AIRFLOW_CTX_TRY_NUMBER=1
AIRFLOW_CTX_DAG_RUN_ID=manual__2022-07-16T19:05:47.374925+00:00
[2022-07-16 19:05:49,171] {subprocess.py:62} INFO - Tmp dir root location: 
 /tmp
[2022-07-16 19:05:49,171] {subprocess.py:74} INFO - Running command: ['bash', '-c', "\n*** connections add 'http_api'     --conn-type 'http'     --conn-host 'raw.githubusercontent.com/tadinve/EKG-Foundations/master/04A-postgress/' "]
[2022-07-16 19:05:49,182] {subprocess.py:85} INFO - Output:
[2022-07-16 19:05:52,336] {subprocess.py:92} INFO - [[34m2022-07-16 19:05:52,335[0m] {[34mproviders_manager.py:[0m218} INFO[0m - Optional provider feature disabled when importing '***.providers.google.leveldb.hooks.leveldb.LevelDBHook' from 'apache-***-providers-google' package[0m
[2022-07-16 19:05:52,561] {subprocess.py:92} INFO - A connection with `conn_id`=http_api already exists.
[2022-07-16 19:05:53,099] {subprocess.py:96} INFO - Command exited with return code 1
[2022-07-16 19:05:53,115] {taskinstance.py:1909} ERROR - Task failed with exception
Traceback (most recent call last):
  File "/home/airflow/.local/lib/python3.7/site-packages/airflow/operators/bash.py", line 195, in execute
    f'Bash command failed. The command returned a non-zero exit code {result.exit_code}.'
airflow.exceptions.AirflowException: Bash command failed. The command returned a non-zero exit code 1.
[2022-07-16 19:05:53,117] {taskinstance.py:1420} INFO - Marking task as FAILED. dag_id=process_files, task_id=setup_http_conn, execution_date=20220716T190547, start_date=20220716T190549, end_date=20220716T190553
[2022-07-16 19:05:53,128] {standard_task_runner.py:97} ERROR - Failed to execute job 6 for task setup_http_conn (Bash command failed. The command returned a non-zero exit code 1.; 1115)
[2022-07-16 19:05:53,161] {local_task_job.py:156} INFO - Task exited with return code 1
[2022-07-16 19:05:53,200] {local_task_job.py:273} INFO - 0 downstream tasks scheduled from follow-on schedule check
